
=== Running Python Performance Benchmarks ===

--- tests/performance.py ---

======================================================================
BWT Performance Benchmark - Canterbury Corpus (Python)
======================================================================
Dataset Directory: data/canterbury_corpus
Number of trials per test: 5
Scanning directory: data/canterbury_corpus
Found 11 files
Testing 5 block sizes
Total test cases: 55
======================================================================

[1/55] Running: alice29.txt (block size: 512 B)

======================================================================
Test: alice29.txt
Block Size: 512 B
Input Size: 148.52 KB
Output Size: 148.82 KB
Compression Ratio: 1.0020
----------------------------------------------------------------------
Trials: 5
----------------------------------------------------------------------
Forward BWT:
  Mean:   51.2731 ms ± 587.0323 μs
  Min:    50.7338 ms
  Max:    52.2764 ms

Inverse BWT:
  Mean:   28.2220 ms ± 251.7838 μs
  Min:    27.8573 ms
  Max:    28.5667 ms

Total Roundtrip:
  Mean:   79.4952 ms ± 646.3408 μs
  Min:    78.9366 ms
  Max:    80.5354 ms

Throughput: 1.82 MB/s
======================================================================

[2/55] Running: alice29.txt (block size: 1.00 KB)

======================================================================
Test: alice29.txt
Block Size: 1.00 KB
Input Size: 148.52 KB
Output Size: 148.67 KB
Compression Ratio: 1.0010
----------------------------------------------------------------------
Trials: 5
----------------------------------------------------------------------
Forward BWT:
  Mean:   58.3406 ms ± 629.9780 μs
  Min:    57.6663 ms
  Max:    59.3111 ms

Inverse BWT:
  Mean:   27.7592 ms ± 287.3011 μs
  Min:    27.3529 ms
  Max:    28.0346 ms

Total Roundtrip:
  Mean:   86.0998 ms ± 849.3480 μs
  Min:    85.0192 ms
  Max:    87.3218 ms

Throughput: 1.68 MB/s
======================================================================

[3/55] Running: alice29.txt (block size: 4.00 KB)

======================================================================
Test: alice29.txt
Block Size: 4.00 KB
Input Size: 148.52 KB
Output Size: 148.56 KB
Compression Ratio: 1.0002
----------------------------------------------------------------------
Trials: 5
----------------------------------------------------------------------
Forward BWT:
  Mean:   112.6185 ms ± 46.8721 ms
  Min:    90.5577 ms
  Max:    196.4515 ms

Inverse BWT:
  Mean:   28.0483 ms ± 352.4475 μs
  Min:    27.6750 ms
  Max:    28.5099 ms

Total Roundtrip:
  Mean:   140.6668 ms ± 47.1328 ms
  Min:    118.3775 ms
  Max:    224.9614 ms

Throughput: 1.03 MB/s
======================================================================

[4/55] Running: alice29.txt (block size: 16.00 KB)

======================================================================
Test: alice29.txt
Block Size: 16.00 KB
Input Size: 148.52 KB
Output Size: 148.53 KB
Compression Ratio: 1.0001
----------------------------------------------------------------------
Trials: 5
----------------------------------------------------------------------
Forward BWT:
  Mean:   233.2173 ms ± 31.4453 ms
  Min:    218.0750 ms
  Max:    289.4535 ms

Inverse BWT:
  Mean:   28.0423 ms ± 33.4749 μs
  Min:    28.0086 ms
  Max:    28.0844 ms

Total Roundtrip:
  Mean:   261.2596 ms ± 31.4690 ms
  Min:    246.1119 ms
  Max:    317.5380 ms

Throughput: 0.56 MB/s
======================================================================

[5/55] Running: alice29.txt (block size: 64.00 KB)

======================================================================
Test: alice29.txt
Block Size: 64.00 KB
Input Size: 148.52 KB
Output Size: 148.53 KB
Compression Ratio: 1.0000
----------------------------------------------------------------------
Trials: 5
----------------------------------------------------------------------
Forward BWT:
  Mean:   4.5725 s ± 1.1940 s
  Min:    3.0847 s
  Max:    5.9156 s

Inverse BWT:
  Mean:   32.4343 ms ± 1.0585 ms
  Min:    30.7462 ms
  Max:    33.4990 ms

Total Roundtrip:
  Mean:   4.6049 s ± 1.1948 s
  Min:    3.1154 s
  Max:    5.9491 s

Throughput: 0.03 MB/s
======================================================================

[6/55] Running: asyoulik.txt (block size: 512 B)

======================================================================
Test: asyoulik.txt
Block Size: 512 B
Input Size: 122.25 KB
Output Size: 122.48 KB
Compression Ratio: 1.0020
----------------------------------------------------------------------
Trials: 5
----------------------------------------------------------------------
Forward BWT:
  Mean:   52.4498 ms ± 12.8027 ms
  Min:    42.9110 ms
  Max:    74.4979 ms

Inverse BWT:
  Mean:   24.1092 ms ± 345.4905 μs
  Min:    23.6976 ms
  Max:    24.5942 ms

Total Roundtrip:
  Mean:   76.5590 ms ± 12.9657 ms
  Min:    66.8439 ms
  Max:    98.7936 ms

Throughput: 1.56 MB/s
======================================================================

[7/55] Running: asyoulik.txt (block size: 1.00 KB)

======================================================================
Test: asyoulik.txt
Block Size: 1.00 KB
Input Size: 122.25 KB
Output Size: 122.37 KB
Compression Ratio: 1.0010
----------------------------------------------------------------------
Trials: 5
----------------------------------------------------------------------
Forward BWT:
  Mean:   65.2686 ms ± 21.3293 ms
  Min:    50.4312 ms
  Max:    102.3046 ms

Inverse BWT:
  Mean:   28.9585 ms ± 6.9710 ms
  Min:    23.3086 ms
  Max:    40.4932 ms

Total Roundtrip:
  Mean:   94.2271 ms ± 27.6548 ms
  Min:    73.7398 ms
  Max:    142.7978 ms

Throughput: 1.27 MB/s
======================================================================

[8/55] Running: asyoulik.txt (block size: 4.00 KB)

======================================================================
Test: asyoulik.txt
Block Size: 4.00 KB
Input Size: 122.25 KB
Output Size: 122.28 KB
Compression Ratio: 1.0002
----------------------------------------------------------------------
Trials: 5
----------------------------------------------------------------------
Forward BWT:
  Mean:   92.1356 ms ± 15.6856 ms
  Min:    80.2796 ms
  Max:    118.6198 ms

Inverse BWT:
  Mean:   24.1256 ms ± 1.2569 ms
  Min:    23.1648 ms
  Max:    26.3102 ms

Total Roundtrip:
  Mean:   116.2613 ms ± 16.8350 ms
  Min:    104.2730 ms
  Max:    144.9300 ms

Throughput: 1.03 MB/s
======================================================================

[9/55] Running: asyoulik.txt (block size: 16.00 KB)

======================================================================
Test: asyoulik.txt
Block Size: 16.00 KB
Input Size: 122.25 KB
Output Size: 122.25 KB
Compression Ratio: 1.0001
----------------------------------------------------------------------
Trials: 5
----------------------------------------------------------------------
Forward BWT:
  Mean:   291.4287 ms ± 101.5614 ms
  Min:    208.4502 ms
  Max:    410.5019 ms

Inverse BWT:
  Mean:   31.4958 ms ± 13.4095 ms
  Min:    23.9687 ms
  Max:    55.4295 ms

Total Roundtrip:
  Mean:   322.9245 ms ± 109.9965 ms
  Min:    232.4189 ms
  Max:    449.4243 ms

Throughput: 0.37 MB/s
======================================================================

[10/55] Running: asyoulik.txt (block size: 64.00 KB)

======================================================================
Test: asyoulik.txt
Block Size: 64.00 KB
Input Size: 122.25 KB
Output Size: 122.25 KB
Compression Ratio: 1.0000
----------------------------------------------------------------------
Trials: 5
----------------------------------------------------------------------
Forward BWT:
  Mean:   1.5445 s ± 952.0930 ms
  Min:    686.0351 ms
  Max:    2.5731 s

Inverse BWT:
  Mean:   23.7333 ms ± 1.2847 ms
  Min:    22.6055 ms
  Max:    25.8120 ms

Total Roundtrip:
  Mean:   1.5682 s ± 953.1963 ms
  Min:    708.6407 ms
  Max:    2.5971 s

Throughput: 0.08 MB/s
======================================================================

[11/55] Running: cp.html (block size: 512 B)

======================================================================
Test: cp.html
Block Size: 512 B
Input Size: 24.03 KB
Output Size: 24.07 KB
Compression Ratio: 1.0020
----------------------------------------------------------------------
Trials: 5
----------------------------------------------------------------------
Forward BWT:
  Mean:   12.5333 ms ± 5.0255 ms
  Min:    9.5230 ms
  Max:    21.2583 ms

Inverse BWT:
  Mean:   5.6700 ms ± 1.0964 ms
  Min:    4.8549 ms
  Max:    7.4087 ms

Total Roundtrip:
  Mean:   18.2033 ms ± 5.2951 ms
  Min:    14.5297 ms
  Max:    27.3617 ms

Throughput: 1.29 MB/s
======================================================================

[12/55] Running: cp.html (block size: 1.00 KB)

======================================================================
Test: cp.html
Block Size: 1.00 KB
Input Size: 24.03 KB
Output Size: 24.05 KB
Compression Ratio: 1.0010
----------------------------------------------------------------------
Trials: 5
----------------------------------------------------------------------
Forward BWT:
  Mean:   14.5180 ms ± 8.3928 ms
  Min:    9.5216 ms
  Max:    29.1784 ms

Inverse BWT:
  Mean:   17.3333 ms ± 28.1192 ms
  Min:    4.5581 ms
  Max:    67.6316 ms

Total Roundtrip:
  Mean:   31.8513 ms ± 29.0011 ms
  Min:    14.0864 ms
  Max:    81.5512 ms

Throughput: 0.74 MB/s
======================================================================

[13/55] Running: cp.html (block size: 4.00 KB)

======================================================================
Test: cp.html
Block Size: 4.00 KB
Input Size: 24.03 KB
Output Size: 24.03 KB
Compression Ratio: 1.0003
----------------------------------------------------------------------
Trials: 5
----------------------------------------------------------------------
Forward BWT:
  Mean:   17.2157 ms ± 1.5343 ms
  Min:    16.1398 ms
  Max:    19.8301 ms

Inverse BWT:
  Mean:   5.0032 ms ± 1.0239 ms
  Min:    4.4932 ms
  Max:    6.8324 ms

Total Roundtrip:
  Mean:   22.2189 ms ± 2.5348 ms
  Min:    20.6613 ms
  Max:    26.6625 ms

Throughput: 1.06 MB/s
======================================================================

[14/55] Running: cp.html (block size: 16.00 KB)

======================================================================
Test: cp.html
Block Size: 16.00 KB
Input Size: 24.03 KB
Output Size: 24.03 KB
Compression Ratio: 1.0001
----------------------------------------------------------------------
Trials: 5
----------------------------------------------------------------------
Forward BWT:
  Mean:   117.2110 ms ± 168.9235 ms
  Min:    37.5821 ms
  Max:    419.3178 ms

Inverse BWT:
  Mean:   12.4511 ms ± 8.4588 ms
  Min:    4.8700 ms
  Max:    25.0270 ms

Total Roundtrip:
  Mean:   129.6621 ms ± 171.5839 ms
  Min:    43.0404 ms
  Max:    435.9052 ms

Throughput: 0.18 MB/s
======================================================================

[15/55] Running: cp.html (block size: 64.00 KB)

======================================================================
Test: cp.html
Block Size: 64.00 KB
Input Size: 24.03 KB
Output Size: 24.03 KB
Compression Ratio: 1.0000
----------------------------------------------------------------------
Trials: 5
----------------------------------------------------------------------
Forward BWT:
  Mean:   145.7161 ms ± 133.3367 ms
  Min:    70.6129 ms
  Max:    378.6116 ms

Inverse BWT:
  Mean:   4.9323 ms ± 375.9487 μs
  Min:    4.5945 ms
  Max:    5.5730 ms

Total Roundtrip:
  Mean:   150.6484 ms ± 133.6834 ms
  Min:    75.4813 ms
  Max:    384.1846 ms

Throughput: 0.16 MB/s
======================================================================

[16/55] Running: fields.c (block size: 512 B)

======================================================================
Test: fields.c
Block Size: 512 B
Input Size: 10.89 KB
Output Size: 10.91 KB
Compression Ratio: 1.0020
----------------------------------------------------------------------
Trials: 5
----------------------------------------------------------------------
Forward BWT:
  Mean:   4.0767 ms ± 252.8338 μs
  Min:    3.8324 ms
  Max:    4.4504 ms

Inverse BWT:
  Mean:   2.2527 ms ± 87.3766 μs
  Min:    2.1638 ms
  Max:    2.3831 ms

Total Roundtrip:
  Mean:   6.3295 ms ± 314.4851 μs
  Min:    6.0132 ms
  Max:    6.7170 ms

Throughput: 1.68 MB/s
======================================================================

[17/55] Running: fields.c (block size: 1.00 KB)

======================================================================
Test: fields.c
Block Size: 1.00 KB
Input Size: 10.89 KB
Output Size: 10.90 KB
Compression Ratio: 1.0010
----------------------------------------------------------------------
Trials: 5
----------------------------------------------------------------------
Forward BWT:
  Mean:   4.5169 ms ± 200.7070 μs
  Min:    4.3549 ms
  Max:    4.8058 ms

Inverse BWT:
  Mean:   2.1517 ms ± 57.5914 μs
  Min:    2.0960 ms
  Max:    2.2389 ms

Total Roundtrip:
  Mean:   6.6687 ms ± 257.2377 μs
  Min:    6.4647 ms
  Max:    7.0447 ms

Throughput: 1.59 MB/s
======================================================================

[18/55] Running: fields.c (block size: 4.00 KB)

======================================================================
Test: fields.c
Block Size: 4.00 KB
Input Size: 10.89 KB
Output Size: 10.89 KB
Compression Ratio: 1.0003
----------------------------------------------------------------------
Trials: 5
----------------------------------------------------------------------
Forward BWT:
  Mean:   8.5238 ms ± 921.5324 μs
  Min:    7.7906 ms
  Max:    9.5438 ms

Inverse BWT:
  Mean:   2.0717 ms ± 162.4333 μs
  Min:    1.9198 ms
  Max:    2.2862 ms

Total Roundtrip:
  Mean:   10.5954 ms ± 1.0789 ms
  Min:    9.7486 ms
  Max:    11.8300 ms

Throughput: 1.00 MB/s
======================================================================

[19/55] Running: fields.c (block size: 16.00 KB)

======================================================================
Test: fields.c
Block Size: 16.00 KB
Input Size: 10.89 KB
Output Size: 10.89 KB
Compression Ratio: 1.0001
----------------------------------------------------------------------
Trials: 5
----------------------------------------------------------------------
Forward BWT:
  Mean:   19.0514 ms ± 11.8411 ms
  Min:    13.6547 ms
  Max:    40.2314 ms

Inverse BWT:
  Mean:   1.2392 ms ± 24.8157 μs
  Min:    1.1997 ms
  Max:    1.2609 ms

Total Roundtrip:
  Mean:   20.2905 ms ± 11.8369 ms
  Min:    14.8667 ms
  Max:    41.4627 ms

Throughput: 0.52 MB/s
======================================================================

[20/55] Running: fields.c (block size: 64.00 KB)

======================================================================
Test: fields.c
Block Size: 64.00 KB
Input Size: 10.89 KB
Output Size: 10.89 KB
Compression Ratio: 1.0001
----------------------------------------------------------------------
Trials: 5
----------------------------------------------------------------------
Forward BWT:
  Mean:   14.5336 ms ± 692.1459 μs
  Min:    13.5746 ms
  Max:    15.3874 ms

Inverse BWT:
  Mean:   1.2727 ms ± 65.8231 μs
  Min:    1.1917 ms
  Max:    1.3457 ms

Total Roundtrip:
  Mean:   15.8063 ms ± 753.6327 μs
  Min:    14.7663 ms
  Max:    16.7330 ms

Throughput: 0.67 MB/s
======================================================================

[21/55] Running: grammar.lsp (block size: 512 B)

======================================================================
Test: grammar.lsp
Block Size: 512 B
Input Size: 3.63 KB
Output Size: 3.64 KB
Compression Ratio: 1.0021
----------------------------------------------------------------------
Trials: 5
----------------------------------------------------------------------
Forward BWT:
  Mean:   1.3786 ms ± 117.7105 μs
  Min:    1.2981 ms
  Max:    1.5719 ms

Inverse BWT:
  Mean:   654.5502 μs ± 212.7521 μs
  Min:    529.5000 μs
  Max:    1.0325 ms

Total Roundtrip:
  Mean:   2.0332 ms ± 322.2339 μs
  Min:    1.8378 ms
  Max:    2.6044 ms

Throughput: 1.75 MB/s
======================================================================

[22/55] Running: grammar.lsp (block size: 1.00 KB)

======================================================================
Test: grammar.lsp
Block Size: 1.00 KB
Input Size: 3.63 KB
Output Size: 3.64 KB
Compression Ratio: 1.0011
----------------------------------------------------------------------
Trials: 5
----------------------------------------------------------------------
Forward BWT:
  Mean:   1.5793 ms ± 233.8034 μs
  Min:    1.4613 ms
  Max:    1.9960 ms

Inverse BWT:
  Mean:   527.0250 μs ± 37.2224 μs
  Min:    491.9170 μs
  Max:    587.8750 μs

Total Roundtrip:
  Mean:   2.1063 ms ± 234.6672 μs
  Min:    1.9591 ms
  Max:    2.5220 ms

Throughput: 1.68 MB/s
======================================================================

[23/55] Running: grammar.lsp (block size: 4.00 KB)

======================================================================
Test: grammar.lsp
Block Size: 4.00 KB
Input Size: 3.63 KB
Output Size: 3.63 KB
Compression Ratio: 1.0003
----------------------------------------------------------------------
Trials: 5
----------------------------------------------------------------------
Forward BWT:
  Mean:   3.1494 ms ± 754.0996 μs
  Min:    2.5709 ms
  Max:    4.4631 ms

Inverse BWT:
  Mean:   503.5082 μs ± 22.3883 μs
  Min:    478.9590 μs
  Max:    525.9580 μs

Total Roundtrip:
  Mean:   3.6529 ms ± 760.5913 μs
  Min:    3.0894 ms
  Max:    4.9774 ms

Throughput: 0.97 MB/s
======================================================================

[24/55] Running: grammar.lsp (block size: 16.00 KB)

======================================================================
Test: grammar.lsp
Block Size: 16.00 KB
Input Size: 3.63 KB
Output Size: 3.63 KB
Compression Ratio: 1.0003
----------------------------------------------------------------------
Trials: 5
----------------------------------------------------------------------
Forward BWT:
  Mean:   2.9710 ms ± 406.9780 μs
  Min:    2.6295 ms
  Max:    3.6542 ms

Inverse BWT:
  Mean:   518.9582 μs ± 32.4469 μs
  Min:    469.2080 μs
  Max:    551.9580 μs

Total Roundtrip:
  Mean:   3.4899 ms ± 411.0826 μs
  Min:    3.0987 ms
  Max:    4.1711 ms

Throughput: 1.02 MB/s
======================================================================

[25/55] Running: grammar.lsp (block size: 64.00 KB)

======================================================================
Test: grammar.lsp
Block Size: 64.00 KB
Input Size: 3.63 KB
Output Size: 3.63 KB
Compression Ratio: 1.0003
----------------------------------------------------------------------
Trials: 5
----------------------------------------------------------------------
Forward BWT:
  Mean:   2.7950 ms ± 227.1943 μs
  Min:    2.5840 ms
  Max:    3.0822 ms

Inverse BWT:
  Mean:   526.9668 μs ± 95.1823 μs
  Min:    464.8340 μs
  Max:    695.7910 μs

Total Roundtrip:
  Mean:   3.3219 ms ± 235.9412 μs
  Min:    3.0680 ms
  Max:    3.5773 ms

Throughput: 1.07 MB/s
======================================================================

[26/55] Running: kennedy.xls (block size: 512 B)

======================================================================
Test: kennedy.xls
Block Size: 512 B
Input Size: 1005.61 KB
Output Size: 1007.57 KB
Compression Ratio: 1.0020
----------------------------------------------------------------------
Trials: 5
----------------------------------------------------------------------
Forward BWT:
  Mean:   387.2463 ms ± 128.3604 ms
  Min:    323.9851 ms
  Max:    616.4191 ms

Inverse BWT:
  Mean:   190.3261 ms ± 16.6352 ms
  Min:    177.0987 ms
  Max:    217.5283 ms

Total Roundtrip:
  Mean:   577.5724 ms ± 143.7025 ms
  Min:    501.0838 ms
  Max:    833.9474 ms

Throughput: 1.70 MB/s
======================================================================

[27/55] Running: kennedy.xls (block size: 1.00 KB)

======================================================================
Test: kennedy.xls
Block Size: 1.00 KB
Input Size: 1005.61 KB
Output Size: 1006.59 KB
Compression Ratio: 1.0010
----------------------------------------------------------------------
Trials: 5
----------------------------------------------------------------------
Forward BWT:
  Mean:   375.9453 ms ± 7.2034 ms
  Min:    368.0593 ms
  Max:    385.9666 ms

Inverse BWT:
  Mean:   185.9610 ms ± 7.5499 ms
  Min:    180.8361 ms
  Max:    199.0280 ms

Total Roundtrip:
  Mean:   561.9063 ms ± 13.3761 ms
  Min:    550.5790 ms
  Max:    584.9947 ms

Throughput: 1.75 MB/s
======================================================================

[28/55] Running: kennedy.xls (block size: 4.00 KB)

======================================================================
Test: kennedy.xls
Block Size: 4.00 KB
Input Size: 1005.61 KB
Output Size: 1005.86 KB
Compression Ratio: 1.0002
----------------------------------------------------------------------
Trials: 5
----------------------------------------------------------------------
Forward BWT:
  Mean:   665.8479 ms ± 53.7791 ms
  Min:    610.1799 ms
  Max:    747.6653 ms

Inverse BWT:
  Mean:   137.4310 ms ± 1.2617 ms
  Min:    136.0281 ms
  Max:    138.8582 ms

Total Roundtrip:
  Mean:   803.2788 ms ± 54.4013 ms
  Min:    746.2080 ms
  Max:    885.0203 ms

Throughput: 1.22 MB/s
======================================================================

[29/55] Running: kennedy.xls (block size: 16.00 KB)

======================================================================
Test: kennedy.xls
Block Size: 16.00 KB
Input Size: 1005.61 KB
Output Size: 1005.67 KB
Compression Ratio: 1.0001
----------------------------------------------------------------------
Trials: 5
----------------------------------------------------------------------
Forward BWT:
  Mean:   1.8478 s ± 554.2672 ms
  Min:    1.4907 s
  Max:    2.8065 s

Inverse BWT:
  Mean:   111.1273 ms ± 6.1784 ms
  Min:    103.3950 ms
  Max:    118.5460 ms

Total Roundtrip:
  Mean:   1.9590 s ± 556.0075 ms
  Min:    1.5979 s
  Max:    2.9224 s

Throughput: 0.50 MB/s
======================================================================

[30/55] Running: kennedy.xls (block size: 64.00 KB)

======================================================================
Test: kennedy.xls
Block Size: 64.00 KB
Input Size: 1005.61 KB
Output Size: 1005.62 KB
Compression Ratio: 1.0000
----------------------------------------------------------------------
Trials: 5
----------------------------------------------------------------------
Forward BWT:
  Mean:   19.1562 s ± 8.8473 s
  Min:    6.7887 s
  Max:    28.6944 s

Inverse BWT:
  Mean:   105.4772 ms ± 2.2406 ms
  Min:    101.5318 ms
  Max:    106.7795 ms

Total Roundtrip:
  Mean:   19.2617 s ± 8.8492 s
  Min:    6.8903 s
  Max:    28.8011 s

Throughput: 0.05 MB/s
======================================================================

[31/55] Running: lcet10.txt (block size: 512 B)

======================================================================
Test: lcet10.txt
Block Size: 512 B
Input Size: 416.75 KB
Output Size: 417.57 KB
Compression Ratio: 1.0020
----------------------------------------------------------------------
Trials: 5
----------------------------------------------------------------------
Forward BWT:
  Mean:   153.8861 ms ± 14.9246 ms
  Min:    142.5424 ms
  Max:    178.5559 ms

Inverse BWT:
  Mean:   81.5632 ms ± 4.0534 ms
  Min:    78.2000 ms
  Max:    87.8620 ms

Total Roundtrip:
  Mean:   235.4493 ms ± 16.3695 ms
  Min:    220.7424 ms
  Max:    261.9348 ms

Throughput: 1.73 MB/s
======================================================================

[32/55] Running: lcet10.txt (block size: 1.00 KB)

======================================================================
Test: lcet10.txt
Block Size: 1.00 KB
Input Size: 416.75 KB
Output Size: 417.16 KB
Compression Ratio: 1.0010
----------------------------------------------------------------------
Trials: 5
----------------------------------------------------------------------
Forward BWT:
  Mean:   170.1365 ms ± 8.6402 ms
  Min:    162.4388 ms
  Max:    183.0532 ms

Inverse BWT:
  Mean:   92.7756 ms ± 35.0820 ms
  Min:    75.6379 ms
  Max:    155.4934 ms

Total Roundtrip:
  Mean:   262.9121 ms ± 42.6585 ms
  Min:    238.1679 ms
  Max:    338.5466 ms

Throughput: 1.55 MB/s
======================================================================

[33/55] Running: lcet10.txt (block size: 4.00 KB)

======================================================================
Test: lcet10.txt
Block Size: 4.00 KB
Input Size: 416.75 KB
Output Size: 416.85 KB
Compression Ratio: 1.0002
----------------------------------------------------------------------
Trials: 5
----------------------------------------------------------------------
Forward BWT:
  Mean:   273.9629 ms ± 32.2327 ms
  Min:    253.2222 ms
  Max:    330.5140 ms

Inverse BWT:
  Mean:   83.7463 ms ± 14.9164 ms
  Min:    73.7551 ms
  Max:    108.3767 ms

Total Roundtrip:
  Mean:   357.7091 ms ± 36.4061 ms
  Min:    327.7246 ms
  Max:    418.0247 ms

Throughput: 1.14 MB/s
======================================================================

[34/55] Running: lcet10.txt (block size: 16.00 KB)

======================================================================
Test: lcet10.txt
Block Size: 16.00 KB
Input Size: 416.75 KB
Output Size: 416.78 KB
Compression Ratio: 1.0001
----------------------------------------------------------------------
Trials: 5
----------------------------------------------------------------------
Forward BWT:
  Mean:   750.4984 ms ± 104.6208 ms
  Min:    638.0725 ms
  Max:    874.8698 ms

Inverse BWT:
  Mean:   74.5085 ms ± 4.1303 ms
  Min:    72.0777 ms
  Max:    81.8639 ms

Total Roundtrip:
  Mean:   825.0069 ms ± 105.9389 ms
  Min:    711.2265 ms
  Max:    947.6875 ms

Throughput: 0.49 MB/s
======================================================================

[35/55] Running: lcet10.txt (block size: 64.00 KB)

======================================================================
Test: lcet10.txt
Block Size: 64.00 KB
Input Size: 416.75 KB
Output Size: 416.76 KB
Compression Ratio: 1.0000
----------------------------------------------------------------------
Trials: 5
----------------------------------------------------------------------
Forward BWT:
  Mean:   4.9067 s ± 1.0353 s
  Min:    3.5233 s
  Max:    6.2317 s

Inverse BWT:
  Mean:   54.0696 ms ± 2.3031 ms
  Min:    52.1448 ms
  Max:    57.7477 ms

Total Roundtrip:
  Mean:   4.9608 s ± 1.0342 s
  Min:    3.5782 s
  Max:    6.2847 s

Throughput: 0.08 MB/s
======================================================================

[36/55] Running: plrabn12.txt (block size: 512 B)

======================================================================
Test: plrabn12.txt
Block Size: 512 B
Input Size: 470.57 KB
Output Size: 471.49 KB
Compression Ratio: 1.0020
----------------------------------------------------------------------
Trials: 5
----------------------------------------------------------------------
Forward BWT:
  Mean:   212.3483 ms ± 61.1049 ms
  Min:    164.1117 ms
  Max:    316.1462 ms

Inverse BWT:
  Mean:   152.2629 ms ± 77.6582 ms
  Min:    87.5344 ms
  Max:    267.1440 ms

Total Roundtrip:
  Mean:   364.6112 ms ± 117.6654 ms
  Min:    251.6461 ms
  Max:    510.6310 ms

Throughput: 1.26 MB/s
======================================================================

[37/55] Running: plrabn12.txt (block size: 1.00 KB)

======================================================================
Test: plrabn12.txt
Block Size: 1.00 KB
Input Size: 470.57 KB
Output Size: 471.03 KB
Compression Ratio: 1.0010
----------------------------------------------------------------------
Trials: 5
----------------------------------------------------------------------
Forward BWT:
  Mean:   233.0598 ms ± 104.7395 ms
  Min:    183.8960 ms
  Max:    420.3793 ms

Inverse BWT:
  Mean:   87.3609 ms ± 2.8795 ms
  Min:    85.0050 ms
  Max:    91.0030 ms

Total Roundtrip:
  Mean:   320.4207 ms ± 106.2555 ms
  Min:    268.9985 ms
  Max:    510.3213 ms

Throughput: 1.43 MB/s
======================================================================

[38/55] Running: plrabn12.txt (block size: 4.00 KB)

======================================================================
Test: plrabn12.txt
Block Size: 4.00 KB
Input Size: 470.57 KB
Output Size: 470.68 KB
Compression Ratio: 1.0002
----------------------------------------------------------------------
Trials: 5
----------------------------------------------------------------------
Forward BWT:
  Mean:   300.7194 ms ± 6.8014 ms
  Min:    293.2623 ms
  Max:    307.6299 ms

Inverse BWT:
  Mean:   86.4015 ms ± 2.0046 ms
  Min:    84.8024 ms
  Max:    89.7441 ms

Total Roundtrip:
  Mean:   387.1209 ms ± 7.1169 ms
  Min:    378.8891 ms
  Max:    393.4857 ms

Throughput: 1.19 MB/s
======================================================================

[39/55] Running: plrabn12.txt (block size: 16.00 KB)

======================================================================
Test: plrabn12.txt
Block Size: 16.00 KB
Input Size: 470.57 KB
Output Size: 470.60 KB
Compression Ratio: 1.0001
----------------------------------------------------------------------
Trials: 5
----------------------------------------------------------------------
Forward BWT:
  Mean:   811.6916 ms ± 221.4823 ms
  Min:    710.9552 ms
  Max:    1.2079 s

Inverse BWT:
  Mean:   85.2372 ms ± 977.0287 μs
  Min:    84.3799 ms
  Max:    86.8605 ms

Total Roundtrip:
  Mean:   896.9288 ms ± 222.3906 ms
  Min:    795.3351 ms
  Max:    1.2947 s

Throughput: 0.51 MB/s
======================================================================

[40/55] Running: plrabn12.txt (block size: 64.00 KB)

======================================================================
Test: plrabn12.txt
Block Size: 64.00 KB
Input Size: 470.57 KB
Output Size: 470.58 KB
Compression Ratio: 1.0000
----------------------------------------------------------------------
Trials: 5
----------------------------------------------------------------------
Forward BWT:
  Mean:   6.4031 s ± 2.5639 s
  Min:    4.2635 s
  Max:    10.7748 s

Inverse BWT:
  Mean:   86.5802 ms ± 16.0183 ms
  Min:    78.0620 ms
  Max:    115.0260 ms

Total Roundtrip:
  Mean:   6.4897 s ± 2.5628 s
  Min:    4.3463 s
  Max:    10.8529 s

Throughput: 0.07 MB/s
======================================================================

[41/55] Running: ptt5 (block size: 512 B)

======================================================================
Test: ptt5
Block Size: 512 B
Input Size: 501.19 KB
Output Size: 502.17 KB
Compression Ratio: 1.0020
----------------------------------------------------------------------
Trials: 5
----------------------------------------------------------------------
Forward BWT:
  Mean:   147.9324 ms ± 2.0528 ms
  Min:    146.5572 ms
  Max:    151.4795 ms

Inverse BWT:
  Mean:   88.4389 ms ± 328.2893 μs
  Min:    88.2136 ms
  Max:    89.0084 ms

Total Roundtrip:
  Mean:   236.3713 ms ± 2.0279 ms
  Min:    234.9720 ms
  Max:    239.6931 ms

Throughput: 2.07 MB/s
======================================================================

[42/55] Running: ptt5 (block size: 1.00 KB)

======================================================================
Test: ptt5
Block Size: 1.00 KB
Input Size: 501.19 KB
Output Size: 501.68 KB
Compression Ratio: 1.0010
----------------------------------------------------------------------
Trials: 5
----------------------------------------------------------------------
Forward BWT:
  Mean:   171.2536 ms ± 8.2120 ms
  Min:    167.1359 ms
  Max:    185.9271 ms

Inverse BWT:
  Mean:   89.9954 ms ± 820.3580 μs
  Min:    89.3605 ms
  Max:    91.3804 ms

Total Roundtrip:
  Mean:   261.2491 ms ± 8.9848 ms
  Min:    256.6321 ms
  Max:    277.3075 ms

Throughput: 1.87 MB/s
======================================================================

[43/55] Running: ptt5 (block size: 4.00 KB)

======================================================================
Test: ptt5
Block Size: 4.00 KB
Input Size: 501.19 KB
Output Size: 501.31 KB
Compression Ratio: 1.0002
----------------------------------------------------------------------
Trials: 5
----------------------------------------------------------------------
Forward BWT:
  Mean:   341.0053 ms ± 106.5681 ms
  Min:    290.2523 ms
  Max:    531.5545 ms

Inverse BWT:
  Mean:   93.1278 ms ± 4.5678 ms
  Min:    90.0737 ms
  Max:    100.6633 ms

Total Roundtrip:
  Mean:   434.1331 ms ± 105.0283 ms
  Min:    380.6427 ms
  Max:    621.6282 ms

Throughput: 1.13 MB/s
======================================================================

[44/55] Running: ptt5 (block size: 16.00 KB)

======================================================================
Test: ptt5
Block Size: 16.00 KB
Input Size: 501.19 KB
Output Size: 501.22 KB
Compression Ratio: 1.0001
----------------------------------------------------------------------
Trials: 5
----------------------------------------------------------------------
Forward BWT:
  Mean:   825.6199 ms ± 87.9447 ms
  Min:    779.7801 ms
  Max:    982.5823 ms

Inverse BWT:
  Mean:   89.8603 ms ± 1.6068 ms
  Min:    88.4500 ms
  Max:    92.4975 ms

Total Roundtrip:
  Mean:   915.4802 ms ± 89.4361 ms
  Min:    869.4374 ms
  Max:    1.0751 s

Throughput: 0.53 MB/s
======================================================================

[45/55] Running: ptt5 (block size: 64.00 KB)

======================================================================
Test: ptt5
Block Size: 64.00 KB
Input Size: 501.19 KB
Output Size: 501.20 KB
Compression Ratio: 1.0000
----------------------------------------------------------------------
Trials: 5
----------------------------------------------------------------------
Forward BWT:
  Mean:   4.5227 s ± 583.8658 ms
  Min:    3.7947 s
  Max:    5.1159 s

Inverse BWT:
  Mean:   107.8931 ms ± 36.2830 ms
  Min:    90.4740 ms
  Max:    172.7590 ms

Total Roundtrip:
  Mean:   4.6306 s ± 604.2098 ms
  Min:    3.8882 s
  Max:    5.2886 s

Throughput: 0.11 MB/s
======================================================================

[46/55] Running: sum (block size: 512 B)

======================================================================
Test: sum
Block Size: 512 B
Input Size: 37.34 KB
Output Size: 37.42 KB
Compression Ratio: 1.0020
----------------------------------------------------------------------
Trials: 5
----------------------------------------------------------------------
Forward BWT:
  Mean:   14.2843 ms ± 1.6315 ms
  Min:    13.1788 ms
  Max:    17.1065 ms

Inverse BWT:
  Mean:   8.3265 ms ± 2.9028 ms
  Min:    6.5277 ms
  Max:    13.4296 ms

Total Roundtrip:
  Mean:   22.6108 ms ± 4.5062 ms
  Min:    19.7313 ms
  Max:    30.5361 ms

Throughput: 1.61 MB/s
======================================================================

[47/55] Running: sum (block size: 1.00 KB)

======================================================================
Test: sum
Block Size: 1.00 KB
Input Size: 37.34 KB
Output Size: 37.38 KB
Compression Ratio: 1.0010
----------------------------------------------------------------------
Trials: 5
----------------------------------------------------------------------
Forward BWT:
  Mean:   34.3879 ms ± 21.9291 ms
  Min:    17.4670 ms
  Max:    64.3773 ms

Inverse BWT:
  Mean:   9.6309 ms ± 4.1816 ms
  Min:    6.4613 ms
  Max:    16.4693 ms

Total Roundtrip:
  Mean:   44.0188 ms ± 25.2119 ms
  Min:    24.2997 ms
  Max:    75.1423 ms

Throughput: 0.83 MB/s
======================================================================

[48/55] Running: sum (block size: 4.00 KB)

======================================================================
Test: sum
Block Size: 4.00 KB
Input Size: 37.34 KB
Output Size: 37.35 KB
Compression Ratio: 1.0003
----------------------------------------------------------------------
Trials: 5
----------------------------------------------------------------------
Forward BWT:
  Mean:   26.5908 ms ± 3.7184 ms
  Min:    23.4935 ms
  Max:    32.9535 ms

Inverse BWT:
  Mean:   5.6973 ms ± 124.4956 μs
  Min:    5.5175 ms
  Max:    5.8053 ms

Total Roundtrip:
  Mean:   32.2881 ms ± 3.7502 ms
  Min:    29.2988 ms
  Max:    38.7290 ms

Throughput: 1.13 MB/s
======================================================================

[49/55] Running: sum (block size: 16.00 KB)

======================================================================
Test: sum
Block Size: 16.00 KB
Input Size: 37.34 KB
Output Size: 37.35 KB
Compression Ratio: 1.0001
----------------------------------------------------------------------
Trials: 5
----------------------------------------------------------------------
Forward BWT:
  Mean:   82.1114 ms ± 48.0545 ms
  Min:    59.0426 ms
  Max:    168.0360 ms

Inverse BWT:
  Mean:   4.6153 ms ± 1.3867 ms
  Min:    3.9834 ms
  Max:    7.0959 ms

Total Roundtrip:
  Mean:   86.7267 ms ± 47.7642 ms
  Min:    63.0388 ms
  Max:    172.0356 ms

Throughput: 0.42 MB/s
======================================================================

[50/55] Running: sum (block size: 64.00 KB)

======================================================================
Test: sum
Block Size: 64.00 KB
Input Size: 37.34 KB
Output Size: 37.34 KB
Compression Ratio: 1.0000
----------------------------------------------------------------------
Trials: 5
----------------------------------------------------------------------
Forward BWT:
  Mean:   158.7023 ms ± 24.7095 ms
  Min:    138.3792 ms
  Max:    199.8889 ms

Inverse BWT:
  Mean:   3.9865 ms ± 25.8573 μs
  Min:    3.9481 ms
  Max:    4.0127 ms

Total Roundtrip:
  Mean:   162.6888 ms ± 24.6986 ms
  Min:    142.3919 ms
  Max:    203.8688 ms

Throughput: 0.22 MB/s
======================================================================

[51/55] Running: xargs.1 (block size: 512 B)

======================================================================
Test: xargs.1
Block Size: 512 B
Input Size: 4.13 KB
Output Size: 4.14 KB
Compression Ratio: 1.0021
----------------------------------------------------------------------
Trials: 5
----------------------------------------------------------------------
Forward BWT:
  Mean:   1.6245 ms ± 94.4119 μs
  Min:    1.5512 ms
  Max:    1.7848 ms

Inverse BWT:
  Mean:   981.4584 μs ± 30.7214 μs
  Min:    946.1250 μs
  Max:    1.0189 ms

Total Roundtrip:
  Mean:   2.6059 ms ± 119.2049 μs
  Min:    2.4974 ms
  Max:    2.8037 ms

Throughput: 1.55 MB/s
======================================================================

[52/55] Running: xargs.1 (block size: 1.00 KB)

======================================================================
Test: xargs.1
Block Size: 1.00 KB
Input Size: 4.13 KB
Output Size: 4.13 KB
Compression Ratio: 1.0012
----------------------------------------------------------------------
Trials: 5
----------------------------------------------------------------------
Forward BWT:
  Mean:   1.8657 ms ± 88.8048 μs
  Min:    1.7540 ms
  Max:    1.9915 ms

Inverse BWT:
  Mean:   970.2084 μs ± 17.9261 μs
  Min:    950.2910 μs
  Max:    987.7500 μs

Total Roundtrip:
  Mean:   2.8359 ms ± 99.3886 μs
  Min:    2.7058 ms
  Max:    2.9753 ms

Throughput: 1.42 MB/s
======================================================================

[53/55] Running: xargs.1 (block size: 4.00 KB)

======================================================================
Test: xargs.1
Block Size: 4.00 KB
Input Size: 4.13 KB
Output Size: 4.13 KB
Compression Ratio: 1.0005
----------------------------------------------------------------------
Trials: 5
----------------------------------------------------------------------
Forward BWT:
  Mean:   3.1344 ms ± 200.9158 μs
  Min:    2.9503 ms
  Max:    3.4220 ms

Inverse BWT:
  Mean:   1.0887 ms ± 73.0227 μs
  Min:    1.0085 ms
  Max:    1.2075 ms

Total Roundtrip:
  Mean:   4.2231 ms ± 264.1513 μs
  Min:    3.9698 ms
  Max:    4.6295 ms

Throughput: 0.95 MB/s
======================================================================

[54/55] Running: xargs.1 (block size: 16.00 KB)

======================================================================
Test: xargs.1
Block Size: 16.00 KB
Input Size: 4.13 KB
Output Size: 4.13 KB
Compression Ratio: 1.0002
----------------------------------------------------------------------
Trials: 5
----------------------------------------------------------------------
Forward BWT:
  Mean:   3.4564 ms ± 640.4481 μs
  Min:    3.0660 ms
  Max:    4.5510 ms

Inverse BWT:
  Mean:   1.1687 ms ± 150.7561 μs
  Min:    1.0328 ms
  Max:    1.3548 ms

Total Roundtrip:
  Mean:   4.6251 ms ± 735.0717 μs
  Min:    4.1005 ms
  Max:    5.9058 ms

Throughput: 0.87 MB/s
======================================================================

[55/55] Running: xargs.1 (block size: 64.00 KB)

======================================================================
Test: xargs.1
Block Size: 64.00 KB
Input Size: 4.13 KB
Output Size: 4.13 KB
Compression Ratio: 1.0002
----------------------------------------------------------------------
Trials: 5
----------------------------------------------------------------------
Forward BWT:
  Mean:   3.5628 ms ± 822.2872 μs
  Min:    3.0604 ms
  Max:    5.0103 ms

Inverse BWT:
  Mean:   1.0316 ms ± 12.2231 μs
  Min:    1.0178 ms
  Max:    1.0474 ms

Total Roundtrip:
  Mean:   4.5944 ms ± 815.8305 μs
  Min:    4.0887 ms
  Max:    6.0280 ms

Throughput: 0.88 MB/s
======================================================================

======================================================================
Performance Benchmark Complete!
Total tests completed: 55

======================================================================
Aggregate Statistics by Block Size (Entire Dataset)
======================================================================
Block Size  Total Size     Total Time     Throughput        Comp. Ratio 
------------------------------------------------------------------------
512 B       2.68 MB        1.6218 s       1.65 MB/s         1.0020
1.00 KB     2.68 MB        1.6743 s       1.60 MB/s         1.0010
4.00 KB     2.68 MB        2.3121 s       1.16 MB/s         1.0002
16.00 KB    2.68 MB        5.4254 s       0.49 MB/s         1.0001
64.00 KB    2.68 MB        41.8530 s      0.06 MB/s         1.0000
======================================================================
