
=== Running Performance Benchmarks ===

--- build/performance ---

======================================================================
BWT Performance Benchmark
======================================================================
Dataset Directory: data/canterbury_corpus
Number of trials per test: 5
Scanning directory: data/canterbury_corpus
Found 11 files
Testing 5 block sizes
Total test cases: 55
======================================================================

[1/55] Running: alice29.txt (block size: 512 B)

======================================================================
Test: alice29.txt
Block Size: 512 B
Input Size: 148.52 KB
Output Size: 148.82 KB
Compression Ratio: 1.0020
----------------------------------------------------------------------
Trials: 5
----------------------------------------------------------------------
Forward BWT:
  Mean:   29.8284 ms ± 843.5787 μs
  Min:    29.1069 ms
  Max:    31.1978 ms

Inverse BWT:
  Mean:   6.6109 ms ± 279.6839 μs
  Min:    6.2772 ms
  Max:    6.9572 ms

Total Roundtrip:
  Mean:   36.4393 ms ± 603.9979 μs
  Min:    35.9467 ms
  Max:    37.4750 ms

Throughput: 3.98 MB/s
======================================================================

[2/55] Running: alice29.txt (block size: 1.00 KB)

======================================================================
Test: alice29.txt
Block Size: 1.00 KB
Input Size: 148.52 KB
Output Size: 148.67 KB
Compression Ratio: 1.0010
----------------------------------------------------------------------
Trials: 5
----------------------------------------------------------------------
Forward BWT:
  Mean:   36.4610 ms ± 2.4261 ms
  Min:    34.8039 ms
  Max:    40.6088 ms

Inverse BWT:
  Mean:   5.4853 ms ± 169.9340 μs
  Min:    5.3610 ms
  Max:    5.7772 ms

Total Roundtrip:
  Mean:   41.9463 ms ± 2.5833 ms
  Min:    40.2847 ms
  Max:    46.3860 ms

Throughput: 3.46 MB/s
======================================================================

[3/55] Running: alice29.txt (block size: 4.00 KB)

======================================================================
Test: alice29.txt
Block Size: 4.00 KB
Input Size: 148.52 KB
Output Size: 148.56 KB
Compression Ratio: 1.0002
----------------------------------------------------------------------
Trials: 5
----------------------------------------------------------------------
Forward BWT:
  Mean:   67.4495 ms ± 856.1537 μs
  Min:    66.7670 ms
  Max:    68.9288 ms

Inverse BWT:
  Mean:   4.4913 ms ± 151.9845 μs
  Min:    4.3486 ms
  Max:    4.6868 ms

Total Roundtrip:
  Mean:   71.9408 ms ± 959.4928 μs
  Min:    71.2176 ms
  Max:    73.6157 ms

Throughput: 2.02 MB/s
======================================================================

[4/55] Running: alice29.txt (block size: 16.00 KB)

======================================================================
Test: alice29.txt
Block Size: 16.00 KB
Input Size: 148.52 KB
Output Size: 148.53 KB
Compression Ratio: 1.0001
----------------------------------------------------------------------
Trials: 5
----------------------------------------------------------------------
Forward BWT:
  Mean:   180.1449 ms ± 30.4281 ms
  Min:    161.3325 ms
  Max:    233.5509 ms

Inverse BWT:
  Mean:   4.0117 ms ± 237.5928 μs
  Min:    3.8126 ms
  Max:    4.3043 ms

Total Roundtrip:
  Mean:   184.1566 ms ± 30.5754 ms
  Min:    165.5104 ms
  Max:    237.8552 ms

Throughput: 0.79 MB/s
======================================================================

[5/55] Running: alice29.txt (block size: 64.00 KB)

======================================================================
Test: alice29.txt
Block Size: 64.00 KB
Input Size: 148.52 KB
Output Size: 148.53 KB
Compression Ratio: 1.0000
----------------------------------------------------------------------
Trials: 5
----------------------------------------------------------------------
Forward BWT:
  Mean:   2.6236 s ± 835.9583 ms
  Min:    1.5886 s
  Max:    3.5260 s

Inverse BWT:
  Mean:   4.1640 ms ± 480.1888 μs
  Min:    3.6626 ms
  Max:    4.9447 ms

Total Roundtrip:
  Mean:   2.6278 s ± 836.2139 ms
  Min:    1.5928 s
  Max:    3.5309 s

Throughput: 0.06 MB/s
======================================================================

[6/55] Running: asyoulik.txt (block size: 512 B)

======================================================================
Test: asyoulik.txt
Block Size: 512 B
Input Size: 122.25 KB
Output Size: 122.48 KB
Compression Ratio: 1.0020
----------------------------------------------------------------------
Trials: 5
----------------------------------------------------------------------
Forward BWT:
  Mean:   26.1113 ms ± 3.4278 ms
  Min:    23.7177 ms
  Max:    32.1030 ms

Inverse BWT:
  Mean:   6.5056 ms ± 1.1809 ms
  Min:    5.3965 ms
  Max:    7.9104 ms

Total Roundtrip:
  Mean:   32.6169 ms ± 3.4299 ms
  Min:    29.3514 ms
  Max:    38.0457 ms

Throughput: 3.66 MB/s
======================================================================

[7/55] Running: asyoulik.txt (block size: 1.00 KB)

======================================================================
Test: asyoulik.txt
Block Size: 1.00 KB
Input Size: 122.25 KB
Output Size: 122.37 KB
Compression Ratio: 1.0010
----------------------------------------------------------------------
Trials: 5
----------------------------------------------------------------------
Forward BWT:
  Mean:   31.1033 ms ± 2.9364 ms
  Min:    28.8928 ms
  Max:    35.6236 ms

Inverse BWT:
  Mean:   5.5320 ms ± 1.5215 ms
  Min:    4.5167 ms
  Max:    8.1390 ms

Total Roundtrip:
  Mean:   36.6352 ms ± 3.1015 ms
  Min:    33.7449 ms
  Max:    41.2177 ms

Throughput: 3.26 MB/s
======================================================================

[8/55] Running: asyoulik.txt (block size: 4.00 KB)

======================================================================
Test: asyoulik.txt
Block Size: 4.00 KB
Input Size: 122.25 KB
Output Size: 122.28 KB
Compression Ratio: 1.0002
----------------------------------------------------------------------
Trials: 5
----------------------------------------------------------------------
Forward BWT:
  Mean:   60.1868 ms ± 4.7043 ms
  Min:    56.4123 ms
  Max:    66.2840 ms

Inverse BWT:
  Mean:   3.5158 ms ± 63.2111 μs
  Min:    3.4213 ms
  Max:    3.5691 ms

Total Roundtrip:
  Mean:   63.7026 ms ± 4.7495 ms
  Min:    59.9483 ms
  Max:    69.8531 ms

Throughput: 1.87 MB/s
======================================================================

[9/55] Running: asyoulik.txt (block size: 16.00 KB)

======================================================================
Test: asyoulik.txt
Block Size: 16.00 KB
Input Size: 122.25 KB
Output Size: 122.25 KB
Compression Ratio: 1.0001
----------------------------------------------------------------------
Trials: 5
----------------------------------------------------------------------
Forward BWT:
  Mean:   172.2560 ms ± 69.4360 ms
  Min:    136.6157 ms
  Max:    296.2829 ms

Inverse BWT:
  Mean:   3.4328 ms ± 217.0984 μs
  Min:    3.2895 ms
  Max:    3.8135 ms

Total Roundtrip:
  Mean:   175.6888 ms ± 69.4132 ms
  Min:    140.4291 ms
  Max:    299.6898 ms

Throughput: 0.68 MB/s
======================================================================

[10/55] Running: asyoulik.txt (block size: 64.00 KB)

======================================================================
Test: asyoulik.txt
Block Size: 64.00 KB
Input Size: 122.25 KB
Output Size: 122.25 KB
Compression Ratio: 1.0000
----------------------------------------------------------------------
Trials: 5
----------------------------------------------------------------------
Forward BWT:
  Mean:   1.2487 s ± 730.1760 ms
  Min:    642.0199 ms
  Max:    2.1299 s

Inverse BWT:
  Mean:   3.1179 ms ± 191.6131 μs
  Min:    2.9343 ms
  Max:    3.3807 ms

Total Roundtrip:
  Mean:   1.2518 s ± 730.2335 ms
  Min:    644.9542 ms
  Max:    2.1331 s

Throughput: 0.10 MB/s
======================================================================

[11/55] Running: cp.html (block size: 512 B)

======================================================================
Test: cp.html
Block Size: 512 B
Input Size: 24.03 KB
Output Size: 24.07 KB
Compression Ratio: 1.0020
----------------------------------------------------------------------
Trials: 5
----------------------------------------------------------------------
Forward BWT:
  Mean:   5.0999 ms ± 207.3539 μs
  Min:    4.8206 ms
  Max:    5.3506 ms

Inverse BWT:
  Mean:   1.2422 ms ± 104.3382 μs
  Min:    1.1438 ms
  Max:    1.4175 ms

Total Roundtrip:
  Mean:   6.3421 ms ± 251.5885 μs
  Min:    5.9644 ms
  Max:    6.5492 ms

Throughput: 3.70 MB/s
======================================================================

[12/55] Running: cp.html (block size: 1.00 KB)

======================================================================
Test: cp.html
Block Size: 1.00 KB
Input Size: 24.03 KB
Output Size: 24.05 KB
Compression Ratio: 1.0010
----------------------------------------------------------------------
Trials: 5
----------------------------------------------------------------------
Forward BWT:
  Mean:   6.1132 ms ± 441.3354 μs
  Min:    5.7506 ms
  Max:    6.8201 ms

Inverse BWT:
  Mean:   1.0481 ms ± 78.0605 μs
  Min:    957.3340 μs
  Max:    1.1343 ms

Total Roundtrip:
  Mean:   7.1613 ms ± 469.9748 μs
  Min:    6.7080 ms
  Max:    7.8757 ms

Throughput: 3.28 MB/s
======================================================================

[13/55] Running: cp.html (block size: 4.00 KB)

======================================================================
Test: cp.html
Block Size: 4.00 KB
Input Size: 24.03 KB
Output Size: 24.03 KB
Compression Ratio: 1.0003
----------------------------------------------------------------------
Trials: 5
----------------------------------------------------------------------
Forward BWT:
  Mean:   11.6791 ms ± 1.6959 ms
  Min:    10.7948 ms
  Max:    14.7090 ms

Inverse BWT:
  Mean:   803.2586 μs ± 18.6692 μs
  Min:    773.7090 μs
  Max:    821.1670 μs

Total Roundtrip:
  Mean:   12.4824 ms ± 1.7018 ms
  Min:    11.5685 ms
  Max:    15.5218 ms

Throughput: 1.88 MB/s
======================================================================

[14/55] Running: cp.html (block size: 16.00 KB)

======================================================================
Test: cp.html
Block Size: 16.00 KB
Input Size: 24.03 KB
Output Size: 24.03 KB
Compression Ratio: 1.0001
----------------------------------------------------------------------
Trials: 5
----------------------------------------------------------------------
Forward BWT:
  Mean:   41.9848 ms ± 29.1669 ms
  Min:    28.0897 ms
  Max:    94.1502 ms

Inverse BWT:
  Mean:   1.0896 ms ± 214.2140 μs
  Min:    939.0830 μs
  Max:    1.4601 ms

Total Roundtrip:
  Mean:   43.0744 ms ± 29.3751 ms
  Min:    29.0287 ms
  Max:    95.6103 ms

Throughput: 0.54 MB/s
======================================================================

[15/55] Running: cp.html (block size: 64.00 KB)

======================================================================
Test: cp.html
Block Size: 64.00 KB
Input Size: 24.03 KB
Output Size: 24.03 KB
Compression Ratio: 1.0000
----------------------------------------------------------------------
Trials: 5
----------------------------------------------------------------------
Forward BWT:
  Mean:   73.2420 ms ± 71.0748 ms
  Min:    36.8753 ms
  Max:    199.6899 ms

Inverse BWT:
  Mean:   1.0708 ms ± 495.8357 μs
  Min:    701.5830 μs
  Max:    1.7426 ms

Total Roundtrip:
  Mean:   74.3128 ms ± 71.4826 ms
  Min:    37.5849 ms
  Max:    201.4325 ms

Throughput: 0.32 MB/s
======================================================================

[16/55] Running: fields.c (block size: 512 B)

======================================================================
Test: fields.c
Block Size: 512 B
Input Size: 10.89 KB
Output Size: 10.91 KB
Compression Ratio: 1.0020
----------------------------------------------------------------------
Trials: 5
----------------------------------------------------------------------
Forward BWT:
  Mean:   2.4196 ms ± 219.9088 μs
  Min:    2.2316 ms
  Max:    2.6928 ms

Inverse BWT:
  Mean:   651.9334 μs ± 75.4739 μs
  Min:    579.2910 μs
  Max:    772.1670 μs

Total Roundtrip:
  Mean:   3.0716 ms ± 229.3614 μs
  Min:    2.8109 ms
  Max:    3.3645 ms

Throughput: 3.46 MB/s
======================================================================

[17/55] Running: fields.c (block size: 1.00 KB)

======================================================================
Test: fields.c
Block Size: 1.00 KB
Input Size: 10.89 KB
Output Size: 10.90 KB
Compression Ratio: 1.0010
----------------------------------------------------------------------
Trials: 5
----------------------------------------------------------------------
Forward BWT:
  Mean:   2.8386 ms ± 213.0002 μs
  Min:    2.6780 ms
  Max:    3.0768 ms

Inverse BWT:
  Mean:   524.9248 μs ± 30.4415 μs
  Min:    491.4160 μs
  Max:    551.6250 μs

Total Roundtrip:
  Mean:   3.3636 ms ± 232.0501 μs
  Min:    3.1708 ms
  Max:    3.6277 ms

Throughput: 3.16 MB/s
======================================================================

[18/55] Running: fields.c (block size: 4.00 KB)

======================================================================
Test: fields.c
Block Size: 4.00 KB
Input Size: 10.89 KB
Output Size: 10.89 KB
Compression Ratio: 1.0003
----------------------------------------------------------------------
Trials: 5
----------------------------------------------------------------------
Forward BWT:
  Mean:   5.4606 ms ± 376.4659 μs
  Min:    5.1694 ms
  Max:    6.0325 ms

Inverse BWT:
  Mean:   432.0086 μs ± 66.8416 μs
  Min:    391.0840 μs
  Max:    550.3750 μs

Total Roundtrip:
  Mean:   5.8926 ms ± 437.4827 μs
  Min:    5.5673 ms
  Max:    6.5828 ms

Throughput: 1.80 MB/s
======================================================================

[19/55] Running: fields.c (block size: 16.00 KB)

======================================================================
Test: fields.c
Block Size: 16.00 KB
Input Size: 10.89 KB
Output Size: 10.89 KB
Compression Ratio: 1.0001
----------------------------------------------------------------------
Trials: 5
----------------------------------------------------------------------
Forward BWT:
  Mean:   18.7060 ms ± 8.8483 ms
  Min:    14.5078 ms
  Max:    34.5221 ms

Inverse BWT:
  Mean:   277.2752 μs ± 17.9777 μs
  Min:    249.6670 μs
  Max:    298.4170 μs

Total Roundtrip:
  Mean:   18.9833 ms ± 8.8521 ms
  Min:    14.7806 ms
  Max:    34.8062 ms

Throughput: 0.56 MB/s
======================================================================

[20/55] Running: fields.c (block size: 64.00 KB)

======================================================================
Test: fields.c
Block Size: 64.00 KB
Input Size: 10.89 KB
Output Size: 10.89 KB
Compression Ratio: 1.0001
----------------------------------------------------------------------
Trials: 5
----------------------------------------------------------------------
Forward BWT:
  Mean:   14.5325 ms ± 190.6912 μs
  Min:    14.3891 ms
  Max:    14.8541 ms

Inverse BWT:
  Mean:   289.1418 μs ± 38.9699 μs
  Min:    264.6670 μs
  Max:    357.9580 μs

Total Roundtrip:
  Mean:   14.8217 ms ± 198.8326 μs
  Min:    14.6571 ms
  Max:    15.1283 ms

Throughput: 0.72 MB/s
======================================================================

[21/55] Running: grammar.lsp (block size: 512 B)

======================================================================
Test: grammar.lsp
Block Size: 512 B
Input Size: 3.63 KB
Output Size: 3.64 KB
Compression Ratio: 1.0021
----------------------------------------------------------------------
Trials: 5
----------------------------------------------------------------------
Forward BWT:
  Mean:   975.9914 μs ± 379.8164 μs
  Min:    781.8330 μs
  Max:    1.6533 ms

Inverse BWT:
  Mean:   219.5168 μs ± 46.4865 μs
  Min:    182.7910 μs
  Max:    300.3330 μs

Total Roundtrip:
  Mean:   1.1955 ms ± 425.4691 μs
  Min:    964.6240 μs
  Max:    1.9537 ms

Throughput: 2.97 MB/s
======================================================================

[22/55] Running: grammar.lsp (block size: 1.00 KB)

======================================================================
Test: grammar.lsp
Block Size: 1.00 KB
Input Size: 3.63 KB
Output Size: 3.64 KB
Compression Ratio: 1.0011
----------------------------------------------------------------------
Trials: 5
----------------------------------------------------------------------
Forward BWT:
  Mean:   1.0408 ms ± 187.3728 μs
  Min:    891.1670 μs
  Max:    1.3478 ms

Inverse BWT:
  Mean:   269.9082 μs ± 208.2640 μs
  Min:    152.2080 μs
  Max:    640.6660 μs

Total Roundtrip:
  Mean:   1.3108 ms ± 390.6035 μs
  Min:    1.0434 ms
  Max:    1.9884 ms

Throughput: 2.71 MB/s
======================================================================

[23/55] Running: grammar.lsp (block size: 4.00 KB)

======================================================================
Test: grammar.lsp
Block Size: 4.00 KB
Input Size: 3.63 KB
Output Size: 3.63 KB
Compression Ratio: 1.0003
----------------------------------------------------------------------
Trials: 5
----------------------------------------------------------------------
Forward BWT:
  Mean:   3.2107 ms ± 1.6755 ms
  Min:    1.8581 ms
  Max:    5.9690 ms

Inverse BWT:
  Mean:   228.5664 μs ± 86.6115 μs
  Min:    164.4580 μs
  Max:    377.2910 μs

Total Roundtrip:
  Mean:   3.4393 ms ± 1.7604 ms
  Min:    2.0226 ms
  Max:    6.3463 ms

Throughput: 1.03 MB/s
======================================================================

[24/55] Running: grammar.lsp (block size: 16.00 KB)

======================================================================
Test: grammar.lsp
Block Size: 16.00 KB
Input Size: 3.63 KB
Output Size: 3.63 KB
Compression Ratio: 1.0003
----------------------------------------------------------------------
Trials: 5
----------------------------------------------------------------------
Forward BWT:
  Mean:   1.9796 ms ± 188.7601 μs
  Min:    1.8129 ms
  Max:    2.2896 ms

Inverse BWT:
  Mean:   208.8832 μs ± 66.3465 μs
  Min:    162.1250 μs
  Max:    325.8750 μs

Total Roundtrip:
  Mean:   2.1885 ms ± 175.7800 μs
  Min:    2.0347 ms
  Max:    2.4826 ms

Throughput: 1.62 MB/s
======================================================================

[25/55] Running: grammar.lsp (block size: 64.00 KB)

======================================================================
Test: grammar.lsp
Block Size: 64.00 KB
Input Size: 3.63 KB
Output Size: 3.63 KB
Compression Ratio: 1.0003
----------------------------------------------------------------------
Trials: 5
----------------------------------------------------------------------
Forward BWT:
  Mean:   2.1055 ms ± 285.0019 μs
  Min:    1.9210 ms
  Max:    2.5813 ms

Inverse BWT:
  Mean:   216.5168 μs ± 48.9016 μs
  Min:    171.0420 μs
  Max:    294.1250 μs

Total Roundtrip:
  Mean:   2.3220 ms ± 290.0084 μs
  Min:    2.0921 ms
  Max:    2.7961 ms

Throughput: 1.53 MB/s
======================================================================

[26/55] Running: kennedy.xls (block size: 512 B)

======================================================================
Test: kennedy.xls
Block Size: 512 B
Input Size: 1005.61 KB
Output Size: 1007.57 KB
Compression Ratio: 1.0020
----------------------------------------------------------------------
Trials: 5
----------------------------------------------------------------------
Forward BWT:
  Mean:   191.7300 ms ± 2.3285 ms
  Min:    189.1215 ms
  Max:    194.9086 ms

Inverse BWT:
  Mean:   29.5706 ms ± 313.5478 μs
  Min:    29.1833 ms
  Max:    30.0155 ms

Total Roundtrip:
  Mean:   221.3006 ms ± 2.3594 ms
  Min:    218.8044 ms
  Max:    224.2987 ms

Throughput: 4.44 MB/s
======================================================================

[27/55] Running: kennedy.xls (block size: 1.00 KB)

======================================================================
Test: kennedy.xls
Block Size: 1.00 KB
Input Size: 1005.61 KB
Output Size: 1006.59 KB
Compression Ratio: 1.0010
----------------------------------------------------------------------
Trials: 5
----------------------------------------------------------------------
Forward BWT:
  Mean:   266.4234 ms ± 78.6900 ms
  Min:    226.7795 ms
  Max:    406.8803 ms

Inverse BWT:
  Mean:   45.2933 ms ± 26.4936 ms
  Min:    27.5190 ms
  Max:    88.8522 ms

Total Roundtrip:
  Mean:   311.7167 ms ± 86.4348 ms
  Min:    255.9346 ms
  Max:    459.2730 ms

Throughput: 3.15 MB/s
======================================================================

[28/55] Running: kennedy.xls (block size: 4.00 KB)

======================================================================
Test: kennedy.xls
Block Size: 4.00 KB
Input Size: 1005.61 KB
Output Size: 1005.86 KB
Compression Ratio: 1.0002
----------------------------------------------------------------------
Trials: 5
----------------------------------------------------------------------
Forward BWT:
  Mean:   477.4533 ms ± 41.9616 ms
  Min:    436.5939 ms
  Max:    534.6415 ms

Inverse BWT:
  Mean:   22.4463 ms ± 8.1849 ms
  Min:    18.5304 ms
  Max:    37.0793 ms

Total Roundtrip:
  Mean:   499.8996 ms ± 40.7850 ms
  Min:    455.1531 ms
  Max:    553.1719 ms

Throughput: 1.96 MB/s
======================================================================

[29/55] Running: kennedy.xls (block size: 16.00 KB)

======================================================================
Test: kennedy.xls
Block Size: 16.00 KB
Input Size: 1005.61 KB
Output Size: 1005.67 KB
Compression Ratio: 1.0001
----------------------------------------------------------------------
Trials: 5
----------------------------------------------------------------------
Forward BWT:
  Mean:   1.1585 s ± 94.5793 ms
  Min:    1.1093 s
  Max:    1.3274 s

Inverse BWT:
  Mean:   11.0411 ms ± 115.7130 μs
  Min:    10.8976 ms
  Max:    11.1578 ms

Total Roundtrip:
  Mean:   1.1695 s ± 94.5268 ms
  Min:    1.1203 s
  Max:    1.3383 s

Throughput: 0.84 MB/s
======================================================================

[30/55] Running: kennedy.xls (block size: 64.00 KB)

======================================================================
Test: kennedy.xls
Block Size: 64.00 KB
Input Size: 1005.61 KB
Output Size: 1005.62 KB
Compression Ratio: 1.0000
----------------------------------------------------------------------
Trials: 5
----------------------------------------------------------------------
Forward BWT:
  Mean:   6.0801 s ± 447.3328 ms
  Min:    5.5658 s
  Max:    6.6261 s

Inverse BWT:
  Mean:   8.7932 ms ± 429.5897 μs
  Min:    8.3785 ms
  Max:    9.4741 ms

Total Roundtrip:
  Mean:   6.0889 s ± 447.3755 ms
  Min:    5.5746 s
  Max:    6.6345 s

Throughput: 0.16 MB/s
======================================================================

[31/55] Running: lcet10.txt (block size: 512 B)

======================================================================
Test: lcet10.txt
Block Size: 512 B
Input Size: 416.75 KB
Output Size: 417.57 KB
Compression Ratio: 1.0020
----------------------------------------------------------------------
Trials: 5
----------------------------------------------------------------------
Forward BWT:
  Mean:   84.0489 ms ± 1.1802 ms
  Min:    82.1368 ms
  Max:    85.0440 ms

Inverse BWT:
  Mean:   18.0849 ms ± 338.4014 μs
  Min:    17.5753 ms
  Max:    18.4027 ms

Total Roundtrip:
  Mean:   102.1338 ms ± 1.2263 ms
  Min:    100.3817 ms
  Max:    103.3302 ms

Throughput: 3.98 MB/s
======================================================================

[32/55] Running: lcet10.txt (block size: 1.00 KB)

======================================================================
Test: lcet10.txt
Block Size: 1.00 KB
Input Size: 416.75 KB
Output Size: 417.16 KB
Compression Ratio: 1.0010
----------------------------------------------------------------------
Trials: 5
----------------------------------------------------------------------
Forward BWT:
  Mean:   134.0404 ms ± 81.0438 ms
  Min:    95.8112 ms
  Max:    278.9801 ms

Inverse BWT:
  Mean:   20.7836 ms ± 12.3923 ms
  Min:    14.8880 ms
  Max:    42.9400 ms

Total Roundtrip:
  Mean:   154.8240 ms ± 93.4351 ms
  Min:    110.7054 ms
  Max:    321.9201 ms

Throughput: 2.63 MB/s
======================================================================

[33/55] Running: lcet10.txt (block size: 4.00 KB)

======================================================================
Test: lcet10.txt
Block Size: 4.00 KB
Input Size: 416.75 KB
Output Size: 416.85 KB
Compression Ratio: 1.0002
----------------------------------------------------------------------
Trials: 5
----------------------------------------------------------------------
Forward BWT:
  Mean:   196.1953 ms ± 7.5963 ms
  Min:    183.5597 ms
  Max:    201.9674 ms

Inverse BWT:
  Mean:   11.5507 ms ± 400.7063 μs
  Min:    11.1252 ms
  Max:    12.0118 ms

Total Roundtrip:
  Mean:   207.7460 ms ± 7.4686 ms
  Min:    195.5715 ms
  Max:    213.7148 ms

Throughput: 1.96 MB/s
======================================================================

[34/55] Running: lcet10.txt (block size: 16.00 KB)

======================================================================
Test: lcet10.txt
Block Size: 16.00 KB
Input Size: 416.75 KB
Output Size: 416.78 KB
Compression Ratio: 1.0001
----------------------------------------------------------------------
Trials: 5
----------------------------------------------------------------------
Forward BWT:
  Mean:   582.9217 ms ± 141.1576 ms
  Min:    493.5312 ms
  Max:    832.9198 ms

Inverse BWT:
  Mean:   9.4488 ms ± 485.8270 μs
  Min:    9.1360 ms
  Max:    10.2991 ms

Total Roundtrip:
  Mean:   592.3704 ms ± 140.9939 ms
  Min:    502.9091 ms
  Max:    842.0669 ms

Throughput: 0.69 MB/s
======================================================================

[35/55] Running: lcet10.txt (block size: 64.00 KB)

======================================================================
Test: lcet10.txt
Block Size: 64.00 KB
Input Size: 416.75 KB
Output Size: 416.76 KB
Compression Ratio: 1.0000
----------------------------------------------------------------------
Trials: 5
----------------------------------------------------------------------
Forward BWT:
  Mean:   3.6878 s ± 1.3131 s
  Min:    2.3503 s
  Max:    5.3181 s

Inverse BWT:
  Mean:   5.9139 ms ± 357.6175 μs
  Min:    5.6522 ms
  Max:    6.5255 ms

Total Roundtrip:
  Mean:   3.6937 s ± 1.3130 s
  Min:    2.3559 s
  Max:    5.3240 s

Throughput: 0.11 MB/s
======================================================================

[36/55] Running: plrabn12.txt (block size: 512 B)

======================================================================
Test: plrabn12.txt
Block Size: 512 B
Input Size: 470.57 KB
Output Size: 471.49 KB
Compression Ratio: 1.0020
----------------------------------------------------------------------
Trials: 5
----------------------------------------------------------------------
Forward BWT:
  Mean:   99.3897 ms ± 6.1469 ms
  Min:    90.8843 ms
  Max:    105.5730 ms

Inverse BWT:
  Mean:   30.8240 ms ± 12.5160 ms
  Min:    19.8243 ms
  Max:    50.4938 ms

Total Roundtrip:
  Mean:   130.2137 ms ± 6.9863 ms
  Min:    123.5402 ms
  Max:    141.3781 ms

Throughput: 3.53 MB/s
======================================================================

[37/55] Running: plrabn12.txt (block size: 1.00 KB)

======================================================================
Test: plrabn12.txt
Block Size: 1.00 KB
Input Size: 470.57 KB
Output Size: 471.03 KB
Compression Ratio: 1.0010
----------------------------------------------------------------------
Trials: 5
----------------------------------------------------------------------
Forward BWT:
  Mean:   157.1601 ms ± 63.9312 ms
  Min:    110.5428 ms
  Max:    245.4489 ms

Inverse BWT:
  Mean:   17.3232 ms ± 546.1750 μs
  Min:    16.8520 ms
  Max:    18.1286 ms

Total Roundtrip:
  Mean:   174.4833 ms ± 63.9296 ms
  Min:    128.2253 ms
  Max:    262.5603 ms

Throughput: 2.63 MB/s
======================================================================

[38/55] Running: plrabn12.txt (block size: 4.00 KB)

======================================================================
Test: plrabn12.txt
Block Size: 4.00 KB
Input Size: 470.57 KB
Output Size: 470.68 KB
Compression Ratio: 1.0002
----------------------------------------------------------------------
Trials: 5
----------------------------------------------------------------------
Forward BWT:
  Mean:   248.2437 ms ± 65.6324 ms
  Min:    212.4250 ms
  Max:    365.1576 ms

Inverse BWT:
  Mean:   13.4791 ms ± 349.1795 μs
  Min:    13.0953 ms
  Max:    14.0250 ms

Total Roundtrip:
  Mean:   261.7228 ms ± 65.9382 ms
  Min:    225.8221 ms
  Max:    379.1826 ms

Throughput: 1.76 MB/s
======================================================================

[39/55] Running: plrabn12.txt (block size: 16.00 KB)

======================================================================
Test: plrabn12.txt
Block Size: 16.00 KB
Input Size: 470.57 KB
Output Size: 470.60 KB
Compression Ratio: 1.0001
----------------------------------------------------------------------
Trials: 5
----------------------------------------------------------------------
Forward BWT:
  Mean:   539.2348 ms ± 27.6885 ms
  Min:    521.8364 ms
  Max:    588.0170 ms

Inverse BWT:
  Mean:   11.4215 ms ± 267.2338 μs
  Min:    11.0203 ms
  Max:    11.6321 ms

Total Roundtrip:
  Mean:   550.6563 ms ± 27.7920 ms
  Min:    533.4251 ms
  Max:    599.6492 ms

Throughput: 0.83 MB/s
======================================================================

[40/55] Running: plrabn12.txt (block size: 64.00 KB)

======================================================================
Test: plrabn12.txt
Block Size: 64.00 KB
Input Size: 470.57 KB
Output Size: 470.58 KB
Compression Ratio: 1.0000
----------------------------------------------------------------------
Trials: 5
----------------------------------------------------------------------
Forward BWT:
  Mean:   5.6181 s ± 1.3739 s
  Min:    3.8322 s
  Max:    7.3183 s

Inverse BWT:
  Mean:   12.2629 ms ± 4.5637 ms
  Min:    9.7574 ms
  Max:    20.4050 ms

Total Roundtrip:
  Mean:   5.6304 s ± 1.3753 s
  Min:    3.8428 s
  Max:    7.3284 s

Throughput: 0.08 MB/s
======================================================================

[41/55] Running: ptt5 (block size: 512 B)

======================================================================
Test: ptt5
Block Size: 512 B
Input Size: 501.19 KB
Output Size: 502.17 KB
Compression Ratio: 1.0020
----------------------------------------------------------------------
Trials: 5
----------------------------------------------------------------------
Forward BWT:
  Mean:   110.1298 ms ± 29.4040 ms
  Min:    93.1110 ms
  Max:    162.5462 ms

Inverse BWT:
  Mean:   11.0483 ms ± 307.1447 μs
  Min:    10.6758 ms
  Max:    11.3259 ms

Total Roundtrip:
  Mean:   121.1781 ms ± 29.2625 ms
  Min:    103.7868 ms
  Max:    173.3054 ms

Throughput: 4.04 MB/s
======================================================================

[42/55] Running: ptt5 (block size: 1.00 KB)

======================================================================
Test: ptt5
Block Size: 1.00 KB
Input Size: 501.19 KB
Output Size: 501.68 KB
Compression Ratio: 1.0010
----------------------------------------------------------------------
Trials: 5
----------------------------------------------------------------------
Forward BWT:
  Mean:   123.6287 ms ± 11.6379 ms
  Min:    117.6148 ms
  Max:    144.3594 ms

Inverse BWT:
  Mean:   10.8651 ms ± 2.2387 ms
  Min:    9.5816 ms
  Max:    14.8408 ms

Total Roundtrip:
  Mean:   134.4938 ms ± 11.0764 ms
  Min:    127.6211 ms
  Max:    153.9410 ms

Throughput: 3.64 MB/s
======================================================================

[43/55] Running: ptt5 (block size: 4.00 KB)

======================================================================
Test: ptt5
Block Size: 4.00 KB
Input Size: 501.19 KB
Output Size: 501.31 KB
Compression Ratio: 1.0002
----------------------------------------------------------------------
Trials: 5
----------------------------------------------------------------------
Forward BWT:
  Mean:   283.4177 ms ± 29.8057 ms
  Min:    251.0671 ms
  Max:    325.2293 ms

Inverse BWT:
  Mean:   9.2820 ms ± 410.7144 μs
  Min:    8.8535 ms
  Max:    9.9001 ms

Total Roundtrip:
  Mean:   292.6997 ms ± 29.7119 ms
  Min:    260.3682 ms
  Max:    334.0827 ms

Throughput: 1.67 MB/s
======================================================================

[44/55] Running: ptt5 (block size: 16.00 KB)

======================================================================
Test: ptt5
Block Size: 16.00 KB
Input Size: 501.19 KB
Output Size: 501.22 KB
Compression Ratio: 1.0001
----------------------------------------------------------------------
Trials: 5
----------------------------------------------------------------------
Forward BWT:
  Mean:   915.2447 ms ± 115.8188 ms
  Min:    848.0960 ms
  Max:    1.1191 s

Inverse BWT:
  Mean:   9.7929 ms ± 1.4144 ms
  Min:    8.8880 ms
  Max:    12.2856 ms

Total Roundtrip:
  Mean:   925.0376 ms ± 115.4752 ms
  Min:    860.3815 ms
  Max:    1.1284 s

Throughput: 0.53 MB/s
======================================================================

[45/55] Running: ptt5 (block size: 64.00 KB)

======================================================================
Test: ptt5
Block Size: 64.00 KB
Input Size: 501.19 KB
Output Size: 501.20 KB
Compression Ratio: 1.0000
----------------------------------------------------------------------
Trials: 5
----------------------------------------------------------------------
Forward BWT:
  Mean:   4.3260 s ± 649.6067 ms
  Min:    3.6867 s
  Max:    5.3611 s

Inverse BWT:
  Mean:   8.8582 ms ± 502.5531 μs
  Min:    8.5602 ms
  Max:    9.7526 ms

Total Roundtrip:
  Mean:   4.3349 s ± 649.4658 ms
  Min:    3.6952 s
  Max:    5.3697 s

Throughput: 0.11 MB/s
======================================================================

[46/55] Running: sum (block size: 512 B)

======================================================================
Test: sum
Block Size: 512 B
Input Size: 37.34 KB
Output Size: 37.42 KB
Compression Ratio: 1.0020
----------------------------------------------------------------------
Trials: 5
----------------------------------------------------------------------
Forward BWT:
  Mean:   7.6773 ms ± 378.8835 μs
  Min:    7.2699 ms
  Max:    8.2871 ms

Inverse BWT:
  Mean:   1.7319 ms ± 134.8360 μs
  Min:    1.5693 ms
  Max:    1.9407 ms

Total Roundtrip:
  Mean:   9.4092 ms ± 507.0497 μs
  Min:    8.8393 ms
  Max:    10.2278 ms

Throughput: 3.88 MB/s
======================================================================

[47/55] Running: sum (block size: 1.00 KB)

======================================================================
Test: sum
Block Size: 1.00 KB
Input Size: 37.34 KB
Output Size: 37.38 KB
Compression Ratio: 1.0010
----------------------------------------------------------------------
Trials: 5
----------------------------------------------------------------------
Forward BWT:
  Mean:   8.8843 ms ± 168.2722 μs
  Min:    8.6661 ms
  Max:    9.0777 ms

Inverse BWT:
  Mean:   1.4285 ms ± 236.2412 μs
  Min:    1.3110 ms
  Max:    1.8500 ms

Total Roundtrip:
  Mean:   10.3128 ms ± 372.2687 μs
  Min:    9.9825 ms
  Max:    10.9278 ms

Throughput: 3.54 MB/s
======================================================================

[48/55] Running: sum (block size: 4.00 KB)

======================================================================
Test: sum
Block Size: 4.00 KB
Input Size: 37.34 KB
Output Size: 37.35 KB
Compression Ratio: 1.0003
----------------------------------------------------------------------
Trials: 5
----------------------------------------------------------------------
Forward BWT:
  Mean:   18.0202 ms ± 3.3613 ms
  Min:    16.4571 ms
  Max:    24.0325 ms

Inverse BWT:
  Mean:   1.0224 ms ± 27.6740 μs
  Min:    984.8330 μs
  Max:    1.0483 ms

Total Roundtrip:
  Mean:   19.0426 ms ± 3.3762 ms
  Min:    17.4419 ms
  Max:    25.0808 ms

Throughput: 1.92 MB/s
======================================================================

[49/55] Running: sum (block size: 16.00 KB)

======================================================================
Test: sum
Block Size: 16.00 KB
Input Size: 37.34 KB
Output Size: 37.35 KB
Compression Ratio: 1.0001
----------------------------------------------------------------------
Trials: 5
----------------------------------------------------------------------
Forward BWT:
  Mean:   61.1304 ms ± 43.7961 ms
  Min:    40.4319 ms
  Max:    139.4601 ms

Inverse BWT:
  Mean:   876.0084 μs ± 208.8695 μs
  Min:    754.1660 μs
  Max:    1.2484 ms

Total Roundtrip:
  Mean:   62.0064 ms ± 44.0045 ms
  Min:    41.1860 ms
  Max:    140.7085 ms

Throughput: 0.59 MB/s
======================================================================

[50/55] Running: sum (block size: 64.00 KB)

======================================================================
Test: sum
Block Size: 64.00 KB
Input Size: 37.34 KB
Output Size: 37.34 KB
Compression Ratio: 1.0000
----------------------------------------------------------------------
Trials: 5
----------------------------------------------------------------------
Forward BWT:
  Mean:   141.7840 ms ± 3.1571 ms
  Min:    139.5750 ms
  Max:    146.7892 ms

Inverse BWT:
  Mean:   652.3996 μs ± 220.6990 μs
  Min:    477.4160 μs
  Max:    957.3330 μs

Total Roundtrip:
  Mean:   142.4364 ms ± 3.1250 ms
  Min:    140.2173 ms
  Max:    147.3000 ms

Throughput: 0.26 MB/s
======================================================================

[51/55] Running: xargs.1 (block size: 512 B)

======================================================================
Test: xargs.1
Block Size: 512 B
Input Size: 4.13 KB
Output Size: 4.14 KB
Compression Ratio: 1.0021
----------------------------------------------------------------------
Trials: 5
----------------------------------------------------------------------
Forward BWT:
  Mean:   1.1086 ms ± 426.4304 μs
  Min:    898.0840 μs
  Max:    1.8707 ms

Inverse BWT:
  Mean:   281.5082 μs ± 13.8841 μs
  Min:    269.3330 μs
  Max:    305.2080 μs

Total Roundtrip:
  Mean:   1.3902 ms ± 439.7499 μs
  Min:    1.1725 ms
  Max:    2.1759 ms

Throughput: 2.90 MB/s
======================================================================

[52/55] Running: xargs.1 (block size: 1.00 KB)

======================================================================
Test: xargs.1
Block Size: 1.00 KB
Input Size: 4.13 KB
Output Size: 4.13 KB
Compression Ratio: 1.0012
----------------------------------------------------------------------
Trials: 5
----------------------------------------------------------------------
Forward BWT:
  Mean:   1.3334 ms ± 379.4325 μs
  Min:    1.1169 ms
  Max:    2.0069 ms

Inverse BWT:
  Mean:   360.7748 μs ± 169.5683 μs
  Min:    257.7080 μs
  Max:    661.2080 μs

Total Roundtrip:
  Mean:   1.6942 ms ± 385.0519 μs
  Min:    1.3746 ms
  Max:    2.3267 ms

Throughput: 2.38 MB/s
======================================================================

[53/55] Running: xargs.1 (block size: 4.00 KB)

======================================================================
Test: xargs.1
Block Size: 4.00 KB
Input Size: 4.13 KB
Output Size: 4.13 KB
Compression Ratio: 1.0005
----------------------------------------------------------------------
Trials: 5
----------------------------------------------------------------------
Forward BWT:
  Mean:   2.1761 ms ± 179.0540 μs
  Min:    1.9892 ms
  Max:    2.3959 ms

Inverse BWT:
  Mean:   277.1168 μs ± 18.6126 μs
  Min:    261.7500 μs
  Max:    309.3750 μs

Total Roundtrip:
  Mean:   2.4532 ms ± 179.6859 μs
  Min:    2.2619 ms
  Max:    2.6691 ms

Throughput: 1.64 MB/s
======================================================================

[54/55] Running: xargs.1 (block size: 16.00 KB)

======================================================================
Test: xargs.1
Block Size: 16.00 KB
Input Size: 4.13 KB
Output Size: 4.13 KB
Compression Ratio: 1.0002
----------------------------------------------------------------------
Trials: 5
----------------------------------------------------------------------
Forward BWT:
  Mean:   2.2009 ms ± 130.1931 μs
  Min:    2.0751 ms
  Max:    2.3562 ms

Inverse BWT:
  Mean:   243.6332 μs ± 16.0680 μs
  Min:    219.9580 μs
  Max:    261.6250 μs

Total Roundtrip:
  Mean:   2.4446 ms ± 144.5706 μs
  Min:    2.2951 ms
  Max:    2.6179 ms

Throughput: 1.65 MB/s
======================================================================

[55/55] Running: xargs.1 (block size: 64.00 KB)

======================================================================
Test: xargs.1
Block Size: 64.00 KB
Input Size: 4.13 KB
Output Size: 4.13 KB
Compression Ratio: 1.0002
----------------------------------------------------------------------
Trials: 5
----------------------------------------------------------------------
Forward BWT:
  Mean:   2.1839 ms ± 63.8841 μs
  Min:    2.1220 ms
  Max:    2.2698 ms

Inverse BWT:
  Mean:   277.9836 μs ± 80.5019 μs
  Min:    227.6660 μs
  Max:    421.1670 μs

Total Roundtrip:
  Mean:   2.4619 ms ± 122.4333 μs
  Min:    2.3497 ms
  Max:    2.6512 ms

Throughput: 1.64 MB/s
======================================================================

======================================================================
Performance Benchmark Complete!
Total tests completed: 55
======================================================================
