
=== Running Performance Benchmarks ===

--- build/performance ---

======================================================================
BWT Performance Benchmark
======================================================================
Dataset Directory: data/canterbury_corpus
Number of trials per test: 5
Number of worker threads: 8
Scanning directory: data/canterbury_corpus
Found 11 files
Testing 5 block sizes
Total test cases: 55
======================================================================

[1/55] Running: alice29.txt (block size: 512 B)

======================================================================
Test: alice29.txt
Block Size: 512 B
Input Size: 148.52 KB
Output Size: 148.82 KB
Compression Ratio: 1.0020
----------------------------------------------------------------------
Trials: 5
----------------------------------------------------------------------
Forward BWT:
  Mean:   3.7351 ms ± 661.5929 μs
  Min:    3.2898 ms
  Max:    4.8899 ms

Inverse BWT:
  Mean:   6.4420 ms ± 206.3097 μs
  Min:    6.2989 ms
  Max:    6.7916 ms

Total Roundtrip:
  Mean:   10.1770 ms ± 864.4298 μs
  Min:    9.6385 ms
  Max:    11.6815 ms

Throughput: 14.25 MB/s
======================================================================

[2/55] Running: alice29.txt (block size: 1.00 KB)

======================================================================
Test: alice29.txt
Block Size: 1.00 KB
Input Size: 148.52 KB
Output Size: 148.67 KB
Compression Ratio: 1.0010
----------------------------------------------------------------------
Trials: 5
----------------------------------------------------------------------
Forward BWT:
  Mean:   3.4562 ms ± 155.2917 μs
  Min:    3.2537 ms
  Max:    3.6178 ms

Inverse BWT:
  Mean:   5.4733 ms ± 77.4132 μs
  Min:    5.3656 ms
  Max:    5.5640 ms

Total Roundtrip:
  Mean:   8.9295 ms ± 159.2684 μs
  Min:    8.6851 ms
  Max:    9.0613 ms

Throughput: 16.24 MB/s
======================================================================

[3/55] Running: alice29.txt (block size: 4.00 KB)

======================================================================
Test: alice29.txt
Block Size: 4.00 KB
Input Size: 148.52 KB
Output Size: 148.56 KB
Compression Ratio: 1.0003
----------------------------------------------------------------------
Trials: 5
----------------------------------------------------------------------
Forward BWT:
  Mean:   4.7689 ms ± 419.3505 μs
  Min:    4.1037 ms
  Max:    5.1399 ms

Inverse BWT:
  Mean:   4.4387 ms ± 112.0880 μs
  Min:    4.2788 ms
  Max:    4.5522 ms

Total Roundtrip:
  Mean:   9.2076 ms ± 381.5002 μs
  Min:    8.5975 ms
  Max:    9.6404 ms

Throughput: 15.75 MB/s
======================================================================

[4/55] Running: alice29.txt (block size: 16.00 KB)

======================================================================
Test: alice29.txt
Block Size: 16.00 KB
Input Size: 148.52 KB
Output Size: 148.54 KB
Compression Ratio: 1.0001
----------------------------------------------------------------------
Trials: 5
----------------------------------------------------------------------
Forward BWT:
  Mean:   5.3781 ms ± 140.1884 μs
  Min:    5.2350 ms
  Max:    5.5339 ms

Inverse BWT:
  Mean:   4.8913 ms ± 2.0415 ms
  Min:    3.8297 ms
  Max:    8.5265 ms

Total Roundtrip:
  Mean:   10.2694 ms ± 2.1271 ms
  Min:    9.1420 ms
  Max:    14.0603 ms

Throughput: 14.12 MB/s
======================================================================

[5/55] Running: alice29.txt (block size: 64.00 KB)

======================================================================
Test: alice29.txt
Block Size: 64.00 KB
Input Size: 148.52 KB
Output Size: 148.53 KB
Compression Ratio: 1.0000
----------------------------------------------------------------------
Trials: 5
----------------------------------------------------------------------
Forward BWT:
  Mean:   11.4033 ms ± 272.2484 μs
  Min:    11.2330 ms
  Max:    11.8875 ms

Inverse BWT:
  Mean:   3.8081 ms ± 169.6906 μs
  Min:    3.6228 ms
  Max:    4.0593 ms

Total Roundtrip:
  Mean:   15.2114 ms ± 290.2809 μs
  Min:    14.9335 ms
  Max:    15.6314 ms

Throughput: 9.54 MB/s
======================================================================

[6/55] Running: asyoulik.txt (block size: 512 B)

======================================================================
Test: asyoulik.txt
Block Size: 512 B
Input Size: 122.25 KB
Output Size: 122.49 KB
Compression Ratio: 1.0020
----------------------------------------------------------------------
Trials: 5
----------------------------------------------------------------------
Forward BWT:
  Mean:   3.7108 ms ± 1.0655 ms
  Min:    2.8905 ms
  Max:    5.5761 ms

Inverse BWT:
  Mean:   5.7682 ms ± 179.7140 μs
  Min:    5.5523 ms
  Max:    6.0368 ms

Total Roundtrip:
  Mean:   9.4790 ms ± 1.1021 ms
  Min:    8.4428 ms
  Max:    11.3593 ms

Throughput: 12.59 MB/s
======================================================================

[7/55] Running: asyoulik.txt (block size: 1.00 KB)

======================================================================
Test: asyoulik.txt
Block Size: 1.00 KB
Input Size: 122.25 KB
Output Size: 122.37 KB
Compression Ratio: 1.0010
----------------------------------------------------------------------
Trials: 5
----------------------------------------------------------------------
Forward BWT:
  Mean:   2.7852 ms ± 84.2625 μs
  Min:    2.6552 ms
  Max:    2.8519 ms

Inverse BWT:
  Mean:   4.6019 ms ± 76.8072 μs
  Min:    4.5322 ms
  Max:    4.7267 ms

Total Roundtrip:
  Mean:   7.3871 ms ± 145.2028 μs
  Min:    7.1873 ms
  Max:    7.5612 ms

Throughput: 16.16 MB/s
======================================================================

[8/55] Running: asyoulik.txt (block size: 4.00 KB)

======================================================================
Test: asyoulik.txt
Block Size: 4.00 KB
Input Size: 122.25 KB
Output Size: 122.28 KB
Compression Ratio: 1.0003
----------------------------------------------------------------------
Trials: 5
----------------------------------------------------------------------
Forward BWT:
  Mean:   3.1214 ms ± 54.0463 μs
  Min:    3.0657 ms
  Max:    3.1875 ms

Inverse BWT:
  Mean:   4.4919 ms ± 2.2160 ms
  Min:    3.4730 ms
  Max:    8.4556 ms

Total Roundtrip:
  Mean:   7.6134 ms ± 2.1930 ms
  Min:    6.5387 ms
  Max:    11.5341 ms

Throughput: 15.68 MB/s
======================================================================

[9/55] Running: asyoulik.txt (block size: 16.00 KB)

======================================================================
Test: asyoulik.txt
Block Size: 16.00 KB
Input Size: 122.25 KB
Output Size: 122.25 KB
Compression Ratio: 1.0001
----------------------------------------------------------------------
Trials: 5
----------------------------------------------------------------------
Forward BWT:
  Mean:   4.3905 ms ± 340.2699 μs
  Min:    4.0209 ms
  Max:    4.9109 ms

Inverse BWT:
  Mean:   3.2327 ms ± 34.0634 μs
  Min:    3.1980 ms
  Max:    3.2783 ms

Total Roundtrip:
  Mean:   7.6232 ms ± 326.7854 μs
  Min:    7.2992 ms
  Max:    8.1464 ms

Throughput: 15.66 MB/s
======================================================================

[10/55] Running: asyoulik.txt (block size: 64.00 KB)

======================================================================
Test: asyoulik.txt
Block Size: 64.00 KB
Input Size: 122.25 KB
Output Size: 122.25 KB
Compression Ratio: 1.0000
----------------------------------------------------------------------
Trials: 5
----------------------------------------------------------------------
Forward BWT:
  Mean:   10.3043 ms ± 125.9493 μs
  Min:    10.1074 ms
  Max:    10.4120 ms

Inverse BWT:
  Mean:   3.0920 ms ± 88.7940 μs
  Min:    3.0058 ms
  Max:    3.2280 ms

Total Roundtrip:
  Mean:   13.3963 ms ± 161.0941 μs
  Min:    13.2388 ms
  Max:    13.6361 ms

Throughput: 8.91 MB/s
======================================================================

[11/55] Running: cp.html (block size: 512 B)

======================================================================
Test: cp.html
Block Size: 512 B
Input Size: 24.03 KB
Output Size: 24.08 KB
Compression Ratio: 1.0020
----------------------------------------------------------------------
Trials: 5
----------------------------------------------------------------------
Forward BWT:
  Mean:   872.8416 μs ± 33.3495 μs
  Min:    833.4160 μs
  Max:    917.8330 μs

Inverse BWT:
  Mean:   1.2404 ms ± 68.4264 μs
  Min:    1.1770 ms
  Max:    1.3444 ms

Total Roundtrip:
  Mean:   2.1132 ms ± 64.2505 μs
  Min:    2.0388 ms
  Max:    2.2159 ms

Throughput: 11.10 MB/s
======================================================================

[12/55] Running: cp.html (block size: 1.00 KB)

======================================================================
Test: cp.html
Block Size: 1.00 KB
Input Size: 24.03 KB
Output Size: 24.05 KB
Compression Ratio: 1.0011
----------------------------------------------------------------------
Trials: 5
----------------------------------------------------------------------
Forward BWT:
  Mean:   901.4502 μs ± 93.4344 μs
  Min:    806.9170 μs
  Max:    1.0334 ms

Inverse BWT:
  Mean:   1.0230 ms ± 32.3945 μs
  Min:    988.6250 μs
  Max:    1.0578 ms

Total Roundtrip:
  Mean:   1.9244 ms ± 99.2160 μs
  Min:    1.7955 ms
  Max:    2.0284 ms

Throughput: 12.19 MB/s
======================================================================

[13/55] Running: cp.html (block size: 4.00 KB)

======================================================================
Test: cp.html
Block Size: 4.00 KB
Input Size: 24.03 KB
Output Size: 24.03 KB
Compression Ratio: 1.0003
----------------------------------------------------------------------
Trials: 5
----------------------------------------------------------------------
Forward BWT:
  Mean:   1.0202 ms ± 193.7643 μs
  Min:    887.5420 μs
  Max:    1.3506 ms

Inverse BWT:
  Mean:   787.6498 μs ± 29.0938 μs
  Min:    757.7910 μs
  Max:    822.5000 μs

Total Roundtrip:
  Mean:   1.8079 ms ± 197.6239 μs
  Min:    1.6453 ms
  Max:    2.1328 ms

Throughput: 12.98 MB/s
======================================================================

[14/55] Running: cp.html (block size: 16.00 KB)

======================================================================
Test: cp.html
Block Size: 16.00 KB
Input Size: 24.03 KB
Output Size: 24.03 KB
Compression Ratio: 1.0001
----------------------------------------------------------------------
Trials: 5
----------------------------------------------------------------------
Forward BWT:
  Mean:   2.6655 ms ± 98.2511 μs
  Min:    2.5569 ms
  Max:    2.7734 ms

Inverse BWT:
  Mean:   753.5496 μs ± 12.5754 μs
  Min:    739.7910 μs
  Max:    772.0000 μs

Total Roundtrip:
  Mean:   3.4190 ms ± 89.9275 μs
  Min:    3.3154 ms
  Max:    3.5181 ms

Throughput: 6.86 MB/s
======================================================================

[15/55] Running: cp.html (block size: 64.00 KB)

======================================================================
Test: cp.html
Block Size: 64.00 KB
Input Size: 24.03 KB
Output Size: 24.03 KB
Compression Ratio: 1.0001
----------------------------------------------------------------------
Trials: 5
----------------------------------------------------------------------
Forward BWT:
  Mean:   4.2658 ms ± 696.9522 μs
  Min:    3.8210 ms
  Max:    5.5007 ms

Inverse BWT:
  Mean:   851.2920 μs ± 314.4869 μs
  Min:    693.4170 μs
  Max:    1.4130 ms

Total Roundtrip:
  Mean:   5.1171 ms ± 1.0090 ms
  Min:    4.5392 ms
  Max:    6.9136 ms

Throughput: 4.59 MB/s
======================================================================

[16/55] Running: fields.c (block size: 512 B)

======================================================================
Test: fields.c
Block Size: 512 B
Input Size: 10.89 KB
Output Size: 10.91 KB
Compression Ratio: 1.0021
----------------------------------------------------------------------
Trials: 5
----------------------------------------------------------------------
Forward BWT:
  Mean:   583.9916 μs ± 61.2757 μs
  Min:    533.3340 μs
  Max:    671.9580 μs

Inverse BWT:
  Mean:   634.5252 μs ± 80.2968 μs
  Min:    573.8340 μs
  Max:    769.0000 μs

Total Roundtrip:
  Mean:   1.2185 ms ± 139.6189 μs
  Min:    1.1072 ms
  Max:    1.4410 ms

Throughput: 8.73 MB/s
======================================================================

[17/55] Running: fields.c (block size: 1.00 KB)

======================================================================
Test: fields.c
Block Size: 1.00 KB
Input Size: 10.89 KB
Output Size: 10.90 KB
Compression Ratio: 1.0011
----------------------------------------------------------------------
Trials: 5
----------------------------------------------------------------------
Forward BWT:
  Mean:   591.7498 μs ± 28.7019 μs
  Min:    562.5410 μs
  Max:    635.0000 μs

Inverse BWT:
  Mean:   514.0916 μs ± 23.1784 μs
  Min:    479.8750 μs
  Max:    539.0840 μs

Total Roundtrip:
  Mean:   1.1058 ms ± 41.7494 μs
  Min:    1.0601 ms
  Max:    1.1668 ms

Throughput: 9.62 MB/s
======================================================================

[18/55] Running: fields.c (block size: 4.00 KB)

======================================================================
Test: fields.c
Block Size: 4.00 KB
Input Size: 10.89 KB
Output Size: 10.89 KB
Compression Ratio: 1.0004
----------------------------------------------------------------------
Trials: 5
----------------------------------------------------------------------
Forward BWT:
  Mean:   900.9002 μs ± 51.2261 μs
  Min:    857.1670 μs
  Max:    978.6250 μs

Inverse BWT:
  Mean:   433.2168 μs ± 10.5198 μs
  Min:    419.8750 μs
  Max:    448.4590 μs

Total Roundtrip:
  Mean:   1.3341 ms ± 49.4880 μs
  Min:    1.2829 ms
  Max:    1.4067 ms

Throughput: 7.97 MB/s
======================================================================

[19/55] Running: fields.c (block size: 16.00 KB)

======================================================================
Test: fields.c
Block Size: 16.00 KB
Input Size: 10.89 KB
Output Size: 10.89 KB
Compression Ratio: 1.0002
----------------------------------------------------------------------
Trials: 5
----------------------------------------------------------------------
Forward BWT:
  Mean:   2.0161 ms ± 93.3770 μs
  Min:    1.9240 ms
  Max:    2.1207 ms

Inverse BWT:
  Mean:   416.0252 μs ± 60.2230 μs
  Min:    358.5420 μs
  Max:    509.3340 μs

Total Roundtrip:
  Mean:   2.4321 ms ± 97.9796 μs
  Min:    2.2826 ms
  Max:    2.5488 ms

Throughput: 4.37 MB/s
======================================================================

[20/55] Running: fields.c (block size: 64.00 KB)

======================================================================
Test: fields.c
Block Size: 64.00 KB
Input Size: 10.89 KB
Output Size: 10.89 KB
Compression Ratio: 1.0002
----------------------------------------------------------------------
Trials: 5
----------------------------------------------------------------------
Forward BWT:
  Mean:   1.9710 ms ± 50.3662 μs
  Min:    1.9117 ms
  Max:    2.0130 ms

Inverse BWT:
  Mean:   429.6834 μs ± 53.6741 μs
  Min:    382.6250 μs
  Max:    515.5830 μs

Total Roundtrip:
  Mean:   2.4006 ms ± 89.7110 μs
  Min:    2.2943 ms
  Max:    2.5183 ms

Throughput: 4.43 MB/s
======================================================================

[21/55] Running: grammar.lsp (block size: 512 B)

======================================================================
Test: grammar.lsp
Block Size: 512 B
Input Size: 3.63 KB
Output Size: 3.64 KB
Compression Ratio: 1.0024
----------------------------------------------------------------------
Trials: 5
----------------------------------------------------------------------
Forward BWT:
  Mean:   419.5080 μs ± 48.8900 μs
  Min:    358.2910 μs
  Max:    482.4580 μs

Inverse BWT:
  Mean:   250.2502 μs ± 18.8343 μs
  Min:    218.8340 μs
  Max:    268.6250 μs

Total Roundtrip:
  Mean:   669.7582 μs ± 62.7370 μs
  Min:    577.1250 μs
  Max:    733.5830 μs

Throughput: 5.30 MB/s
======================================================================

[22/55] Running: grammar.lsp (block size: 1.00 KB)

======================================================================
Test: grammar.lsp
Block Size: 1.00 KB
Input Size: 3.63 KB
Output Size: 3.64 KB
Compression Ratio: 1.0013
----------------------------------------------------------------------
Trials: 5
----------------------------------------------------------------------
Forward BWT:
  Mean:   443.2332 μs ± 43.2610 μs
  Min:    390.5000 μs
  Max:    481.0000 μs

Inverse BWT:
  Mean:   255.8002 μs ± 45.7638 μs
  Min:    200.4590 μs
  Max:    309.5000 μs

Total Roundtrip:
  Mean:   699.0334 μs ± 88.3354 μs
  Min:    590.9590 μs
  Max:    790.5000 μs

Throughput: 5.08 MB/s
======================================================================

[23/55] Running: grammar.lsp (block size: 4.00 KB)

======================================================================
Test: grammar.lsp
Block Size: 4.00 KB
Input Size: 3.63 KB
Output Size: 3.64 KB
Compression Ratio: 1.0005
----------------------------------------------------------------------
Trials: 5
----------------------------------------------------------------------
Forward BWT:
  Mean:   719.2084 μs ± 29.3799 μs
  Min:    680.5000 μs
  Max:    757.7910 μs

Inverse BWT:
  Mean:   204.7752 μs ± 20.4930 μs
  Min:    182.4170 μs
  Max:    230.0420 μs

Total Roundtrip:
  Mean:   923.9836 μs ± 40.4945 μs
  Min:    884.7090 μs
  Max:    972.3740 μs

Throughput: 3.84 MB/s
======================================================================

[24/55] Running: grammar.lsp (block size: 16.00 KB)

======================================================================
Test: grammar.lsp
Block Size: 16.00 KB
Input Size: 3.63 KB
Output Size: 3.64 KB
Compression Ratio: 1.0005
----------------------------------------------------------------------
Trials: 5
----------------------------------------------------------------------
Forward BWT:
  Mean:   752.9500 μs ± 126.5505 μs
  Min:    667.1250 μs
  Max:    964.6250 μs

Inverse BWT:
  Mean:   203.6502 μs ± 27.1610 μs
  Min:    175.9580 μs
  Max:    237.0840 μs

Total Roundtrip:
  Mean:   956.6002 μs ± 149.5789 μs
  Min:    843.0830 μs
  Max:    1.2017 ms

Throughput: 3.71 MB/s
======================================================================

[25/55] Running: grammar.lsp (block size: 64.00 KB)

======================================================================
Test: grammar.lsp
Block Size: 64.00 KB
Input Size: 3.63 KB
Output Size: 3.64 KB
Compression Ratio: 1.0005
----------------------------------------------------------------------
Trials: 5
----------------------------------------------------------------------
Forward BWT:
  Mean:   746.2498 μs ± 67.1630 μs
  Min:    680.2920 μs
  Max:    843.8330 μs

Inverse BWT:
  Mean:   200.2166 μs ± 24.0308 μs
  Min:    167.6670 μs
  Max:    225.2080 μs

Total Roundtrip:
  Mean:   946.4664 μs ± 78.1787 μs
  Min:    854.5000 μs
  Max:    1.0348 ms

Throughput: 3.75 MB/s
======================================================================

[26/55] Running: kennedy.xls (block size: 512 B)

======================================================================
Test: kennedy.xls
Block Size: 512 B
Status: FAILED - No successful trials recorded.
======================================================================

[27/55] Running: kennedy.xls (block size: 1.00 KB)

======================================================================
Test: kennedy.xls
Block Size: 1.00 KB
Status: FAILED - No successful trials recorded.
======================================================================

[28/55] Running: kennedy.xls (block size: 4.00 KB)

======================================================================
Test: kennedy.xls
Block Size: 4.00 KB
Status: FAILED - No successful trials recorded.
======================================================================

[29/55] Running: kennedy.xls (block size: 16.00 KB)

======================================================================
Test: kennedy.xls
Block Size: 16.00 KB
Status: FAILED - No successful trials recorded.
======================================================================

[30/55] Running: kennedy.xls (block size: 64.00 KB)

======================================================================
Test: kennedy.xls
Block Size: 64.00 KB
Status: FAILED - No successful trials recorded.
======================================================================

[31/55] Running: lcet10.txt (block size: 512 B)

======================================================================
Test: lcet10.txt
Block Size: 512 B
Input Size: 416.75 KB
Output Size: 417.57 KB
Compression Ratio: 1.0020
----------------------------------------------------------------------
Trials: 5
----------------------------------------------------------------------
Forward BWT:
  Mean:   10.1543 ms ± 1.7032 ms
  Min:    9.0245 ms
  Max:    13.1624 ms

Inverse BWT:
  Mean:   17.8918 ms ± 346.3050 μs
  Min:    17.6042 ms
  Max:    18.4453 ms

Total Roundtrip:
  Mean:   28.0462 ms ± 2.0316 ms
  Min:    26.6286 ms
  Max:    31.6077 ms

Throughput: 14.51 MB/s
======================================================================

[32/55] Running: lcet10.txt (block size: 1.00 KB)

======================================================================
Test: lcet10.txt
Block Size: 1.00 KB
Input Size: 416.75 KB
Output Size: 417.16 KB
Compression Ratio: 1.0010
----------------------------------------------------------------------
Trials: 5
----------------------------------------------------------------------
Forward BWT:
  Mean:   8.9495 ms ± 121.9256 μs
  Min:    8.8175 ms
  Max:    9.1075 ms

Inverse BWT:
  Mean:   15.0336 ms ± 201.6242 μs
  Min:    14.8627 ms
  Max:    15.3775 ms

Total Roundtrip:
  Mean:   23.9831 ms ± 305.5948 μs
  Min:    23.6802 ms
  Max:    24.4850 ms

Throughput: 16.97 MB/s
======================================================================

[33/55] Running: lcet10.txt (block size: 4.00 KB)

======================================================================
Test: lcet10.txt
Block Size: 4.00 KB
Input Size: 416.75 KB
Output Size: 416.86 KB
Compression Ratio: 1.0002
----------------------------------------------------------------------
Trials: 5
----------------------------------------------------------------------
Forward BWT:
  Mean:   10.0058 ms ± 272.7260 μs
  Min:    9.6857 ms
  Max:    10.4259 ms

Inverse BWT:
  Mean:   12.6420 ms ± 2.1228 ms
  Min:    11.5920 ms
  Max:    16.4355 ms

Total Roundtrip:
  Mean:   22.6478 ms ± 2.1821 ms
  Min:    21.2777 ms
  Max:    26.4988 ms

Throughput: 17.97 MB/s
======================================================================

[34/55] Running: lcet10.txt (block size: 16.00 KB)

======================================================================
Test: lcet10.txt
Block Size: 16.00 KB
Input Size: 416.75 KB
Output Size: 416.78 KB
Compression Ratio: 1.0001
----------------------------------------------------------------------
Trials: 5
----------------------------------------------------------------------
Forward BWT:
  Mean:   11.6245 ms ± 420.8661 μs
  Min:    11.2545 ms
  Max:    12.1264 ms

Inverse BWT:
  Mean:   10.4670 ms ± 84.5370 μs
  Min:    10.3617 ms
  Max:    10.5634 ms

Total Roundtrip:
  Mean:   22.0915 ms ± 496.4143 μs
  Min:    21.6289 ms
  Max:    22.6645 ms

Throughput: 18.42 MB/s
======================================================================

[35/55] Running: lcet10.txt (block size: 64.00 KB)

======================================================================
Test: lcet10.txt
Block Size: 64.00 KB
Input Size: 416.75 KB
Output Size: 416.76 KB
Compression Ratio: 1.0000
----------------------------------------------------------------------
Trials: 5
----------------------------------------------------------------------
Forward BWT:
  Mean:   14.2140 ms ± 1.1406 ms
  Min:    13.1483 ms
  Max:    15.6669 ms

Inverse BWT:
  Mean:   10.7428 ms ± 1.7861 ms
  Min:    9.7551 ms
  Max:    13.9236 ms

Total Roundtrip:
  Mean:   24.9568 ms ± 2.7618 ms
  Min:    23.0550 ms
  Max:    29.5905 ms

Throughput: 16.31 MB/s
======================================================================

[36/55] Running: plrabn12.txt (block size: 512 B)

======================================================================
Test: plrabn12.txt
Block Size: 512 B
Input Size: 470.57 KB
Output Size: 471.49 KB
Compression Ratio: 1.0020
----------------------------------------------------------------------
Trials: 5
----------------------------------------------------------------------
Forward BWT:
  Mean:   11.3197 ms ± 1.7129 ms
  Min:    10.2829 ms
  Max:    14.3138 ms

Inverse BWT:
  Mean:   19.8643 ms ± 712.4978 μs
  Min:    19.4151 ms
  Max:    21.1267 ms

Total Roundtrip:
  Mean:   31.1840 ms ± 1.6515 ms
  Min:    29.6980 ms
  Max:    33.8300 ms

Throughput: 14.74 MB/s
======================================================================

[37/55] Running: plrabn12.txt (block size: 1.00 KB)

======================================================================
Test: plrabn12.txt
Block Size: 1.00 KB
Input Size: 470.57 KB
Output Size: 471.03 KB
Compression Ratio: 1.0010
----------------------------------------------------------------------
Trials: 5
----------------------------------------------------------------------
Forward BWT:
  Mean:   9.7444 ms ± 187.5687 μs
  Min:    9.6060 ms
  Max:    10.0418 ms

Inverse BWT:
  Mean:   16.8225 ms ± 47.5720 μs
  Min:    16.7520 ms
  Max:    16.8808 ms

Total Roundtrip:
  Mean:   26.5669 ms ± 203.4960 μs
  Min:    26.3888 ms
  Max:    26.8592 ms

Throughput: 17.30 MB/s
======================================================================

[38/55] Running: plrabn12.txt (block size: 4.00 KB)

======================================================================
Test: plrabn12.txt
Block Size: 4.00 KB
Input Size: 470.57 KB
Output Size: 470.68 KB
Compression Ratio: 1.0002
----------------------------------------------------------------------
Trials: 5
----------------------------------------------------------------------
Forward BWT:
  Mean:   10.5115 ms ± 366.0150 μs
  Min:    10.0975 ms
  Max:    11.0697 ms

Inverse BWT:
  Mean:   14.2166 ms ± 1.4851 ms
  Min:    13.5069 ms
  Max:    16.8706 ms

Total Roundtrip:
  Mean:   24.7280 ms ± 1.8050 ms
  Min:    23.6197 ms
  Max:    27.9403 ms

Throughput: 18.58 MB/s
======================================================================

[39/55] Running: plrabn12.txt (block size: 16.00 KB)

======================================================================
Test: plrabn12.txt
Block Size: 16.00 KB
Input Size: 470.57 KB
Output Size: 470.60 KB
Compression Ratio: 1.0001
----------------------------------------------------------------------
Trials: 5
----------------------------------------------------------------------
Forward BWT:
  Mean:   12.2769 ms ± 278.0913 μs
  Min:    12.0085 ms
  Max:    12.6974 ms

Inverse BWT:
  Mean:   12.7927 ms ± 1.7307 ms
  Min:    11.8395 ms
  Max:    15.8826 ms

Total Roundtrip:
  Mean:   25.0696 ms ± 1.9766 ms
  Min:    23.8480 ms
  Max:    28.5800 ms

Throughput: 18.33 MB/s
======================================================================

[40/55] Running: plrabn12.txt (block size: 64.00 KB)

======================================================================
Test: plrabn12.txt
Block Size: 64.00 KB
Input Size: 470.57 KB
Output Size: 470.58 KB
Compression Ratio: 1.0000
----------------------------------------------------------------------
Trials: 5
----------------------------------------------------------------------
Forward BWT:
  Mean:   17.3573 ms ± 1.0731 ms
  Min:    15.9222 ms
  Max:    18.8990 ms

Inverse BWT:
  Mean:   11.9167 ms ± 134.6124 μs
  Min:    11.7835 ms
  Max:    12.1067 ms

Total Roundtrip:
  Mean:   29.2739 ms ± 1.1546 ms
  Min:    27.7162 ms
  Max:    30.8752 ms

Throughput: 15.70 MB/s
======================================================================

[41/55] Running: ptt5 (block size: 512 B)

======================================================================
Test: ptt5
Block Size: 512 B
Input Size: 501.19 KB
Output Size: 502.17 KB
Compression Ratio: 1.0020
----------------------------------------------------------------------
Trials: 5
----------------------------------------------------------------------
Forward BWT:
  Mean:   20.2416 ms ± 3.5112 ms
  Min:    18.2458 ms
  Max:    26.4623 ms

Inverse BWT:
  Mean:   10.8789 ms ± 110.4461 μs
  Min:    10.7295 ms
  Max:    10.9846 ms

Total Roundtrip:
  Mean:   31.1205 ms ± 3.5819 ms
  Min:    28.9753 ms
  Max:    37.4469 ms

Throughput: 15.73 MB/s
======================================================================

[42/55] Running: ptt5 (block size: 1.00 KB)

======================================================================
Test: ptt5
Block Size: 1.00 KB
Input Size: 501.19 KB
Output Size: 501.68 KB
Compression Ratio: 1.0010
----------------------------------------------------------------------
Trials: 5
----------------------------------------------------------------------
Forward BWT:
  Mean:   18.7659 ms ± 556.6102 μs
  Min:    18.3193 ms
  Max:    19.6765 ms

Inverse BWT:
  Mean:   10.6927 ms ± 2.5917 ms
  Min:    9.4460 ms
  Max:    15.3240 ms

Total Roundtrip:
  Mean:   29.4585 ms ± 2.5797 ms
  Min:    27.7845 ms
  Max:    33.9190 ms

Throughput: 16.61 MB/s
======================================================================

[43/55] Running: ptt5 (block size: 4.00 KB)

======================================================================
Test: ptt5
Block Size: 4.00 KB
Input Size: 501.19 KB
Output Size: 501.31 KB
Compression Ratio: 1.0002
----------------------------------------------------------------------
Trials: 5
----------------------------------------------------------------------
Forward BWT:
  Mean:   23.6120 ms ± 947.4074 μs
  Min:    22.2249 ms
  Max:    24.5367 ms

Inverse BWT:
  Mean:   8.7663 ms ± 382.4365 μs
  Min:    8.4902 ms
  Max:    9.3820 ms

Total Roundtrip:
  Mean:   32.3782 ms ± 1.2139 ms
  Min:    30.7584 ms
  Max:    33.6223 ms

Throughput: 15.12 MB/s
======================================================================

[44/55] Running: ptt5 (block size: 16.00 KB)

======================================================================
Test: ptt5
Block Size: 16.00 KB
Input Size: 501.19 KB
Output Size: 501.22 KB
Compression Ratio: 1.0001
----------------------------------------------------------------------
Trials: 5
----------------------------------------------------------------------
Forward BWT:
  Mean:   35.6660 ms ± 844.7188 μs
  Min:    34.8765 ms
  Max:    36.9002 ms

Inverse BWT:
  Mean:   8.4021 ms ± 167.1186 μs
  Min:    8.1970 ms
  Max:    8.5869 ms

Total Roundtrip:
  Mean:   44.0681 ms ± 904.6971 μs
  Min:    43.2557 ms
  Max:    45.4872 ms

Throughput: 11.11 MB/s
======================================================================

[45/55] Running: ptt5 (block size: 64.00 KB)

======================================================================
Test: ptt5
Block Size: 64.00 KB
Input Size: 501.19 KB
Output Size: 501.20 KB
Compression Ratio: 1.0000
----------------------------------------------------------------------
Trials: 5
----------------------------------------------------------------------
Forward BWT:
  Mean:   61.1776 ms ± 3.1480 ms
  Min:    57.8325 ms
  Max:    66.2118 ms

Inverse BWT:
  Mean:   8.8710 ms ± 114.7308 μs
  Min:    8.7682 ms
  Max:    8.9979 ms

Total Roundtrip:
  Mean:   70.0487 ms ± 3.0708 ms
  Min:    66.8267 ms
  Max:    74.9800 ms

Throughput: 6.99 MB/s
======================================================================

[46/55] Running: sum (block size: 512 B)

======================================================================
Test: sum
Block Size: 512 B
Input Size: 37.34 KB
Output Size: 37.42 KB
Compression Ratio: 1.0020
----------------------------------------------------------------------
Trials: 5
----------------------------------------------------------------------
Forward BWT:
  Mean:   1.2666 ms ± 271.8462 μs
  Min:    1.0822 ms
  Max:    1.7427 ms

Inverse BWT:
  Mean:   2.5499 ms ± 1.6733 ms
  Min:    1.7325 ms
  Max:    5.5382 ms

Total Roundtrip:
  Mean:   3.8165 ms ± 1.9395 ms
  Min:    2.8296 ms
  Max:    7.2809 ms

Throughput: 9.56 MB/s
======================================================================

[47/55] Running: sum (block size: 1.00 KB)

======================================================================
Test: sum
Block Size: 1.00 KB
Input Size: 37.34 KB
Output Size: 37.38 KB
Compression Ratio: 1.0010
----------------------------------------------------------------------
Trials: 5
----------------------------------------------------------------------
Forward BWT:
  Mean:   1.1249 ms ± 90.5219 μs
  Min:    1.0278 ms
  Max:    1.2627 ms

Inverse BWT:
  Mean:   1.5388 ms ± 39.3761 μs
  Min:    1.4980 ms
  Max:    1.5906 ms

Total Roundtrip:
  Mean:   2.6638 ms ± 116.7928 μs
  Min:    2.5660 ms
  Max:    2.8533 ms

Throughput: 13.69 MB/s
======================================================================

[48/55] Running: sum (block size: 4.00 KB)

======================================================================
Test: sum
Block Size: 4.00 KB
Input Size: 37.34 KB
Output Size: 37.35 KB
Compression Ratio: 1.0003
----------------------------------------------------------------------
Trials: 5
----------------------------------------------------------------------
Forward BWT:
  Mean:   1.4751 ms ± 35.7798 μs
  Min:    1.4335 ms
  Max:    1.5220 ms

Inverse BWT:
  Mean:   1.2179 ms ± 18.9479 μs
  Min:    1.2014 ms
  Max:    1.2448 ms

Total Roundtrip:
  Mean:   2.6930 ms ± 41.9376 μs
  Min:    2.6599 ms
  Max:    2.7460 ms

Throughput: 13.54 MB/s
======================================================================

[49/55] Running: sum (block size: 16.00 KB)

======================================================================
Test: sum
Block Size: 16.00 KB
Input Size: 37.34 KB
Output Size: 37.35 KB
Compression Ratio: 1.0001
----------------------------------------------------------------------
Trials: 5
----------------------------------------------------------------------
Forward BWT:
  Mean:   3.1666 ms ± 84.2321 μs
  Min:    3.0894 ms
  Max:    3.3094 ms

Inverse BWT:
  Mean:   1.0529 ms ± 35.0110 μs
  Min:    996.5000 μs
  Max:    1.0818 ms

Total Roundtrip:
  Mean:   4.2195 ms ± 84.6098 μs
  Min:    4.1345 ms
  Max:    4.3511 ms

Throughput: 8.64 MB/s
======================================================================

[50/55] Running: sum (block size: 64.00 KB)

======================================================================
Test: sum
Block Size: 64.00 KB
Input Size: 37.34 KB
Output Size: 37.35 KB
Compression Ratio: 1.0001
----------------------------------------------------------------------
Trials: 5
----------------------------------------------------------------------
Forward BWT:
  Mean:   7.1971 ms ± 67.6149 μs
  Min:    7.1555 ms
  Max:    7.3175 ms

Inverse BWT:
  Mean:   949.6496 μs ± 24.1110 μs
  Min:    924.0000 μs
  Max:    978.4580 μs

Total Roundtrip:
  Mean:   8.1468 ms ± 84.1475 μs
  Min:    8.0970 ms
  Max:    8.2959 ms

Throughput: 4.48 MB/s
======================================================================

[51/55] Running: xargs.1 (block size: 512 B)

======================================================================
Test: xargs.1
Block Size: 512 B
Input Size: 4.13 KB
Output Size: 4.14 KB
Compression Ratio: 1.0024
----------------------------------------------------------------------
Trials: 5
----------------------------------------------------------------------
Forward BWT:
  Mean:   444.2664 μs ± 11.3272 μs
  Min:    428.0000 μs
  Max:    456.1660 μs

Inverse BWT:
  Mean:   361.8000 μs ± 13.8591 μs
  Min:    343.0420 μs
  Max:    377.2080 μs

Total Roundtrip:
  Mean:   806.0664 μs ± 24.6745 μs
  Min:    771.0420 μs
  Max:    830.2490 μs

Throughput: 5.00 MB/s
======================================================================

[52/55] Running: xargs.1 (block size: 1.00 KB)

======================================================================
Test: xargs.1
Block Size: 1.00 KB
Input Size: 4.13 KB
Output Size: 4.13 KB
Compression Ratio: 1.0014
----------------------------------------------------------------------
Trials: 5
----------------------------------------------------------------------
Forward BWT:
  Mean:   500.0002 μs ± 54.3766 μs
  Min:    461.2500 μs
  Max:    590.3330 μs

Inverse BWT:
  Mean:   350.0918 μs ± 18.9956 μs
  Min:    329.2090 μs
  Max:    373.2500 μs

Total Roundtrip:
  Mean:   850.0920 μs ± 71.1203 μs
  Min:    792.9580 μs
  Max:    963.5830 μs

Throughput: 4.74 MB/s
======================================================================

[53/55] Running: xargs.1 (block size: 4.00 KB)

======================================================================
Test: xargs.1
Block Size: 4.00 KB
Input Size: 4.13 KB
Output Size: 4.13 KB
Compression Ratio: 1.0007
----------------------------------------------------------------------
Trials: 5
----------------------------------------------------------------------
Forward BWT:
  Mean:   805.3000 μs ± 23.6567 μs
  Min:    763.6250 μs
  Max:    821.6250 μs

Inverse BWT:
  Mean:   340.5336 μs ± 73.8511 μs
  Min:    279.6670 μs
  Max:    460.0000 μs

Total Roundtrip:
  Mean:   1.1458 ms ± 88.8371 μs
  Min:    1.0433 ms
  Max:    1.2816 ms

Throughput: 3.52 MB/s
======================================================================

[54/55] Running: xargs.1 (block size: 16.00 KB)

======================================================================
Test: xargs.1
Block Size: 16.00 KB
Input Size: 4.13 KB
Output Size: 4.13 KB
Compression Ratio: 1.0005
----------------------------------------------------------------------
Trials: 5
----------------------------------------------------------------------
Forward BWT:
  Mean:   856.3750 μs ± 31.3705 μs
  Min:    828.0840 μs
  Max:    907.3330 μs

Inverse BWT:
  Mean:   286.9666 μs ± 14.1577 μs
  Min:    266.7500 μs
  Max:    302.0830 μs

Total Roundtrip:
  Mean:   1.1433 ms ± 42.4248 μs
  Min:    1.1025 ms
  Max:    1.2094 ms

Throughput: 3.53 MB/s
======================================================================

[55/55] Running: xargs.1 (block size: 64.00 KB)

======================================================================
Test: xargs.1
Block Size: 64.00 KB
Input Size: 4.13 KB
Output Size: 4.13 KB
Compression Ratio: 1.0005
----------------------------------------------------------------------
Trials: 5
----------------------------------------------------------------------
Forward BWT:
  Mean:   896.2084 μs ± 179.8089 μs
  Min:    805.4170 μs
  Max:    1.2173 ms

Inverse BWT:
  Mean:   288.3748 μs ± 21.9773 μs
  Min:    267.0000 μs
  Max:    323.8330 μs

Total Roundtrip:
  Mean:   1.1846 ms ± 199.8933 μs
  Min:    1.0797 ms
  Max:    1.5411 ms

Throughput: 3.40 MB/s
======================================================================

======================================================================
Performance Benchmark Complete!
Total tests completed: 55

======================================================================
Aggregate Statistics by Block Size (Entire Dataset)
======================================================================
Block Size  Total Size     Total Time     Throughput        Comp. Ratio 
------------------------------------------------------------------------
512 B       1.70 MB        118.6309 ms    14.32 MB/s        1.0020      
1.00 KB     1.70 MB        103.5682 ms    16.40 MB/s        1.0010      
4.00 KB     1.70 MB        104.4798 ms    16.26 MB/s        1.0003      
16.00 KB    1.70 MB        121.2924 ms    14.00 MB/s        1.0001      
64.00 KB    1.70 MB        170.6826 ms    9.95 MB/s         1.0000      
======================================================================
======================================================================
