Compiling src/bwt.cpp (test mode)
Building benchmark build/performance

=== Running Performance Benchmarks ===

--- build/performance ---

======================================================================
BWT Performance Benchmark
======================================================================
Dataset Directory: data/canterbury_corpus
Number of trials per test: 5
Scanning directory: data/canterbury_corpus
Found 11 files
Testing 5 block sizes
Total test cases: 55
======================================================================

[1/55] Running: alice29.txt (block size: 512 B)

======================================================================
Test: alice29.txt
Block Size: 512 B
Input Size: 148.52 KB
Output Size: 148.82 KB
Compression Ratio: 1.0020
----------------------------------------------------------------------
Trials: 5
----------------------------------------------------------------------
Forward BWT:
  Mean:   34.5519 ms ± 9.2783 ms
  Min:    29.7350 ms
  Max:    51.0849 ms

Inverse BWT:
  Mean:   6.5754 ms ± 671.8393 μs
  Min:    6.2174 ms
  Max:    7.7748 ms

Total Roundtrip:
  Mean:   41.1273 ms ± 9.9458 ms
  Min:    35.9523 ms
  Max:    58.8596 ms

Throughput: 3.53 MB/s
======================================================================

[2/55] Running: alice29.txt (block size: 1.00 KB)

======================================================================
Test: alice29.txt
Block Size: 1.00 KB
Input Size: 148.52 KB
Output Size: 148.67 KB
Compression Ratio: 1.0010
----------------------------------------------------------------------
Trials: 5
----------------------------------------------------------------------
Forward BWT:
  Mean:   35.7619 ms ± 182.7609 μs
  Min:    35.5069 ms
  Max:    36.0158 ms

Inverse BWT:
  Mean:   5.3004 ms ± 48.5498 μs
  Min:    5.2331 ms
  Max:    5.3614 ms

Total Roundtrip:
  Mean:   41.0623 ms ± 172.1778 μs
  Min:    40.8097 ms
  Max:    41.2941 ms

Throughput: 3.53 MB/s
======================================================================

[3/55] Running: alice29.txt (block size: 4.00 KB)

======================================================================
Test: alice29.txt
Block Size: 4.00 KB
Input Size: 148.52 KB
Output Size: 148.56 KB
Compression Ratio: 1.0003
----------------------------------------------------------------------
Trials: 5
----------------------------------------------------------------------
Forward BWT:
  Mean:   69.7902 ms ± 1.4125 ms
  Min:    68.1377 ms
  Max:    71.9393 ms

Inverse BWT:
  Mean:   4.4531 ms ± 150.4528 μs
  Min:    4.1987 ms
  Max:    4.5745 ms

Total Roundtrip:
  Mean:   74.2432 ms ± 1.3826 ms
  Min:    72.7122 ms
  Max:    76.4070 ms

Throughput: 1.95 MB/s
======================================================================

[4/55] Running: alice29.txt (block size: 16.00 KB)

======================================================================
Test: alice29.txt
Block Size: 16.00 KB
Input Size: 148.52 KB
Output Size: 148.54 KB
Compression Ratio: 1.0001
----------------------------------------------------------------------
Trials: 5
----------------------------------------------------------------------
Forward BWT:
  Mean:   184.2648 ms ± 44.8721 ms
  Min:    163.6370 ms
  Max:    264.5321 ms

Inverse BWT:
  Mean:   4.1211 ms ± 139.0749 μs
  Min:    3.8772 ms
  Max:    4.2202 ms

Total Roundtrip:
  Mean:   188.3859 ms ± 44.8927 ms
  Min:    167.7910 ms
  Max:    268.6904 ms

Throughput: 0.77 MB/s
======================================================================

[5/55] Running: alice29.txt (block size: 64.00 KB)

======================================================================
Test: alice29.txt
Block Size: 64.00 KB
Input Size: 148.52 KB
Output Size: 148.53 KB
Compression Ratio: 1.0000
----------------------------------------------------------------------
Trials: 5
----------------------------------------------------------------------
Forward BWT:
  Mean:   3.7332 s ± 951.9945 ms
  Min:    2.7673 s
  Max:    5.1888 s

Inverse BWT:
  Mean:   4.1303 ms ± 282.3255 μs
  Min:    3.8996 ms
  Max:    4.5693 ms

Total Roundtrip:
  Mean:   3.7373 s ± 951.9965 ms
  Min:    2.7712 s
  Max:    5.1931 s

Throughput: 0.04 MB/s
======================================================================

[6/55] Running: asyoulik.txt (block size: 512 B)

======================================================================
Test: asyoulik.txt
Block Size: 512 B
Input Size: 122.25 KB
Output Size: 122.49 KB
Compression Ratio: 1.0020
----------------------------------------------------------------------
Trials: 5
----------------------------------------------------------------------
Forward BWT:
  Mean:   45.4914 ms ± 20.8496 ms
  Min:    27.7116 ms
  Max:    75.0725 ms

Inverse BWT:
  Mean:   19.9365 ms ± 21.5061 ms
  Min:    5.7787 ms
  Max:    57.1122 ms

Total Roundtrip:
  Mean:   65.4278 ms ± 41.5131 ms
  Min:    33.4984 ms
  Max:    132.1847 ms

Throughput: 1.82 MB/s
======================================================================

[7/55] Running: asyoulik.txt (block size: 1.00 KB)

======================================================================
Test: asyoulik.txt
Block Size: 1.00 KB
Input Size: 122.25 KB
Output Size: 122.37 KB
Compression Ratio: 1.0010
----------------------------------------------------------------------
Trials: 5
----------------------------------------------------------------------
Forward BWT:
  Mean:   42.8856 ms ± 9.2396 ms
  Min:    31.8166 ms
  Max:    53.3366 ms

Inverse BWT:
  Mean:   5.7485 ms ± 1.7451 ms
  Min:    4.5215 ms
  Max:    8.7594 ms

Total Roundtrip:
  Mean:   48.6341 ms ± 9.9243 ms
  Min:    37.4503 ms
  Max:    60.2512 ms

Throughput: 2.45 MB/s
======================================================================

[8/55] Running: asyoulik.txt (block size: 4.00 KB)

======================================================================
Test: asyoulik.txt
Block Size: 4.00 KB
Input Size: 122.25 KB
Output Size: 122.28 KB
Compression Ratio: 1.0003
----------------------------------------------------------------------
Trials: 5
----------------------------------------------------------------------
Forward BWT:
  Mean:   103.2941 ms ± 71.1570 ms
  Min:    60.2778 ms
  Max:    229.8909 ms

Inverse BWT:
  Mean:   4.6197 ms ± 768.8421 μs
  Min:    4.0833 ms
  Max:    5.8596 ms

Total Roundtrip:
  Mean:   107.9138 ms ± 71.8479 ms
  Min:    64.3611 ms
  Max:    235.7505 ms

Throughput: 1.11 MB/s
======================================================================

[9/55] Running: asyoulik.txt (block size: 16.00 KB)

======================================================================
Test: asyoulik.txt
Block Size: 16.00 KB
Input Size: 122.25 KB
Output Size: 122.25 KB
Compression Ratio: 1.0001
----------------------------------------------------------------------
Trials: 5
----------------------------------------------------------------------
Forward BWT:
  Mean:   184.9756 ms ± 86.6295 ms
  Min:    141.6639 ms
  Max:    339.7608 ms

Inverse BWT:
  Mean:   3.4994 ms ± 179.6197 μs
  Min:    3.3322 ms
  Max:    3.7709 ms

Total Roundtrip:
  Mean:   188.4750 ms ± 86.7815 ms
  Min:    145.0271 ms
  Max:    343.5317 ms

Throughput: 0.63 MB/s
======================================================================

[10/55] Running: asyoulik.txt (block size: 64.00 KB)

======================================================================
Test: asyoulik.txt
Block Size: 64.00 KB
Input Size: 122.25 KB
Output Size: 122.25 KB
Compression Ratio: 1.0000
----------------------------------------------------------------------
Trials: 5
----------------------------------------------------------------------
Forward BWT:
  Mean:   1.1911 s ± 586.9419 ms
  Min:    734.9940 ms
  Max:    2.1926 s

Inverse BWT:
  Mean:   3.4268 ms ± 169.3692 μs
  Min:    3.2639 ms
  Max:    3.7080 ms

Total Roundtrip:
  Mean:   1.1946 s ± 586.9149 ms
  Min:    738.4184 ms
  Max:    2.1959 s

Throughput: 0.10 MB/s
======================================================================

[11/55] Running: cp.html (block size: 512 B)

======================================================================
Test: cp.html
Block Size: 512 B
Input Size: 24.03 KB
Output Size: 24.08 KB
Compression Ratio: 1.0020
----------------------------------------------------------------------
Trials: 5
----------------------------------------------------------------------
Forward BWT:
  Mean:   5.3844 ms ± 625.6952 μs
  Min:    4.9003 ms
  Max:    6.4342 ms

Inverse BWT:
  Mean:   1.2167 ms ± 37.5137 μs
  Min:    1.1768 ms
  Max:    1.2693 ms

Total Roundtrip:
  Mean:   6.6011 ms ± 648.0539 μs
  Min:    6.0771 ms
  Max:    7.6711 ms

Throughput: 3.55 MB/s
======================================================================

[12/55] Running: cp.html (block size: 1.00 KB)

======================================================================
Test: cp.html
Block Size: 1.00 KB
Input Size: 24.03 KB
Output Size: 24.05 KB
Compression Ratio: 1.0011
----------------------------------------------------------------------
Trials: 5
----------------------------------------------------------------------
Forward BWT:
  Mean:   6.1544 ms ± 400.8378 μs
  Min:    5.7778 ms
  Max:    6.7830 ms

Inverse BWT:
  Mean:   1.1097 ms ± 131.4658 μs
  Min:    980.0830 μs
  Max:    1.2561 ms

Total Roundtrip:
  Mean:   7.2640 ms ± 496.4759 μs
  Min:    6.7802 ms
  Max:    8.0391 ms

Throughput: 3.23 MB/s
======================================================================

[13/55] Running: cp.html (block size: 4.00 KB)

======================================================================
Test: cp.html
Block Size: 4.00 KB
Input Size: 24.03 KB
Output Size: 24.03 KB
Compression Ratio: 1.0003
----------------------------------------------------------------------
Trials: 5
----------------------------------------------------------------------
Forward BWT:
  Mean:   14.1927 ms ± 2.4738 ms
  Min:    12.3087 ms
  Max:    18.0468 ms

Inverse BWT:
  Mean:   967.0084 μs ± 261.5084 μs
  Min:    828.5840 μs
  Max:    1.4340 ms

Total Roundtrip:
  Mean:   15.1597 ms ± 2.4067 ms
  Min:    13.1661 ms
  Max:    18.9160 ms

Throughput: 1.55 MB/s
======================================================================

[14/55] Running: cp.html (block size: 16.00 KB)

======================================================================
Test: cp.html
Block Size: 16.00 KB
Input Size: 24.03 KB
Output Size: 24.03 KB
Compression Ratio: 1.0001
----------------------------------------------------------------------
Trials: 5
----------------------------------------------------------------------
Forward BWT:
  Mean:   90.8710 ms ± 109.7816 ms
  Min:    28.0855 ms
  Max:    282.4847 ms

Inverse BWT:
  Mean:   2.8083 ms ± 3.2749 ms
  Min:    1.0016 ms
  Max:    8.6248 ms

Total Roundtrip:
  Mean:   93.6793 ms ± 109.1538 ms
  Min:    29.0870 ms
  Max:    284.4626 ms

Throughput: 0.25 MB/s
======================================================================

[15/55] Running: cp.html (block size: 64.00 KB)

======================================================================
Test: cp.html
Block Size: 64.00 KB
Input Size: 24.03 KB
Output Size: 24.03 KB
Compression Ratio: 1.0001
----------------------------------------------------------------------
Trials: 5
----------------------------------------------------------------------
Forward BWT:
  Mean:   169.7368 ms ± 263.1141 ms
  Min:    39.4252 ms
  Max:    638.9369 ms

Inverse BWT:
  Mean:   1.0355 ms ± 272.1031 μs
  Min:    825.4580 μs
  Max:    1.5032 ms

Total Roundtrip:
  Mean:   170.7723 ms ± 263.3747 ms
  Min:    40.2507 ms
  Max:    640.4400 ms

Throughput: 0.14 MB/s
======================================================================

[16/55] Running: fields.c (block size: 512 B)

======================================================================
Test: fields.c
Block Size: 512 B
Input Size: 10.89 KB
Output Size: 10.91 KB
Compression Ratio: 1.0021
----------------------------------------------------------------------
Trials: 5
----------------------------------------------------------------------
Forward BWT:
  Mean:   2.5892 ms ± 174.7279 μs
  Min:    2.3740 ms
  Max:    2.7698 ms

Inverse BWT:
  Mean:   689.6250 μs ± 50.1980 μs
  Min:    650.5000 μs
  Max:    772.5830 μs

Total Roundtrip:
  Mean:   3.2788 ms ± 173.2190 μs
  Min:    3.0533 ms
  Max:    3.4650 ms

Throughput: 3.24 MB/s
======================================================================

[17/55] Running: fields.c (block size: 1.00 KB)

======================================================================
Test: fields.c
Block Size: 1.00 KB
Input Size: 10.89 KB
Output Size: 10.90 KB
Compression Ratio: 1.0011
----------------------------------------------------------------------
Trials: 5
----------------------------------------------------------------------
Forward BWT:
  Mean:   3.1460 ms ± 125.5609 μs
  Min:    2.9464 ms
  Max:    3.2813 ms

Inverse BWT:
  Mean:   743.3168 μs ± 88.9395 μs
  Min:    665.1660 μs
  Max:    841.2090 μs

Total Roundtrip:
  Mean:   3.8893 ms ± 134.6102 μs
  Min:    3.7840 ms
  Max:    4.1225 ms

Throughput: 2.73 MB/s
======================================================================

[18/55] Running: fields.c (block size: 4.00 KB)

======================================================================
Test: fields.c
Block Size: 4.00 KB
Input Size: 10.89 KB
Output Size: 10.89 KB
Compression Ratio: 1.0004
----------------------------------------------------------------------
Trials: 5
----------------------------------------------------------------------
Forward BWT:
  Mean:   6.8085 ms ± 2.1872 ms
  Min:    5.7002 ms
  Max:    10.7039 ms

Inverse BWT:
  Mean:   626.7248 μs ± 38.1253 μs
  Min:    594.4580 μs
  Max:    688.9580 μs

Total Roundtrip:
  Mean:   7.4352 ms ± 2.2230 ms
  Min:    6.2980 ms
  Max:    11.3929 ms

Throughput: 1.43 MB/s
======================================================================

[19/55] Running: fields.c (block size: 16.00 KB)

======================================================================
Test: fields.c
Block Size: 16.00 KB
Input Size: 10.89 KB
Output Size: 10.89 KB
Compression Ratio: 1.0002
----------------------------------------------------------------------
Trials: 5
----------------------------------------------------------------------
Forward BWT:
  Mean:   33.9133 ms ± 37.6696 ms
  Min:    15.5006 ms
  Max:    101.1209 ms

Inverse BWT:
  Mean:   634.9584 μs ± 85.8883 μs
  Min:    569.0420 μs
  Max:    783.5000 μs

Total Roundtrip:
  Mean:   34.5483 ms ± 37.6629 ms
  Min:    16.0841 ms
  Max:    101.7456 ms

Throughput: 0.31 MB/s
======================================================================

[20/55] Running: fields.c (block size: 64.00 KB)

======================================================================
Test: fields.c
Block Size: 64.00 KB
Input Size: 10.89 KB
Output Size: 10.89 KB
Compression Ratio: 1.0002
----------------------------------------------------------------------
Trials: 5
----------------------------------------------------------------------
Forward BWT:
  Mean:   14.8977 ms ± 249.9360 μs
  Min:    14.7180 ms
  Max:    15.3286 ms

Inverse BWT:
  Mean:   552.1168 μs ± 17.7138 μs
  Min:    521.4170 μs
  Max:    565.5000 μs

Total Roundtrip:
  Mean:   15.4499 ms ± 254.9353 μs
  Min:    15.2805 ms
  Max:    15.8941 ms

Throughput: 0.69 MB/s
======================================================================

[21/55] Running: grammar.lsp (block size: 512 B)

======================================================================
Test: grammar.lsp
Block Size: 512 B
Input Size: 3.63 KB
Output Size: 3.64 KB
Compression Ratio: 1.0024
----------------------------------------------------------------------
Trials: 5
----------------------------------------------------------------------
Forward BWT:
  Mean:   984.3916 μs ± 159.9417 μs
  Min:    826.7080 μs
  Max:    1.1783 ms

Inverse BWT:
  Mean:   324.8416 μs ± 68.2112 μs
  Min:    246.9580 μs
  Max:    412.5420 μs

Total Roundtrip:
  Mean:   1.3092 ms ± 195.9423 μs
  Min:    1.0737 ms
  Max:    1.5909 ms

Throughput: 2.71 MB/s
======================================================================

[22/55] Running: grammar.lsp (block size: 1.00 KB)

======================================================================
Test: grammar.lsp
Block Size: 1.00 KB
Input Size: 3.63 KB
Output Size: 3.64 KB
Compression Ratio: 1.0013
----------------------------------------------------------------------
Trials: 5
----------------------------------------------------------------------
Forward BWT:
  Mean:   1.0697 ms ± 123.0850 μs
  Min:    950.8750 μs
  Max:    1.2682 ms

Inverse BWT:
  Mean:   237.9418 μs ± 55.2193 μs
  Min:    190.1250 μs
  Max:    320.0000 μs

Total Roundtrip:
  Mean:   1.3076 ms ± 130.0933 μs
  Min:    1.1410 ms
  Max:    1.4765 ms

Throughput: 2.71 MB/s
======================================================================

[23/55] Running: grammar.lsp (block size: 4.00 KB)

======================================================================
Test: grammar.lsp
Block Size: 4.00 KB
Input Size: 3.63 KB
Output Size: 3.64 KB
Compression Ratio: 1.0005
----------------------------------------------------------------------
Trials: 5
----------------------------------------------------------------------
Forward BWT:
  Mean:   2.5350 ms ± 424.7455 μs
  Min:    2.0285 ms
  Max:    2.9930 ms

Inverse BWT:
  Mean:   295.9252 μs ± 48.5740 μs
  Min:    244.9170 μs
  Max:    369.4170 μs

Total Roundtrip:
  Mean:   2.8309 ms ± 407.4227 μs
  Min:    2.3979 ms
  Max:    3.3081 ms

Throughput: 1.25 MB/s
======================================================================

[24/55] Running: grammar.lsp (block size: 16.00 KB)

======================================================================
Test: grammar.lsp
Block Size: 16.00 KB
Input Size: 3.63 KB
Output Size: 3.64 KB
Compression Ratio: 1.0005
----------------------------------------------------------------------
Trials: 5
----------------------------------------------------------------------
Forward BWT:
  Mean:   2.0912 ms ± 183.6250 μs
  Min:    1.8617 ms
  Max:    2.2984 ms

Inverse BWT:
  Mean:   330.2252 μs ± 71.1786 μs
  Min:    223.6250 μs
  Max:    399.3750 μs

Total Roundtrip:
  Mean:   2.4215 ms ± 178.0269 μs
  Min:    2.2235 ms
  Max:    2.6978 ms

Throughput: 1.47 MB/s
======================================================================

[25/55] Running: grammar.lsp (block size: 64.00 KB)

======================================================================
Test: grammar.lsp
Block Size: 64.00 KB
Input Size: 3.63 KB
Output Size: 3.64 KB
Compression Ratio: 1.0005
----------------------------------------------------------------------
Trials: 5
----------------------------------------------------------------------
Forward BWT:
  Mean:   2.0755 ms ± 94.8612 μs
  Min:    1.9626 ms
  Max:    2.1649 ms

Inverse BWT:
  Mean:   327.1084 μs ± 89.6949 μs
  Min:    225.2500 μs
  Max:    426.3750 μs

Total Roundtrip:
  Mean:   2.4027 ms ± 125.0567 μs
  Min:    2.2342 ms
  Max:    2.5781 ms

Throughput: 1.48 MB/s
======================================================================

[26/55] Running: kennedy.xls (block size: 512 B)

======================================================================
Test: kennedy.xls
Block Size: 512 B
Status: FAILED - No successful trials recorded.
======================================================================

[27/55] Running: kennedy.xls (block size: 1.00 KB)

======================================================================
Test: kennedy.xls
Block Size: 1.00 KB
Status: FAILED - No successful trials recorded.
======================================================================

[28/55] Running: kennedy.xls (block size: 4.00 KB)

======================================================================
Test: kennedy.xls
Block Size: 4.00 KB
Status: FAILED - No successful trials recorded.
======================================================================

[29/55] Running: kennedy.xls (block size: 16.00 KB)

======================================================================
Test: kennedy.xls
Block Size: 16.00 KB
Status: FAILED - No successful trials recorded.
======================================================================

[30/55] Running: kennedy.xls (block size: 64.00 KB)

======================================================================
Test: kennedy.xls
Block Size: 64.00 KB
Status: FAILED - No successful trials recorded.
======================================================================

[31/55] Running: lcet10.txt (block size: 512 B)

======================================================================
Test: lcet10.txt
Block Size: 512 B
Input Size: 416.75 KB
Output Size: 417.57 KB
Compression Ratio: 1.0020
----------------------------------------------------------------------
Trials: 5
----------------------------------------------------------------------
Forward BWT:
  Mean:   85.0857 ms ± 2.8082 ms
  Min:    82.6623 ms
  Max:    89.7478 ms

Inverse BWT:
  Mean:   17.4359 ms ± 285.2757 μs
  Min:    17.0715 ms
  Max:    17.8007 ms

Total Roundtrip:
  Mean:   102.5216 ms ± 3.0628 ms
  Min:    99.7338 ms
  Max:    107.5485 ms

Throughput: 3.97 MB/s
======================================================================

[32/55] Running: lcet10.txt (block size: 1.00 KB)

======================================================================
Test: lcet10.txt
Block Size: 1.00 KB
Input Size: 416.75 KB
Output Size: 417.16 KB
Compression Ratio: 1.0010
----------------------------------------------------------------------
Trials: 5
----------------------------------------------------------------------
Forward BWT:
  Mean:   100.3298 ms ± 3.2713 ms
  Min:    98.3052 ms
  Max:    106.0967 ms

Inverse BWT:
  Mean:   14.8814 ms ± 131.2441 μs
  Min:    14.6918 ms
  Max:    15.0314 ms

Total Roundtrip:
  Mean:   115.2112 ms ± 3.2251 ms
  Min:    113.3366 ms
  Max:    120.9144 ms

Throughput: 3.53 MB/s
======================================================================

[33/55] Running: lcet10.txt (block size: 4.00 KB)

======================================================================
Test: lcet10.txt
Block Size: 4.00 KB
Input Size: 416.75 KB
Output Size: 416.86 KB
Compression Ratio: 1.0002
----------------------------------------------------------------------
Trials: 5
----------------------------------------------------------------------
Forward BWT:
  Mean:   202.3435 ms ± 7.3659 ms
  Min:    196.2790 ms
  Max:    214.7255 ms

Inverse BWT:
  Mean:   11.6035 ms ± 246.7055 μs
  Min:    11.4145 ms
  Max:    12.0112 ms

Total Roundtrip:
  Mean:   213.9470 ms ± 7.3401 ms
  Min:    207.7093 ms
  Max:    226.2338 ms

Throughput: 1.90 MB/s
======================================================================

[34/55] Running: lcet10.txt (block size: 16.00 KB)

======================================================================
Test: lcet10.txt
Block Size: 16.00 KB
Input Size: 416.75 KB
Output Size: 416.78 KB
Compression Ratio: 1.0001
----------------------------------------------------------------------
Trials: 5
----------------------------------------------------------------------
Forward BWT:
  Mean:   508.7634 ms ± 63.3028 ms
  Min:    466.5277 ms
  Max:    619.2177 ms

Inverse BWT:
  Mean:   10.6087 ms ± 489.2591 μs
  Min:    10.0702 ms
  Max:    11.1457 ms

Total Roundtrip:
  Mean:   519.3721 ms ± 63.5045 ms
  Min:    477.6734 ms
  Max:    630.2338 ms

Throughput: 0.78 MB/s
======================================================================

[35/55] Running: lcet10.txt (block size: 64.00 KB)

======================================================================
Test: lcet10.txt
Block Size: 64.00 KB
Input Size: 416.75 KB
Output Size: 416.76 KB
Compression Ratio: 1.0000
----------------------------------------------------------------------
Trials: 5
----------------------------------------------------------------------
Forward BWT:
  Mean:   4.4300 s ± 1.1630 s
  Min:    2.7204 s
  Max:    5.9914 s

Inverse BWT:
  Mean:   10.9895 ms ± 2.1999 ms
  Min:    9.6837 ms
  Max:    14.8789 ms

Total Roundtrip:
  Mean:   4.4410 s ± 1.1631 s
  Min:    2.7301 s
  Max:    6.0011 s

Throughput: 0.09 MB/s
======================================================================

[36/55] Running: plrabn12.txt (block size: 512 B)

======================================================================
Test: plrabn12.txt
Block Size: 512 B
Input Size: 470.57 KB
Output Size: 471.49 KB
Compression Ratio: 1.0020
----------------------------------------------------------------------
Trials: 5
----------------------------------------------------------------------
Forward BWT:
  Mean:   158.9354 ms ± 99.1274 ms
  Min:    94.7711 ms
  Max:    325.5783 ms

Inverse BWT:
  Mean:   24.5785 ms ± 8.3282 ms
  Min:    19.1138 ms
  Max:    38.3747 ms

Total Roundtrip:
  Mean:   183.5139 ms ± 106.1092 ms
  Min:    118.1149 ms
  Max:    363.9530 ms

Throughput: 2.50 MB/s
======================================================================

[37/55] Running: plrabn12.txt (block size: 1.00 KB)

======================================================================
Test: plrabn12.txt
Block Size: 1.00 KB
Input Size: 470.57 KB
Output Size: 471.03 KB
Compression Ratio: 1.0010
----------------------------------------------------------------------
Trials: 5
----------------------------------------------------------------------
Forward BWT:
  Mean:   116.5897 ms ± 6.1756 ms
  Min:    112.3629 ms
  Max:    126.9881 ms

Inverse BWT:
  Mean:   18.3722 ms ± 1.6223 ms
  Min:    16.6825 ms
  Max:    20.1938 ms

Total Roundtrip:
  Mean:   134.9618 ms ± 6.8032 ms
  Min:    129.3188 ms
  Max:    146.7013 ms

Throughput: 3.40 MB/s
======================================================================

[38/55] Running: plrabn12.txt (block size: 4.00 KB)

======================================================================
Test: plrabn12.txt
Block Size: 4.00 KB
Input Size: 470.57 KB
Output Size: 470.68 KB
Compression Ratio: 1.0002
----------------------------------------------------------------------
Trials: 5
----------------------------------------------------------------------
Forward BWT:
  Mean:   234.5337 ms ± 16.7517 ms
  Min:    218.9785 ms
  Max:    262.2885 ms

Inverse BWT:
  Mean:   74.7890 ms ± 137.4301 ms
  Min:    13.0963 ms
  Max:    320.6313 ms

Total Roundtrip:
  Mean:   309.3228 ms ± 153.0784 ms
  Min:    232.0748 ms
  Max:    582.9198 ms

Throughput: 1.49 MB/s
======================================================================

[39/55] Running: plrabn12.txt (block size: 16.00 KB)

======================================================================
Test: plrabn12.txt
Block Size: 16.00 KB
Input Size: 470.57 KB
Output Size: 470.60 KB
Compression Ratio: 1.0001
----------------------------------------------------------------------
Trials: 5
----------------------------------------------------------------------
Forward BWT:
  Mean:   538.3959 ms ± 16.7300 ms
  Min:    526.4652 ms
  Max:    566.1031 ms

Inverse BWT:
  Mean:   12.0731 ms ± 276.7130 μs
  Min:    11.8863 ms
  Max:    12.5555 ms

Total Roundtrip:
  Mean:   550.4690 ms ± 16.6623 ms
  Min:    538.4608 ms
  Max:    578.1334 ms

Throughput: 0.83 MB/s
======================================================================

[40/55] Running: plrabn12.txt (block size: 64.00 KB)

======================================================================
Test: plrabn12.txt
Block Size: 64.00 KB
Input Size: 470.57 KB
Output Size: 470.58 KB
Compression Ratio: 1.0000
----------------------------------------------------------------------
Trials: 5
----------------------------------------------------------------------
Forward BWT:
  Mean:   5.8441 s ± 1.2068 s
  Min:    4.5845 s
  Max:    7.8489 s

Inverse BWT:
  Mean:   12.8017 ms ± 657.2022 μs
  Min:    12.3645 ms
  Max:    13.8967 ms

Total Roundtrip:
  Mean:   5.8569 s ± 1.2074 s
  Min:    4.5969 s
  Max:    7.8628 s

Throughput: 0.08 MB/s
======================================================================

[41/55] Running: ptt5 (block size: 512 B)

======================================================================
Test: ptt5
Block Size: 512 B
Input Size: 501.19 KB
Output Size: 502.17 KB
Compression Ratio: 1.0020
----------------------------------------------------------------------
Trials: 5
----------------------------------------------------------------------
Forward BWT:
  Mean:   153.6115 ms ± 50.5116 ms
  Min:    101.6986 ms
  Max:    208.4811 ms

Inverse BWT:
  Mean:   14.6955 ms ± 3.3411 ms
  Min:    11.2072 ms
  Max:    18.7573 ms

Total Roundtrip:
  Mean:   168.3070 ms ± 47.3600 ms
  Min:    118.4066 ms
  Max:    219.8112 ms

Throughput: 2.91 MB/s
======================================================================

[42/55] Running: ptt5 (block size: 1.00 KB)

======================================================================
Test: ptt5
Block Size: 1.00 KB
Input Size: 501.19 KB
Output Size: 501.68 KB
Compression Ratio: 1.0010
----------------------------------------------------------------------
Trials: 5
----------------------------------------------------------------------
Forward BWT:
  Mean:   123.8685 ms ± 5.8033 ms
  Min:    118.4627 ms
  Max:    130.8755 ms

Inverse BWT:
  Mean:   10.3052 ms ± 726.2500 μs
  Min:    9.5015 ms
  Max:    11.4210 ms

Total Roundtrip:
  Mean:   134.1737 ms ± 6.1084 ms
  Min:    129.0162 ms
  Max:    140.8888 ms

Throughput: 3.65 MB/s
======================================================================

[43/55] Running: ptt5 (block size: 4.00 KB)

======================================================================
Test: ptt5
Block Size: 4.00 KB
Input Size: 501.19 KB
Output Size: 501.31 KB
Compression Ratio: 1.0002
----------------------------------------------------------------------
Trials: 5
----------------------------------------------------------------------
Forward BWT:
  Mean:   274.7029 ms ± 9.5680 ms
  Min:    262.6870 ms
  Max:    282.7491 ms

Inverse BWT:
  Mean:   9.0477 ms ± 870.3205 μs
  Min:    8.4622 ms
  Max:    10.5891 ms

Total Roundtrip:
  Mean:   283.7505 ms ± 9.8416 ms
  Min:    271.4467 ms
  Max:    291.7384 ms

Throughput: 1.72 MB/s
======================================================================

[44/55] Running: ptt5 (block size: 16.00 KB)

======================================================================
Test: ptt5
Block Size: 16.00 KB
Input Size: 501.19 KB
Output Size: 501.22 KB
Compression Ratio: 1.0001
----------------------------------------------------------------------
Trials: 5
----------------------------------------------------------------------
Forward BWT:
  Mean:   1.0056 s ± 90.9627 ms
  Min:    899.9710 ms
  Max:    1.1489 s

Inverse BWT:
  Mean:   10.0825 ms ± 3.5800 ms
  Min:    8.2722 ms
  Max:    16.4772 ms

Total Roundtrip:
  Mean:   1.0157 s ± 88.8008 ms
  Min:    916.4482 ms
  Max:    1.1577 s

Throughput: 0.48 MB/s
======================================================================

[45/55] Running: ptt5 (block size: 64.00 KB)

======================================================================
Test: ptt5
Block Size: 64.00 KB
Input Size: 501.19 KB
Output Size: 501.20 KB
Compression Ratio: 1.0000
----------------------------------------------------------------------
Trials: 5
----------------------------------------------------------------------
Forward BWT:
  Mean:   4.7636 s ± 1.1297 s
  Min:    3.7050 s
  Max:    6.2223 s

Inverse BWT:
  Mean:   9.4818 ms ± 2.1410 ms
  Min:    8.2460 ms
  Max:    13.2915 ms

Total Roundtrip:
  Mean:   4.7731 s ± 1.1312 s
  Min:    3.7133 s
  Max:    6.2356 s

Throughput: 0.10 MB/s
======================================================================

[46/55] Running: sum (block size: 512 B)

======================================================================
Test: sum
Block Size: 512 B
Input Size: 37.34 KB
Output Size: 37.42 KB
Compression Ratio: 1.0020
----------------------------------------------------------------------
Trials: 5
----------------------------------------------------------------------
Forward BWT:
  Mean:   8.2444 ms ± 789.5687 μs
  Min:    7.4535 ms
  Max:    9.2241 ms

Inverse BWT:
  Mean:   1.9228 ms ± 168.1056 μs
  Min:    1.7772 ms
  Max:    2.2136 ms

Total Roundtrip:
  Mean:   10.1672 ms ± 805.0526 μs
  Min:    9.2307 ms
  Max:    11.1045 ms

Throughput: 3.59 MB/s
======================================================================

[47/55] Running: sum (block size: 1.00 KB)

======================================================================
Test: sum
Block Size: 1.00 KB
Input Size: 37.34 KB
Output Size: 37.38 KB
Compression Ratio: 1.0010
----------------------------------------------------------------------
Trials: 5
----------------------------------------------------------------------
Forward BWT:
  Mean:   8.9868 ms ± 84.6075 μs
  Min:    8.8926 ms
  Max:    9.0796 ms

Inverse BWT:
  Mean:   1.4985 ms ± 21.1992 μs
  Min:    1.4654 ms
  Max:    1.5225 ms

Total Roundtrip:
  Mean:   10.4853 ms ± 83.8819 μs
  Min:    10.3912 ms
  Max:    10.6022 ms

Throughput: 3.48 MB/s
======================================================================

[48/55] Running: sum (block size: 4.00 KB)

======================================================================
Test: sum
Block Size: 4.00 KB
Input Size: 37.34 KB
Output Size: 37.35 KB
Compression Ratio: 1.0003
----------------------------------------------------------------------
Trials: 5
----------------------------------------------------------------------
Forward BWT:
  Mean:   19.6762 ms ± 4.2601 ms
  Min:    17.0701 ms
  Max:    27.2405 ms

Inverse BWT:
  Mean:   1.4082 ms ± 237.2220 μs
  Min:    1.2718 ms
  Max:    1.8301 ms

Total Roundtrip:
  Mean:   21.0844 ms ± 4.4964 ms
  Min:    18.3419 ms
  Max:    29.0706 ms

Throughput: 1.73 MB/s
======================================================================

[49/55] Running: sum (block size: 16.00 KB)

======================================================================
Test: sum
Block Size: 16.00 KB
Input Size: 37.34 KB
Output Size: 37.35 KB
Compression Ratio: 1.0001
----------------------------------------------------------------------
Trials: 5
----------------------------------------------------------------------
Forward BWT:
  Mean:   71.1830 ms ± 62.5441 ms
  Min:    39.9633 ms
  Max:    182.9134 ms

Inverse BWT:
  Mean:   2.3927 ms ± 2.3784 ms
  Min:    1.2447 ms
  Max:    6.6460 ms

Total Roundtrip:
  Mean:   73.5757 ms ± 62.1455 ms
  Min:    41.2079 ms
  Max:    184.3054 ms

Throughput: 0.50 MB/s
======================================================================

[50/55] Running: sum (block size: 64.00 KB)

======================================================================
Test: sum
Block Size: 64.00 KB
Input Size: 37.34 KB
Output Size: 37.35 KB
Compression Ratio: 1.0001
----------------------------------------------------------------------
Trials: 5
----------------------------------------------------------------------
Forward BWT:
  Mean:   154.3054 ms ± 10.1393 ms
  Min:    142.4440 ms
  Max:    166.3615 ms

Inverse BWT:
  Mean:   1.4884 ms ± 377.2495 μs
  Min:    1.1692 ms
  Max:    2.1404 ms

Total Roundtrip:
  Mean:   155.7938 ms ± 10.3781 ms
  Min:    143.6132 ms
  Max:    167.7992 ms

Throughput: 0.23 MB/s
======================================================================

[51/55] Running: xargs.1 (block size: 512 B)

======================================================================
Test: xargs.1
Block Size: 512 B
Input Size: 4.13 KB
Output Size: 4.14 KB
Compression Ratio: 1.0024
----------------------------------------------------------------------
Trials: 5
----------------------------------------------------------------------
Forward BWT:
  Mean:   1.1274 ms ± 146.1371 μs
  Min:    1.0005 ms
  Max:    1.3632 ms

Inverse BWT:
  Mean:   379.3164 μs ± 37.4197 μs
  Min:    344.9580 μs
  Max:    419.5420 μs

Total Roundtrip:
  Mean:   1.5067 ms ± 148.2326 μs
  Min:    1.3795 ms
  Max:    1.7295 ms

Throughput: 2.68 MB/s
======================================================================

[52/55] Running: xargs.1 (block size: 1.00 KB)

======================================================================
Test: xargs.1
Block Size: 1.00 KB
Input Size: 4.13 KB
Output Size: 4.13 KB
Compression Ratio: 1.0014
----------------------------------------------------------------------
Trials: 5
----------------------------------------------------------------------
Forward BWT:
  Mean:   1.2084 ms ± 124.1338 μs
  Min:    1.1281 ms
  Max:    1.4131 ms

Inverse BWT:
  Mean:   336.2584 μs ± 84.8333 μs
  Min:    283.0000 μs
  Max:    486.7090 μs

Total Roundtrip:
  Mean:   1.5446 ms ± 206.6143 μs
  Min:    1.4111 ms
  Max:    1.8998 ms

Throughput: 2.61 MB/s
======================================================================

[53/55] Running: xargs.1 (block size: 4.00 KB)

======================================================================
Test: xargs.1
Block Size: 4.00 KB
Input Size: 4.13 KB
Output Size: 4.13 KB
Compression Ratio: 1.0007
----------------------------------------------------------------------
Trials: 5
----------------------------------------------------------------------
Forward BWT:
  Mean:   2.3481 ms ± 223.5872 μs
  Min:    2.1480 ms
  Max:    2.6806 ms

Inverse BWT:
  Mean:   338.3920 μs ± 30.6477 μs
  Min:    308.5420 μs
  Max:    372.3750 μs

Total Roundtrip:
  Mean:   2.6865 ms ± 222.7980 μs
  Min:    2.4648 ms
  Max:    2.9892 ms

Throughput: 1.50 MB/s
======================================================================

[54/55] Running: xargs.1 (block size: 16.00 KB)

======================================================================
Test: xargs.1
Block Size: 16.00 KB
Input Size: 4.13 KB
Output Size: 4.13 KB
Compression Ratio: 1.0005
----------------------------------------------------------------------
Trials: 5
----------------------------------------------------------------------
Forward BWT:
  Mean:   2.4679 ms ± 333.7713 μs
  Min:    2.1413 ms
  Max:    2.9730 ms

Inverse BWT:
  Mean:   327.1834 μs ± 26.3677 μs
  Min:    291.0000 μs
  Max:    352.5420 μs

Total Roundtrip:
  Mean:   2.7951 ms ± 357.5838 μs
  Min:    2.4323 ms
  Max:    3.3255 ms

Throughput: 1.44 MB/s
======================================================================

[55/55] Running: xargs.1 (block size: 64.00 KB)

======================================================================
Test: xargs.1
Block Size: 64.00 KB
Input Size: 4.13 KB
Output Size: 4.13 KB
Compression Ratio: 1.0005
----------------------------------------------------------------------
Trials: 5
----------------------------------------------------------------------
Forward BWT:
  Mean:   2.3747 ms ± 190.5115 μs
  Min:    2.1302 ms
  Max:    2.6463 ms

Inverse BWT:
  Mean:   314.6916 μs ± 44.2558 μs
  Min:    276.0410 μs
  Max:    387.2500 μs

Total Roundtrip:
  Mean:   2.6894 ms ± 229.8093 μs
  Min:    2.4062 ms
  Max:    3.0336 ms

Throughput: 1.50 MB/s
======================================================================

======================================================================
Performance Benchmark Complete!
Total tests completed: 55

======================================================================
Aggregate Statistics by Block Size (Entire Dataset)
======================================================================
Block Size  Total Size     Total Time     Throughput        Comp. Ratio 
------------------------------------------------------------------------
512 B       1.70 MB        583.7607 ms    2.91 MB/s         1.0020      
1.00 KB     1.70 MB        498.5341 ms    3.41 MB/s         1.0010      
4.00 KB     1.70 MB        1.0384 s       1.64 MB/s         1.0003      
16.00 KB    1.70 MB        2.6694 s       0.64 MB/s         1.0001      
64.00 KB    1.70 MB        20.3500 s      0.08 MB/s         1.0000      
======================================================================
======================================================================
