Compiling src/bwt.cpp (test mode)
Building benchmark build/performance

=== Running Performance Benchmarks ===

--- build/performance ---

======================================================================
BWT Performance Benchmark
======================================================================
Dataset Directory: data/canterbury_corpus
Number of trials per test: 5
Scanning directory: data/canterbury_corpus
Found 11 files
Testing 5 block sizes
Total test cases: 55
======================================================================

[1/55] Running: alice29.txt (block size: 512 B)

======================================================================
Test: alice29.txt
Block Size: 512 B
Input Size: 148.52 KB
Output Size: 148.82 KB
Compression Ratio: 1.0020
----------------------------------------------------------------------
Trials: 5
----------------------------------------------------------------------
Forward BWT:
  Mean:   16.9456 ms ± 5.9828 ms
  Min:    13.0204 ms
  Max:    27.1889 ms

Inverse BWT:
  Mean:   7.3549 ms ± 1.5472 ms
  Min:    6.3001 ms
  Max:    10.0005 ms

Total Roundtrip:
  Mean:   24.3005 ms ± 7.5294 ms
  Min:    19.3582 ms
  Max:    37.1894 ms

Throughput: 5.97 MB/s
======================================================================

[2/55] Running: alice29.txt (block size: 1.00 KB)

======================================================================
Test: alice29.txt
Block Size: 1.00 KB
Input Size: 148.52 KB
Output Size: 148.67 KB
Compression Ratio: 1.0010
----------------------------------------------------------------------
Trials: 5
----------------------------------------------------------------------
Forward BWT:
  Mean:   14.3585 ms ± 180.5330 μs
  Min:    14.1124 ms
  Max:    14.5817 ms

Inverse BWT:
  Mean:   5.3220 ms ± 63.7142 μs
  Min:    5.2737 ms
  Max:    5.4069 ms

Total Roundtrip:
  Mean:   19.6805 ms ± 234.5984 μs
  Min:    19.3860 ms
  Max:    19.9560 ms

Throughput: 7.37 MB/s
======================================================================

[3/55] Running: alice29.txt (block size: 4.00 KB)

======================================================================
Test: alice29.txt
Block Size: 4.00 KB
Input Size: 148.52 KB
Output Size: 148.56 KB
Compression Ratio: 1.0003
----------------------------------------------------------------------
Trials: 5
----------------------------------------------------------------------
Forward BWT:
  Mean:   16.7778 ms ± 226.4128 μs
  Min:    16.4886 ms
  Max:    17.0108 ms

Inverse BWT:
  Mean:   4.1806 ms ± 38.6002 μs
  Min:    4.1477 ms
  Max:    4.2439 ms

Total Roundtrip:
  Mean:   20.9584 ms ± 242.8135 μs
  Min:    20.6526 ms
  Max:    21.2547 ms

Throughput: 6.92 MB/s
======================================================================

[4/55] Running: alice29.txt (block size: 16.00 KB)

======================================================================
Test: alice29.txt
Block Size: 16.00 KB
Input Size: 148.52 KB
Output Size: 148.54 KB
Compression Ratio: 1.0001
----------------------------------------------------------------------
Trials: 5
----------------------------------------------------------------------
Forward BWT:
  Mean:   19.0325 ms ± 298.4610 μs
  Min:    18.6645 ms
  Max:    19.4468 ms

Inverse BWT:
  Mean:   3.6803 ms ± 67.2002 μs
  Min:    3.6167 ms
  Max:    3.7782 ms

Total Roundtrip:
  Mean:   22.7128 ms ± 294.8575 μs
  Min:    22.4428 ms
  Max:    23.1460 ms

Throughput: 6.39 MB/s
======================================================================

[5/55] Running: alice29.txt (block size: 64.00 KB)

======================================================================
Test: alice29.txt
Block Size: 64.00 KB
Input Size: 148.52 KB
Output Size: 148.53 KB
Compression Ratio: 1.0000
----------------------------------------------------------------------
Trials: 5
----------------------------------------------------------------------
Forward BWT:
  Mean:   22.6908 ms ± 167.0511 μs
  Min:    22.5008 ms
  Max:    22.8819 ms

Inverse BWT:
  Mean:   3.6649 ms ± 189.2848 μs
  Min:    3.5208 ms
  Max:    3.9610 ms

Total Roundtrip:
  Mean:   26.3557 ms ± 151.1721 μs
  Min:    26.1608 ms
  Max:    26.5442 ms

Throughput: 5.50 MB/s
======================================================================

[6/55] Running: asyoulik.txt (block size: 512 B)

======================================================================
Test: asyoulik.txt
Block Size: 512 B
Input Size: 122.25 KB
Output Size: 122.49 KB
Compression Ratio: 1.0020
----------------------------------------------------------------------
Trials: 5
----------------------------------------------------------------------
Forward BWT:
  Mean:   10.7311 ms ± 328.8855 μs
  Min:    10.4785 ms
  Max:    11.3034 ms

Inverse BWT:
  Mean:   5.5265 ms ± 83.8384 μs
  Min:    5.4325 ms
  Max:    5.6515 ms

Total Roundtrip:
  Mean:   16.2576 ms ± 404.5643 μs
  Min:    15.9628 ms
  Max:    16.9549 ms

Throughput: 7.34 MB/s
======================================================================

[7/55] Running: asyoulik.txt (block size: 1.00 KB)

======================================================================
Test: asyoulik.txt
Block Size: 1.00 KB
Input Size: 122.25 KB
Output Size: 122.37 KB
Compression Ratio: 1.0010
----------------------------------------------------------------------
Trials: 5
----------------------------------------------------------------------
Forward BWT:
  Mean:   11.6647 ms ± 79.8111 μs
  Min:    11.5349 ms
  Max:    11.7357 ms

Inverse BWT:
  Mean:   4.5155 ms ± 39.0062 μs
  Min:    4.4740 ms
  Max:    4.5646 ms

Total Roundtrip:
  Mean:   16.1802 ms ± 110.0335 μs
  Min:    16.0089 ms
  Max:    16.3004 ms

Throughput: 7.38 MB/s
======================================================================

[8/55] Running: asyoulik.txt (block size: 4.00 KB)

======================================================================
Test: asyoulik.txt
Block Size: 4.00 KB
Input Size: 122.25 KB
Output Size: 122.28 KB
Compression Ratio: 1.0003
----------------------------------------------------------------------
Trials: 5
----------------------------------------------------------------------
Forward BWT:
  Mean:   13.3977 ms ± 131.4810 μs
  Min:    13.2794 ms
  Max:    13.6163 ms

Inverse BWT:
  Mean:   3.5200 ms ± 89.1505 μs
  Min:    3.3792 ms
  Max:    3.6197 ms

Total Roundtrip:
  Mean:   16.9177 ms ± 171.0307 μs
  Min:    16.6586 ms
  Max:    17.1210 ms

Throughput: 7.06 MB/s
======================================================================

[9/55] Running: asyoulik.txt (block size: 16.00 KB)

======================================================================
Test: asyoulik.txt
Block Size: 16.00 KB
Input Size: 122.25 KB
Output Size: 122.25 KB
Compression Ratio: 1.0001
----------------------------------------------------------------------
Trials: 5
----------------------------------------------------------------------
Forward BWT:
  Mean:   15.5849 ms ± 125.7839 μs
  Min:    15.4142 ms
  Max:    15.7626 ms

Inverse BWT:
  Mean:   3.1022 ms ± 61.3463 μs
  Min:    3.0548 ms
  Max:    3.2083 ms

Total Roundtrip:
  Mean:   18.6870 ms ± 144.6686 μs
  Min:    18.4690 ms
  Max:    18.8410 ms

Throughput: 6.39 MB/s
======================================================================

[10/55] Running: asyoulik.txt (block size: 64.00 KB)

======================================================================
Test: asyoulik.txt
Block Size: 64.00 KB
Input Size: 122.25 KB
Output Size: 122.25 KB
Compression Ratio: 1.0000
----------------------------------------------------------------------
Trials: 5
----------------------------------------------------------------------
Forward BWT:
  Mean:   18.3238 ms ± 406.0076 μs
  Min:    17.9555 ms
  Max:    18.8365 ms

Inverse BWT:
  Mean:   3.0131 ms ± 93.6616 μs
  Min:    2.9060 ms
  Max:    3.1607 ms

Total Roundtrip:
  Mean:   21.3369 ms ± 475.3318 μs
  Min:    20.9255 ms
  Max:    21.8617 ms

Throughput: 5.60 MB/s
======================================================================

[11/55] Running: cp.html (block size: 512 B)

======================================================================
Test: cp.html
Block Size: 512 B
Input Size: 24.03 KB
Output Size: 24.08 KB
Compression Ratio: 1.0020
----------------------------------------------------------------------
Trials: 5
----------------------------------------------------------------------
Forward BWT:
  Mean:   2.4791 ms ± 120.7217 μs
  Min:    2.3460 ms
  Max:    2.6602 ms

Inverse BWT:
  Mean:   1.2328 ms ± 63.2364 μs
  Min:    1.1770 ms
  Max:    1.3360 ms

Total Roundtrip:
  Mean:   3.7119 ms ± 106.5827 μs
  Min:    3.6078 ms
  Max:    3.8608 ms

Throughput: 6.32 MB/s
======================================================================

[12/55] Running: cp.html (block size: 1.00 KB)

======================================================================
Test: cp.html
Block Size: 1.00 KB
Input Size: 24.03 KB
Output Size: 24.05 KB
Compression Ratio: 1.0011
----------------------------------------------------------------------
Trials: 5
----------------------------------------------------------------------
Forward BWT:
  Mean:   2.6629 ms ± 65.0821 μs
  Min:    2.6031 ms
  Max:    2.7683 ms

Inverse BWT:
  Mean:   1.0032 ms ± 38.3840 μs
  Min:    966.7500 μs
  Max:    1.0655 ms

Total Roundtrip:
  Mean:   3.6661 ms ± 68.7665 μs
  Min:    3.5699 ms
  Max:    3.7571 ms

Throughput: 6.40 MB/s
======================================================================

[13/55] Running: cp.html (block size: 4.00 KB)

======================================================================
Test: cp.html
Block Size: 4.00 KB
Input Size: 24.03 KB
Output Size: 24.03 KB
Compression Ratio: 1.0003
----------------------------------------------------------------------
Trials: 5
----------------------------------------------------------------------
Forward BWT:
  Mean:   3.0864 ms ± 93.9943 μs
  Min:    3.0023 ms
  Max:    3.2426 ms

Inverse BWT:
  Mean:   798.2584 μs ± 31.3266 μs
  Min:    760.0420 μs
  Max:    838.5000 μs

Total Roundtrip:
  Mean:   3.8847 ms ± 83.6883 μs
  Min:    3.7914 ms
  Max:    4.0027 ms

Throughput: 6.04 MB/s
======================================================================

[14/55] Running: cp.html (block size: 16.00 KB)

======================================================================
Test: cp.html
Block Size: 16.00 KB
Input Size: 24.03 KB
Output Size: 24.03 KB
Compression Ratio: 1.0001
----------------------------------------------------------------------
Trials: 5
----------------------------------------------------------------------
Forward BWT:
  Mean:   3.4862 ms ± 100.0237 μs
  Min:    3.3582 ms
  Max:    3.5763 ms

Inverse BWT:
  Mean:   802.9500 μs ± 178.5551 μs
  Min:    684.4580 μs
  Max:    1.1156 ms

Total Roundtrip:
  Mean:   4.2892 ms ± 132.1674 μs
  Min:    4.1265 ms
  Max:    4.4738 ms

Throughput: 5.47 MB/s
======================================================================

[15/55] Running: cp.html (block size: 64.00 KB)

======================================================================
Test: cp.html
Block Size: 64.00 KB
Input Size: 24.03 KB
Output Size: 24.03 KB
Compression Ratio: 1.0001
----------------------------------------------------------------------
Trials: 5
----------------------------------------------------------------------
Forward BWT:
  Mean:   3.8180 ms ± 89.5848 μs
  Min:    3.7320 ms
  Max:    3.9543 ms

Inverse BWT:
  Mean:   670.0084 μs ± 27.4197 μs
  Min:    647.0000 μs
  Max:    703.6250 μs

Total Roundtrip:
  Mean:   4.4880 ms ± 105.2622 μs
  Min:    4.3790 ms
  Max:    4.6502 ms

Throughput: 5.23 MB/s
======================================================================

[16/55] Running: fields.c (block size: 512 B)

======================================================================
Test: fields.c
Block Size: 512 B
Input Size: 10.89 KB
Output Size: 10.91 KB
Compression Ratio: 1.0021
----------------------------------------------------------------------
Trials: 5
----------------------------------------------------------------------
Forward BWT:
  Mean:   1.2743 ms ± 132.2669 μs
  Min:    1.1743 ms
  Max:    1.4837 ms

Inverse BWT:
  Mean:   607.6834 μs ± 31.8360 μs
  Min:    568.9170 μs
  Max:    651.1250 μs

Total Roundtrip:
  Mean:   1.8820 ms ± 141.7726 μs
  Min:    1.7598 ms
  Max:    2.0970 ms

Throughput: 5.65 MB/s
======================================================================

[17/55] Running: fields.c (block size: 1.00 KB)

======================================================================
Test: fields.c
Block Size: 1.00 KB
Input Size: 10.89 KB
Output Size: 10.90 KB
Compression Ratio: 1.0011
----------------------------------------------------------------------
Trials: 5
----------------------------------------------------------------------
Forward BWT:
  Mean:   1.4586 ms ± 111.7966 μs
  Min:    1.3265 ms
  Max:    1.5925 ms

Inverse BWT:
  Mean:   534.4166 μs ± 13.3432 μs
  Min:    522.8330 μs
  Max:    556.5840 μs

Total Roundtrip:
  Mean:   1.9931 ms ± 116.2738 μs
  Min:    1.8600 ms
  Max:    2.1177 ms

Throughput: 5.34 MB/s
======================================================================

[18/55] Running: fields.c (block size: 4.00 KB)

======================================================================
Test: fields.c
Block Size: 4.00 KB
Input Size: 10.89 KB
Output Size: 10.89 KB
Compression Ratio: 1.0004
----------------------------------------------------------------------
Trials: 5
----------------------------------------------------------------------
Forward BWT:
  Mean:   1.5560 ms ± 64.3992 μs
  Min:    1.5083 ms
  Max:    1.6662 ms

Inverse BWT:
  Mean:   447.7416 μs ± 22.9763 μs
  Min:    424.9160 μs
  Max:    481.3750 μs

Total Roundtrip:
  Mean:   2.0038 ms ± 85.2188 μs
  Min:    1.9381 ms
  Max:    2.1476 ms

Throughput: 5.31 MB/s
======================================================================

[19/55] Running: fields.c (block size: 16.00 KB)

======================================================================
Test: fields.c
Block Size: 16.00 KB
Input Size: 10.89 KB
Output Size: 10.89 KB
Compression Ratio: 1.0002
----------------------------------------------------------------------
Trials: 5
----------------------------------------------------------------------
Forward BWT:
  Mean:   1.7203 ms ± 58.1537 μs
  Min:    1.6659 ms
  Max:    1.8115 ms

Inverse BWT:
  Mean:   442.0084 μs ± 84.0010 μs
  Min:    378.7500 μs
  Max:    588.3330 μs

Total Roundtrip:
  Mean:   2.1623 ms ± 92.2343 μs
  Min:    2.0761 ms
  Max:    2.2732 ms

Throughput: 4.92 MB/s
======================================================================

[20/55] Running: fields.c (block size: 64.00 KB)

======================================================================
Test: fields.c
Block Size: 64.00 KB
Input Size: 10.89 KB
Output Size: 10.89 KB
Compression Ratio: 1.0002
----------------------------------------------------------------------
Trials: 5
----------------------------------------------------------------------
Forward BWT:
  Mean:   1.7307 ms ± 85.2858 μs
  Min:    1.6706 ms
  Max:    1.8664 ms

Inverse BWT:
  Mean:   391.3084 μs ± 33.7950 μs
  Min:    353.8330 μs
  Max:    445.4580 μs

Total Roundtrip:
  Mean:   2.1220 ms ± 100.4098 μs
  Min:    2.0245 ms
  Max:    2.2492 ms

Throughput: 5.01 MB/s
======================================================================

[21/55] Running: grammar.lsp (block size: 512 B)

======================================================================
Test: grammar.lsp
Block Size: 512 B
Input Size: 3.63 KB
Output Size: 3.64 KB
Compression Ratio: 1.0024
----------------------------------------------------------------------
Trials: 5
----------------------------------------------------------------------
Forward BWT:
  Mean:   543.5334 μs ± 120.3990 μs
  Min:    453.9170 μs
  Max:    741.5420 μs

Inverse BWT:
  Mean:   243.4668 μs ± 16.9630 μs
  Min:    225.7090 μs
  Max:    268.2500 μs

Total Roundtrip:
  Mean:   787.0002 μs ± 136.2556 μs
  Min:    679.6260 μs
  Max:    1.0098 ms

Throughput: 4.51 MB/s
======================================================================

[22/55] Running: grammar.lsp (block size: 1.00 KB)

======================================================================
Test: grammar.lsp
Block Size: 1.00 KB
Input Size: 3.63 KB
Output Size: 3.64 KB
Compression Ratio: 1.0013
----------------------------------------------------------------------
Trials: 5
----------------------------------------------------------------------
Forward BWT:
  Mean:   560.4166 μs ± 56.1286 μs
  Min:    500.8750 μs
  Max:    641.3330 μs

Inverse BWT:
  Mean:   225.7416 μs ± 25.7590 μs
  Min:    190.9160 μs
  Max:    262.7090 μs

Total Roundtrip:
  Mean:   786.1582 μs ± 76.8595 μs
  Min:    705.7080 μs
  Max:    904.0420 μs

Throughput: 4.51 MB/s
======================================================================

[23/55] Running: grammar.lsp (block size: 4.00 KB)

======================================================================
Test: grammar.lsp
Block Size: 4.00 KB
Input Size: 3.63 KB
Output Size: 3.64 KB
Compression Ratio: 1.0005
----------------------------------------------------------------------
Trials: 5
----------------------------------------------------------------------
Forward BWT:
  Mean:   574.9334 μs ± 30.7969 μs
  Min:    533.5000 μs
  Max:    605.7080 μs

Inverse BWT:
  Mean:   185.4998 μs ± 34.6128 μs
  Min:    162.7500 μs
  Max:    243.0830 μs

Total Roundtrip:
  Mean:   760.4332 μs ± 56.5605 μs
  Min:    696.2500 μs
  Max:    841.4580 μs

Throughput: 4.67 MB/s
======================================================================

[24/55] Running: grammar.lsp (block size: 16.00 KB)

======================================================================
Test: grammar.lsp
Block Size: 16.00 KB
Input Size: 3.63 KB
Output Size: 3.64 KB
Compression Ratio: 1.0005
----------------------------------------------------------------------
Trials: 5
----------------------------------------------------------------------
Forward BWT:
  Mean:   535.3330 μs ± 19.4547 μs
  Min:    513.1660 μs
  Max:    562.3330 μs

Inverse BWT:
  Mean:   185.5416 μs ± 49.1454 μs
  Min:    158.3330 μs
  Max:    273.1250 μs

Total Roundtrip:
  Mean:   720.8746 μs ± 40.9089 μs
  Min:    680.9160 μs
  Max:    786.2910 μs

Throughput: 4.92 MB/s
======================================================================

[25/55] Running: grammar.lsp (block size: 64.00 KB)

======================================================================
Test: grammar.lsp
Block Size: 64.00 KB
Input Size: 3.63 KB
Output Size: 3.64 KB
Compression Ratio: 1.0005
----------------------------------------------------------------------
Trials: 5
----------------------------------------------------------------------
Forward BWT:
  Mean:   531.5000 μs ± 11.4184 μs
  Min:    523.7080 μs
  Max:    551.3330 μs

Inverse BWT:
  Mean:   172.5334 μs ± 13.2034 μs
  Min:    153.0420 μs
  Max:    189.2920 μs

Total Roundtrip:
  Mean:   704.0334 μs ± 16.6669 μs
  Min:    676.7500 μs
  Max:    720.0830 μs

Throughput: 5.04 MB/s
======================================================================

[26/55] Running: kennedy.xls (block size: 512 B)

======================================================================
Test: kennedy.xls
Block Size: 512 B
Status: FAILED - No successful trials recorded.
======================================================================

[27/55] Running: kennedy.xls (block size: 1.00 KB)

======================================================================
Test: kennedy.xls
Block Size: 1.00 KB
Status: FAILED - No successful trials recorded.
======================================================================

[28/55] Running: kennedy.xls (block size: 4.00 KB)

======================================================================
Test: kennedy.xls
Block Size: 4.00 KB
Status: FAILED - No successful trials recorded.
======================================================================

[29/55] Running: kennedy.xls (block size: 16.00 KB)

======================================================================
Test: kennedy.xls
Block Size: 16.00 KB
Status: FAILED - No successful trials recorded.
======================================================================

[30/55] Running: kennedy.xls (block size: 64.00 KB)

======================================================================
Test: kennedy.xls
Block Size: 64.00 KB
Status: FAILED - No successful trials recorded.
======================================================================

[31/55] Running: lcet10.txt (block size: 512 B)

======================================================================
Test: lcet10.txt
Block Size: 512 B
Input Size: 416.75 KB
Output Size: 417.57 KB
Compression Ratio: 1.0020
----------------------------------------------------------------------
Trials: 5
----------------------------------------------------------------------
Forward BWT:
  Mean:   36.8631 ms ± 644.7530 μs
  Min:    36.2068 ms
  Max:    37.7494 ms

Inverse BWT:
  Mean:   17.5244 ms ± 241.4412 μs
  Min:    17.2122 ms
  Max:    17.8877 ms

Total Roundtrip:
  Mean:   54.3875 ms ± 816.8322 μs
  Min:    53.4190 ms
  Max:    55.2731 ms

Throughput: 7.48 MB/s
======================================================================

[32/55] Running: lcet10.txt (block size: 1.00 KB)

======================================================================
Test: lcet10.txt
Block Size: 1.00 KB
Input Size: 416.75 KB
Output Size: 417.16 KB
Compression Ratio: 1.0010
----------------------------------------------------------------------
Trials: 5
----------------------------------------------------------------------
Forward BWT:
  Mean:   40.0643 ms ± 120.9081 μs
  Min:    39.9606 ms
  Max:    40.2667 ms

Inverse BWT:
  Mean:   14.8124 ms ± 129.0152 μs
  Min:    14.6762 ms
  Max:    14.9518 ms

Total Roundtrip:
  Mean:   54.8767 ms ± 126.8851 μs
  Min:    54.7164 ms
  Max:    55.0374 ms

Throughput: 7.42 MB/s
======================================================================

[33/55] Running: lcet10.txt (block size: 4.00 KB)

======================================================================
Test: lcet10.txt
Block Size: 4.00 KB
Input Size: 416.75 KB
Output Size: 416.86 KB
Compression Ratio: 1.0002
----------------------------------------------------------------------
Trials: 5
----------------------------------------------------------------------
Forward BWT:
  Mean:   47.4648 ms ± 357.6426 μs
  Min:    47.1626 ms
  Max:    48.0265 ms

Inverse BWT:
  Mean:   11.4465 ms ± 198.5606 μs
  Min:    11.2664 ms
  Max:    11.7331 ms

Total Roundtrip:
  Mean:   58.9113 ms ± 475.9194 μs
  Min:    58.4370 ms
  Max:    59.5987 ms

Throughput: 6.91 MB/s
======================================================================

[34/55] Running: lcet10.txt (block size: 16.00 KB)

======================================================================
Test: lcet10.txt
Block Size: 16.00 KB
Input Size: 416.75 KB
Output Size: 416.78 KB
Compression Ratio: 1.0001
----------------------------------------------------------------------
Trials: 5
----------------------------------------------------------------------
Forward BWT:
  Mean:   55.4859 ms ± 635.4978 μs
  Min:    54.6251 ms
  Max:    56.2363 ms

Inverse BWT:
  Mean:   10.5859 ms ± 454.3206 μs
  Min:    10.1628 ms
  Max:    11.0857 ms

Total Roundtrip:
  Mean:   66.0717 ms ± 403.9645 μs
  Min:    65.6018 ms
  Max:    66.4892 ms

Throughput: 6.16 MB/s
======================================================================

[35/55] Running: lcet10.txt (block size: 64.00 KB)

======================================================================
Test: lcet10.txt
Block Size: 64.00 KB
Input Size: 416.75 KB
Output Size: 416.76 KB
Compression Ratio: 1.0000
----------------------------------------------------------------------
Trials: 5
----------------------------------------------------------------------
Forward BWT:
  Mean:   66.4316 ms ± 1.5590 ms
  Min:    64.6439 ms
  Max:    68.7782 ms

Inverse BWT:
  Mean:   10.3423 ms ± 244.4574 μs
  Min:    10.0893 ms
  Max:    10.7236 ms

Total Roundtrip:
  Mean:   76.7739 ms ± 1.6901 ms
  Min:    75.0681 ms
  Max:    79.5018 ms

Throughput: 5.30 MB/s
======================================================================

[36/55] Running: plrabn12.txt (block size: 512 B)

======================================================================
Test: plrabn12.txt
Block Size: 512 B
Input Size: 470.57 KB
Output Size: 471.49 KB
Compression Ratio: 1.0020
----------------------------------------------------------------------
Trials: 5
----------------------------------------------------------------------
Forward BWT:
  Mean:   41.3152 ms ± 730.8403 μs
  Min:    40.5217 ms
  Max:    42.2884 ms

Inverse BWT:
  Mean:   19.9696 ms ± 471.5464 μs
  Min:    19.4567 ms
  Max:    20.5414 ms

Total Roundtrip:
  Mean:   61.2849 ms ± 773.7563 μs
  Min:    59.9784 ms
  Max:    61.8259 ms

Throughput: 7.50 MB/s
======================================================================

[37/55] Running: plrabn12.txt (block size: 1.00 KB)

======================================================================
Test: plrabn12.txt
Block Size: 1.00 KB
Input Size: 470.57 KB
Output Size: 471.03 KB
Compression Ratio: 1.0010
----------------------------------------------------------------------
Trials: 5
----------------------------------------------------------------------
Forward BWT:
  Mean:   59.4869 ms ± 28.9831 ms
  Min:    43.4582 ms
  Max:    110.5630 ms

Inverse BWT:
  Mean:   20.6275 ms ± 5.7122 ms
  Min:    16.9698 ms
  Max:    30.5796 ms

Total Roundtrip:
  Mean:   80.1145 ms ± 34.6750 ms
  Min:    60.4933 ms
  Max:    141.1426 ms

Throughput: 5.74 MB/s
======================================================================

[38/55] Running: plrabn12.txt (block size: 4.00 KB)

======================================================================
Test: plrabn12.txt
Block Size: 4.00 KB
Input Size: 470.57 KB
Output Size: 470.68 KB
Compression Ratio: 1.0002
----------------------------------------------------------------------
Trials: 5
----------------------------------------------------------------------
Forward BWT:
  Mean:   50.4665 ms ± 3.3855 ms
  Min:    48.6244 ms
  Max:    56.5076 ms

Inverse BWT:
  Mean:   13.5201 ms ± 349.7416 μs
  Min:    13.1875 ms
  Max:    14.0704 ms

Total Roundtrip:
  Mean:   63.9866 ms ± 3.4628 ms
  Min:    61.9941 ms
  Max:    70.1535 ms

Throughput: 7.18 MB/s
======================================================================

[39/55] Running: plrabn12.txt (block size: 16.00 KB)

======================================================================
Test: plrabn12.txt
Block Size: 16.00 KB
Input Size: 470.57 KB
Output Size: 470.60 KB
Compression Ratio: 1.0001
----------------------------------------------------------------------
Trials: 5
----------------------------------------------------------------------
Forward BWT:
  Mean:   56.0980 ms ± 389.5244 μs
  Min:    55.5310 ms
  Max:    56.5541 ms

Inverse BWT:
  Mean:   12.1767 ms ± 367.1050 μs
  Min:    11.7906 ms
  Max:    12.5522 ms

Total Roundtrip:
  Mean:   68.2747 ms ± 404.0344 μs
  Min:    67.8471 ms
  Max:    68.9054 ms

Throughput: 6.73 MB/s
======================================================================

[40/55] Running: plrabn12.txt (block size: 64.00 KB)

======================================================================
Test: plrabn12.txt
Block Size: 64.00 KB
Input Size: 470.57 KB
Output Size: 470.58 KB
Compression Ratio: 1.0000
----------------------------------------------------------------------
Trials: 5
----------------------------------------------------------------------
Forward BWT:
  Mean:   65.7601 ms ± 817.3704 μs
  Min:    64.8472 ms
  Max:    66.9625 ms

Inverse BWT:
  Mean:   11.8625 ms ± 323.7732 μs
  Min:    11.4827 ms
  Max:    12.1428 ms

Total Roundtrip:
  Mean:   77.6227 ms ± 884.9303 μs
  Min:    76.8496 ms
  Max:    79.0467 ms

Throughput: 5.92 MB/s
======================================================================

[41/55] Running: ptt5 (block size: 512 B)

======================================================================
Test: ptt5
Block Size: 512 B
Input Size: 501.19 KB
Output Size: 502.17 KB
Compression Ratio: 1.0020
----------------------------------------------------------------------
Trials: 5
----------------------------------------------------------------------
Forward BWT:
  Mean:   97.3873 ms ± 3.4946 ms
  Min:    94.0700 ms
  Max:    103.1639 ms

Inverse BWT:
  Mean:   11.9368 ms ± 1.3937 ms
  Min:    10.8686 ms
  Max:    14.2965 ms

Total Roundtrip:
  Mean:   109.3242 ms ± 3.9090 ms
  Min:    105.0343 ms
  Max:    115.1195 ms

Throughput: 4.48 MB/s
======================================================================

[42/55] Running: ptt5 (block size: 1.00 KB)

======================================================================
Test: ptt5
Block Size: 1.00 KB
Input Size: 501.19 KB
Output Size: 501.68 KB
Compression Ratio: 1.0010
----------------------------------------------------------------------
Trials: 5
----------------------------------------------------------------------
Forward BWT:
  Mean:   108.0353 ms ± 11.3582 ms
  Min:    101.4034 ms
  Max:    128.2278 ms

Inverse BWT:
  Mean:   10.0580 ms ± 240.2155 μs
  Min:    9.7665 ms
  Max:    10.2996 ms

Total Roundtrip:
  Mean:   118.0933 ms ± 11.1817 ms
  Min:    111.5976 ms
  Max:    137.9943 ms

Throughput: 4.14 MB/s
======================================================================

[43/55] Running: ptt5 (block size: 4.00 KB)

======================================================================
Test: ptt5
Block Size: 4.00 KB
Input Size: 501.19 KB
Output Size: 501.31 KB
Compression Ratio: 1.0002
----------------------------------------------------------------------
Trials: 5
----------------------------------------------------------------------
Forward BWT:
  Mean:   124.4563 ms ± 1.2311 ms
  Min:    123.4092 ms
  Max:    126.1868 ms

Inverse BWT:
  Mean:   9.2101 ms ± 267.2628 μs
  Min:    8.8591 ms
  Max:    9.5787 ms

Total Roundtrip:
  Mean:   133.6665 ms ± 1.4277 ms
  Min:    132.2683 ms
  Max:    135.4765 ms

Throughput: 3.66 MB/s
======================================================================

[44/55] Running: ptt5 (block size: 16.00 KB)

======================================================================
Test: ptt5
Block Size: 16.00 KB
Input Size: 501.19 KB
Output Size: 501.22 KB
Compression Ratio: 1.0001
----------------------------------------------------------------------
Trials: 5
----------------------------------------------------------------------
Forward BWT:
  Mean:   199.0974 ms ± 76.7151 ms
  Min:    163.6550 ms
  Max:    336.3161 ms

Inverse BWT:
  Mean:   9.5185 ms ± 1.9136 ms
  Min:    8.4772 ms
  Max:    12.9340 ms

Total Roundtrip:
  Mean:   208.6159 ms ± 78.6226 ms
  Min:    172.4155 ms
  Max:    349.2501 ms

Throughput: 2.35 MB/s
======================================================================

[45/55] Running: ptt5 (block size: 64.00 KB)

======================================================================
Test: ptt5
Block Size: 64.00 KB
Input Size: 501.19 KB
Output Size: 501.20 KB
Compression Ratio: 1.0000
----------------------------------------------------------------------
Trials: 5
----------------------------------------------------------------------
Forward BWT:
  Mean:   241.9909 ms ± 4.3244 ms
  Min:    238.7399 ms
  Max:    249.5836 ms

Inverse BWT:
  Mean:   9.5080 ms ± 1.2216 ms
  Min:    8.7147 ms
  Max:    11.6666 ms

Total Roundtrip:
  Mean:   251.4989 ms ± 4.1376 ms
  Min:    247.8842 ms
  Max:    258.4388 ms

Throughput: 1.95 MB/s
======================================================================

[46/55] Running: sum (block size: 512 B)

======================================================================
Test: sum
Block Size: 512 B
Input Size: 37.34 KB
Output Size: 37.42 KB
Compression Ratio: 1.0020
----------------------------------------------------------------------
Trials: 5
----------------------------------------------------------------------
Forward BWT:
  Mean:   3.8901 ms ± 347.4005 μs
  Min:    3.6542 ms
  Max:    4.5048 ms

Inverse BWT:
  Mean:   1.7592 ms ± 66.9342 μs
  Min:    1.7059 ms
  Max:    1.8752 ms

Total Roundtrip:
  Mean:   5.6493 ms ± 350.3159 μs
  Min:    5.3788 ms
  Max:    6.2539 ms

Throughput: 6.46 MB/s
======================================================================

[47/55] Running: sum (block size: 1.00 KB)

======================================================================
Test: sum
Block Size: 1.00 KB
Input Size: 37.34 KB
Output Size: 37.38 KB
Compression Ratio: 1.0010
----------------------------------------------------------------------
Trials: 5
----------------------------------------------------------------------
Forward BWT:
  Mean:   4.1517 ms ± 123.5425 μs
  Min:    4.0075 ms
  Max:    4.3023 ms

Inverse BWT:
  Mean:   1.5448 ms ± 56.1389 μs
  Min:    1.4804 ms
  Max:    1.6042 ms

Total Roundtrip:
  Mean:   5.6965 ms ± 135.7323 μs
  Min:    5.5375 ms
  Max:    5.8517 ms

Throughput: 6.40 MB/s
======================================================================

[48/55] Running: sum (block size: 4.00 KB)

======================================================================
Test: sum
Block Size: 4.00 KB
Input Size: 37.34 KB
Output Size: 37.35 KB
Compression Ratio: 1.0003
----------------------------------------------------------------------
Trials: 5
----------------------------------------------------------------------
Forward BWT:
  Mean:   5.0405 ms ± 104.3697 μs
  Min:    4.9092 ms
  Max:    5.1929 ms

Inverse BWT:
  Mean:   1.2800 ms ± 54.1232 μs
  Min:    1.2301 ms
  Max:    1.3701 ms

Total Roundtrip:
  Mean:   6.3205 ms ± 138.6470 μs
  Min:    6.1393 ms
  Max:    6.4767 ms

Throughput: 5.77 MB/s
======================================================================

[49/55] Running: sum (block size: 16.00 KB)

======================================================================
Test: sum
Block Size: 16.00 KB
Input Size: 37.34 KB
Output Size: 37.35 KB
Compression Ratio: 1.0001
----------------------------------------------------------------------
Trials: 5
----------------------------------------------------------------------
Forward BWT:
  Mean:   6.2549 ms ± 118.5236 μs
  Min:    6.1488 ms
  Max:    6.4425 ms

Inverse BWT:
  Mean:   1.0535 ms ± 85.7551 μs
  Min:    990.8750 μs
  Max:    1.2031 ms

Total Roundtrip:
  Mean:   7.3084 ms ± 162.1344 μs
  Min:    7.1397 ms
  Max:    7.4862 ms

Throughput: 4.99 MB/s
======================================================================

[50/55] Running: sum (block size: 64.00 KB)

======================================================================
Test: sum
Block Size: 64.00 KB
Input Size: 37.34 KB
Output Size: 37.35 KB
Compression Ratio: 1.0001
----------------------------------------------------------------------
Trials: 5
----------------------------------------------------------------------
Forward BWT:
  Mean:   7.0420 ms ± 116.5559 μs
  Min:    6.8676 ms
  Max:    7.1599 ms

Inverse BWT:
  Mean:   980.9418 μs ± 37.5792 μs
  Min:    950.1250 μs
  Max:    1.0432 ms

Total Roundtrip:
  Mean:   8.0229 ms ± 144.7587 μs
  Min:    7.8227 ms
  Max:    8.1734 ms

Throughput: 4.55 MB/s
======================================================================

[51/55] Running: xargs.1 (block size: 512 B)

======================================================================
Test: xargs.1
Block Size: 512 B
Input Size: 4.13 KB
Output Size: 4.14 KB
Compression Ratio: 1.0024
----------------------------------------------------------------------
Trials: 5
----------------------------------------------------------------------
Forward BWT:
  Mean:   624.6832 μs ± 188.3397 μs
  Min:    524.7920 μs
  Max:    960.8750 μs

Inverse BWT:
  Mean:   347.6082 μs ± 23.3303 μs
  Min:    331.2920 μs
  Max:    388.2080 μs

Total Roundtrip:
  Mean:   972.2914 μs ± 210.7499 μs
  Min:    869.4170 μs
  Max:    1.3491 ms

Throughput: 4.15 MB/s
======================================================================

[52/55] Running: xargs.1 (block size: 1.00 KB)

======================================================================
Test: xargs.1
Block Size: 1.00 KB
Input Size: 4.13 KB
Output Size: 4.13 KB
Compression Ratio: 1.0014
----------------------------------------------------------------------
Trials: 5
----------------------------------------------------------------------
Forward BWT:
  Mean:   638.7832 μs ± 83.6697 μs
  Min:    564.0840 μs
  Max:    780.7080 μs

Inverse BWT:
  Mean:   302.9252 μs ± 5.8581 μs
  Min:    294.0000 μs
  Max:    308.0000 μs

Total Roundtrip:
  Mean:   941.7084 μs ± 78.7903 μs
  Min:    871.5010 μs
  Max:    1.0747 ms

Throughput: 4.28 MB/s
======================================================================

[53/55] Running: xargs.1 (block size: 4.00 KB)

======================================================================
Test: xargs.1
Block Size: 4.00 KB
Input Size: 4.13 KB
Output Size: 4.13 KB
Compression Ratio: 1.0007
----------------------------------------------------------------------
Trials: 5
----------------------------------------------------------------------
Forward BWT:
  Mean:   735.3750 μs ± 88.7251 μs
  Min:    650.8340 μs
  Max:    875.5420 μs

Inverse BWT:
  Mean:   295.9832 μs ± 31.8054 μs
  Min:    262.0000 μs
  Max:    345.1660 μs

Total Roundtrip:
  Mean:   1.0314 ms ± 120.2137 μs
  Min:    912.8340 μs
  Max:    1.2207 ms

Throughput: 3.91 MB/s
======================================================================

[54/55] Running: xargs.1 (block size: 16.00 KB)

======================================================================
Test: xargs.1
Block Size: 16.00 KB
Input Size: 4.13 KB
Output Size: 4.13 KB
Compression Ratio: 1.0005
----------------------------------------------------------------------
Trials: 5
----------------------------------------------------------------------
Forward BWT:
  Mean:   660.2250 μs ± 44.1436 μs
  Min:    628.8750 μs
  Max:    736.0000 μs

Inverse BWT:
  Mean:   263.8752 μs ± 20.6478 μs
  Min:    239.9170 μs
  Max:    294.7500 μs

Total Roundtrip:
  Mean:   924.1002 μs ± 62.4649 μs
  Min:    871.0420 μs
  Max:    1.0308 ms

Throughput: 4.36 MB/s
======================================================================

[55/55] Running: xargs.1 (block size: 64.00 KB)

======================================================================
Test: xargs.1
Block Size: 64.00 KB
Input Size: 4.13 KB
Output Size: 4.13 KB
Compression Ratio: 1.0005
----------------------------------------------------------------------
Trials: 5
----------------------------------------------------------------------
Forward BWT:
  Mean:   643.3750 μs ± 15.9887 μs
  Min:    623.1250 μs
  Max:    663.5830 μs

Inverse BWT:
  Mean:   253.8746 μs ± 4.0876 μs
  Min:    248.0000 μs
  Max:    258.6660 μs

Total Roundtrip:
  Mean:   897.2496 μs ± 13.9009 μs
  Min:    878.1660 μs
  Max:    915.4160 μs

Throughput: 4.49 MB/s
======================================================================

======================================================================
Performance Benchmark Complete!
Total tests completed: 55

======================================================================
Aggregate Statistics by Block Size (Entire Dataset)
======================================================================
Block Size  Total Size     Total Time     Throughput        Comp. Ratio 
------------------------------------------------------------------------
512 B       1.70 MB        278.5571 ms    6.10 MB/s         1.0020      
1.00 KB     1.70 MB        302.0287 ms    5.62 MB/s         1.0010      
4.00 KB     1.70 MB        308.4411 ms    5.51 MB/s         1.0003      
16.00 KB    1.70 MB        399.7669 ms    4.25 MB/s         1.0001      
64.00 KB    1.70 MB        469.8221 ms    3.62 MB/s         1.0000      
======================================================================
======================================================================
